#
# A fatal error has been detected by the Java Runtime Environment:
#
#  EXCEPTION_ACCESS_VIOLATION (0xc0000005) at pc=0x00007ffb2bd1d62c, pid=9656, tid=25784
#
# JRE version: OpenJDK Runtime Environment Temurin-11.0.14.1+1 (11.0.14.1+1) (build 11.0.14.1+1)
# Java VM: OpenJDK 64-Bit Server VM Temurin-11.0.14.1+1 (11.0.14.1+1, mixed mode, tiered, compressed oops, g1 gc, windows-amd64)
# Problematic frame:
# V  [jvm.dll+0x32d62c]
#
# No core dump will be written. Minidumps are not enabled by default on client versions of Windows
#
# If you would like to submit a bug report, please visit:
#   https://github.com/adoptium/adoptium-support/issues
#

---------------  S U M M A R Y ------------

Command Line: -agentlib:jdwp=transport=dt_socket,suspend=y,address=localhost:63205 -ea -javaagent:C:\Workspace_eclipse\eclipse\configuration\org.eclipse.osgi\225\0\.cp\lib\javaagent-shaded.jar -Dfile.encoding=UTF-8 org.eclipse.jdt.internal.junit.runner.RemoteTestRunner -version 3 -port 63204 -testLoaderClass org.eclipse.jdt.internal.junit5.runner.JUnit5TestLoader -loaderpluginname org.eclipse.jdt.junit5.runtime -classNames com.mediscreen.PatientRepositiryTest

Host: Intel(R) Core(TM) i7-8550U CPU @ 1.80GHz, 8 cores, 15G,  Windows 11 , 64 bit Build 22000 (10.0.22000.675)
Time: Sun Jun 12 18:22:53 2022 Paris, Madrid (heure d’été) elapsed time: 1023.683384 seconds (0d 0h 17m 3s)

---------------  T H R E A D  ---------------

Current thread (0x0000018843d33000):  VMThread "VM Thread" [stack: 0x0000002270200000,0x0000002270300000] [id=25784]

Stack: [0x0000002270200000,0x0000002270300000],  sp=0x00000022702feee0,  free space=1019k
Native frames: (J=compiled Java code, j=interpreted, Vv=VM code, C=native code)
V  [jvm.dll+0x32d62c]
V  [jvm.dll+0x32f72d]
V  [jvm.dll+0x33006e]
V  [jvm.dll+0x32d8cc]
V  [jvm.dll+0x32cb02]
V  [jvm.dll+0x60d4c5]
V  [jvm.dll+0x60d24d]
V  [jvm.dll+0x5d1d63]
V  [jvm.dll+0x4deac1]
V  [jvm.dll+0x7ae10c]
V  [jvm.dll+0x7b2247]
V  [jvm.dll+0x7b2ab9]
V  [jvm.dll+0x7b2e47]
V  [jvm.dll+0x766724]
V  [jvm.dll+0x61d3f6]
C  [ucrtbase.dll+0x26c0c]
C  [KERNEL32.DLL+0x154e0]
C  [ntdll.dll+0x485b]


siginfo: EXCEPTION_ACCESS_VIOLATION (0xc0000005), reading address 0x0000000000000006


Register to memory mapping:

RIP=0x00007ffb2bd1d62c jvm.dll
RAX=0x0 is NULL
RBX=0x00000022702ff1a0 points into unknown readable memory: 0x00007ffb2c2eb378 | 78 b3 2e 2c fb 7f 00 00
RCX=0x0 is NULL
RDX=0x0 is NULL
RSP=0x00000022702feee0 points into unknown readable memory: 0x0000000000000000 | 00 00 00 00 00 00 00 00
RBP=0x0 is NULL
RSI=0x0000000000000001 is an unknown value
RDI=0x00007ffb2c49adc8 jvm.dll
R8 =0x0 is NULL
R9 =0x0000018845e5b528 is pointing into metadata
R10=0x00007ffb2b9f0000 jvm.dll
R11=0x00000022702fef40 points into unknown readable memory: 0x00000022702ff1a0 | a0 f1 2f 70 22 00 00 00
R12=0x0000018843469f50 points into unknown readable memory: 0x0000000000000000 | 00 00 00 00 00 00 00 00
R13=0x0 is NULL
R14=0x0000018845e5c6fb is pointing into metadata
R15=0x000000000000008e is an unknown value


Registers:
RAX=0x0000000000000000, RBX=0x00000022702ff1a0, RCX=0x0000000000000000, RDX=0x0000000000000000
RSP=0x00000022702feee0, RBP=0x0000000000000000, RSI=0x0000000000000001, RDI=0x00007ffb2c49adc8
R8 =0x0000000000000000, R9 =0x0000018845e5b528, R10=0x00007ffb2b9f0000, R11=0x00000022702fef40
R12=0x0000018843469f50, R13=0x0000000000000000, R14=0x0000018845e5c6fb, R15=0x000000000000008e
RIP=0x00007ffb2bd1d62c, EFLAGS=0x0000000000010202

Top of Stack: (sp=0x00000022702feee0)
0x00000022702feee0:   0000000000000000 00007ffb2bd31b0a
0x00000022702feef0:   00000022702fef70 0000018843d33000
0x00000022702fef00:   000000004fffffff 0000000000000030
0x00000022702fef10:   000000004600000c 00007ffb2bc367fc
0x00000022702fef20:   0000c0cef95cb4ce 00007ffb2c4500e0
0x00000022702fef30:   0000018845e5c6fb 00000022702ff000
0x00000022702fef40:   00000022702ff1a0 00007ffb2bd1f72d
0x00000022702fef50:   0000018845e5c6f9 0000000000000023
0x00000022702fef60:   00000022702ff030 00000188243372e0
0x00000022702fef70:   0000000000000023 00007ffb2bd31b0a
0x00000022702fef80:   0000018845e5c7d8 0000018843d33000
0x00000022702fef90:   0000018845e5c6ef 00000000000000e6
0x00000022702fefa0:   0000018845e5c7d8 00007ffb2bb14a1e
0x00000022702fefb0:   000000000000008e 0000018845e5c6fb
0x00000022702fefc0:   00000022702ff030 00000000000000d1
0x00000022702fefd0:   00000000000000b4 00007ffb2bd2006e 

Instructions: (pc=0x00007ffb2bd1d62c)
0x00007ffb2bd1d52c:   81 8b 75 58 41 81 e0 ff ff ff 00 41 81 c8 00 00
0x00007ffb2bd1d53c:   00 47 48 8b cd 45 89 06 c7 45 58 01 00 00 00 e8
0x00007ffb2bd1d54c:   60 3a 00 00 66 83 7c 24 68 00 41 89 1e 89 75 58
0x00007ffb2bd1d55c:   74 40 8b 4c 24 70 49 ff c7 0f b7 c1 48 83 c7 08
0x00007ffb2bd1d56c:   4c 3b f8 0f 8c 4b ff ff ff 83 7d 5c 00 74 23 48
0x00007ffb2bd1d57c:   83 3d 4d d9 77 00 00 74 15 80 7d 42 00 74 0f 48
0x00007ffb2bd1d58c:   8d 15 26 ee 58 00 48 8b cd e8 e6 45 00 00 c6 45
0x00007ffb2bd1d59c:   42 00 4c 8b 74 24 28 4c 8b 6c 24 30 4c 8b 64 24
0x00007ffb2bd1d5ac:   38 48 8b 7c 24 40 48 8b 74 24 48 48 8b 5c 24 60
0x00007ffb2bd1d5bc:   4c 8b 7c 24 20 48 83 c4 50 5d c3 cc cc cc cc cc
0x00007ffb2bd1d5cc:   cc cc cc cc 48 89 5c 24 10 48 89 6c 24 18 56 57
0x00007ffb2bd1d5dc:   41 56 48 83 ec 50 48 8b 05 5f aa 74 00 48 33 c4
0x00007ffb2bd1d5ec:   48 89 44 24 40 48 8b 41 08 48 8b d9 41 8b e8 8b
0x00007ffb2bd1d5fc:   f2 45 33 c0 41 8b d1 48 8b 48 08 48 8b 79 08 48
0x00007ffb2bd1d60c:   8b cf e8 3d b1 f1 ff 8b d0 48 8b cf e8 93 df f1
0x00007ffb2bd1d61c:   ff 48 63 c8 48 8b 44 cf 40 48 8d 3d 9c d7 77 00
0x00007ffb2bd1d62c:   0f b6 48 06 8b 05 8e d7 77 00 80 f9 4c 74 2b 80
0x00007ffb2bd1d63c:   f9 5b 74 26 80 f9 4a 74 18 80 f9 44 74 13 80 f9
0x00007ffb2bd1d64c:   56 48 8d 15 84 d7 77 00 4c 8b d7 4c 0f 45 d2 eb
0x00007ffb2bd1d65c:   29 4c 8d 15 a4 d7 77 00 eb 20 8b 8c 24 90 00 00
0x00007ffb2bd1d66c:   00 4c 8d 54 24 30 81 e1 ff ff ff 00 89 44 24 34
0x00007ffb2bd1d67c:   81 c9 00 00 00 46 89 4c 24 30 45 33 c0 85 f6 74
0x00007ffb2bd1d68c:   05 49 8b fa eb 2a 41 8b 0a 85 c9 74 23 49 8b d0
0x00007ffb2bd1d69c:   4d 8b c8 90 42 89 4c 0c 20 48 8d 52 01 4c 8d 0c
0x00007ffb2bd1d6ac:   95 00 00 00 00 41 ff c0 43 8b 0c 11 85 c9 75 e4
0x00007ffb2bd1d6bc:   85 ed 75 10 8b 0d 96 50 71 00 49 63 d0 41 ff c0
0x00007ffb2bd1d6cc:   89 4c 94 20 49 63 c8 4c 8d 74 24 20 89 44 8c 20
0x00007ffb2bd1d6dc:   8b 74 24 20 85 f6 74 4c 48 63 53 58 85 d2 7f 18
0x00007ffb2bd1d6ec:   48 8d 15 e5 f4 54 00 48 8b cb e8 85 4f 00 00 44
0x00007ffb2bd1d6fc:   8b 05 ce d6 77 00 eb 16 48 63 4b 20 8d 42 ff 89
0x00007ffb2bd1d70c:   43 58 48 03 ca 48 8b 43 48 44 8b 44 88 fc 8b d6
0x00007ffb2bd1d71c:   48 8b cb e8 1c f1 ff ff 41 8b 76 04 49 83 c6 04 


Stack slot to memory mapping:
stack at sp + 0 slots: 0x0 is NULL
stack at sp + 1 slots: 0x00007ffb2bd31b0a jvm.dll
stack at sp + 2 slots: 0x00000022702fef70 points into unknown readable memory: 0x0000000000000023 | 23 00 00 00 00 00 00 00
stack at sp + 3 slots: 0x0000018843d33000 points into unknown readable memory: 0x00007ffb2c32a588 | 88 a5 32 2c fb 7f 00 00
stack at sp + 4 slots: 0x000000004fffffff is an unknown value
stack at sp + 5 slots: 0x0000000000000030 is an unknown value
stack at sp + 6 slots: 0x000000004600000c is an unknown value
stack at sp + 7 slots: 0x00007ffb2bc367fc jvm.dll

VM_Operation (0x0000002270cff530): GetOrSetLocal, mode: safepoint, requested by thread 0x00000188441de000


---------------  P R O C E S S  ---------------

Threads class SMR info:
_java_thread_list=0x00000188476129e0, length=16, elements={
0x0000018824344000, 0x0000018843d35800, 0x0000018843d60800, 0x0000018843db5800,
0x0000018843db6800, 0x0000018843db7800, 0x0000018843dc6000, 0x0000018843dca000,
0x0000018843dcb800, 0x0000018843eec800, 0x00000188441de000, 0x00000188441e0800,
0x0000018844091800, 0x0000018844f45800, 0x000001884a856800, 0x0000018847bd9000
}

Java Threads: ( => current thread )
  0x0000018824344000 JavaThread "main" [_thread_blocked, id=11460, stack(0x000000226fc00000,0x000000226fd00000)]
  0x0000018843d35800 JavaThread "Reference Handler" daemon [_thread_blocked, id=18696, stack(0x0000002270300000,0x0000002270400000)]
  0x0000018843d60800 JavaThread "Finalizer" daemon [_thread_blocked, id=30428, stack(0x0000002270400000,0x0000002270500000)]
  0x0000018843db5800 JavaThread "Signal Dispatcher" daemon [_thread_blocked, id=29948, stack(0x0000002270500000,0x0000002270600000)]
  0x0000018843db6800 JavaThread "Attach Listener" daemon [_thread_blocked, id=29372, stack(0x0000002270600000,0x0000002270700000)]
  0x0000018843db7800 JavaThread "Service Thread" daemon [_thread_blocked, id=24436, stack(0x0000002270700000,0x0000002270800000)]
  0x0000018843dc6000 JavaThread "C2 CompilerThread0" daemon [_thread_blocked, id=23524, stack(0x0000002270800000,0x0000002270900000)]
  0x0000018843dca000 JavaThread "C1 CompilerThread0" daemon [_thread_blocked, id=27940, stack(0x0000002270900000,0x0000002270a00000)]
  0x0000018843dcb800 JavaThread "Sweeper thread" daemon [_thread_blocked, id=13572, stack(0x0000002270a00000,0x0000002270b00000)]
  0x0000018843eec800 JavaThread "Common-Cleaner" daemon [_thread_blocked, id=27368, stack(0x0000002270b00000,0x0000002270c00000)]
  0x00000188441de000 JavaThread "JDWP Transport Listener: dt_socket" daemon [_thread_blocked, id=10460, stack(0x0000002270c00000,0x0000002270d00000)] _threads_hazard_ptr=0x00000188476129e0
  0x00000188441e0800 JavaThread "JDWP Event Helper Thread" daemon [_thread_blocked, id=25584, stack(0x0000002270d00000,0x0000002270e00000)]
  0x0000018844091800 JavaThread "JDWP Command Reader" daemon [_thread_in_native, id=24780, stack(0x0000002270e00000,0x0000002270f00000)]
  0x0000018844f45800 JavaThread "ReaderThread" [_thread_in_native, id=10436, stack(0x0000002271700000,0x0000002271800000)]
  0x000001884a856800 JavaThread "mysql-cj-abandoned-connection-cleanup" daemon [_thread_blocked, id=29976, stack(0x0000002271900000,0x0000002271a00000)]
  0x0000018847bd9000 JavaThread "HikariPool-1 housekeeper" daemon [_thread_blocked, id=27860, stack(0x0000002271b00000,0x0000002271c00000)]

Other Threads:
=>0x0000018843d33000 VMThread "VM Thread" [stack: 0x0000002270200000,0x0000002270300000] [id=25784]
  0x000001884506e000 WatcherThread [stack: 0x0000002271000000,0x0000002271100000] [id=29884]
  0x000001882435c000 GCTaskThread "GC Thread#0" [stack: 0x000000226fd00000,0x000000226fe00000] [id=30424]
  0x00000188449ce800 GCTaskThread "GC Thread#1" [stack: 0x0000002271200000,0x0000002271300000] [id=17576]
  0x00000188451aa000 GCTaskThread "GC Thread#2" [stack: 0x0000002271300000,0x0000002271400000] [id=30400]
  0x0000018845511000 GCTaskThread "GC Thread#3" [stack: 0x0000002271400000,0x0000002271500000] [id=28312]
  0x0000018845511800 GCTaskThread "GC Thread#4" [stack: 0x0000002271500000,0x0000002271600000] [id=17992]
  0x0000018845516800 GCTaskThread "GC Thread#5" [stack: 0x0000002271600000,0x0000002271700000] [id=27676]
  0x0000018845510000 GCTaskThread "GC Thread#6" [stack: 0x0000002271d00000,0x0000002271e00000] [id=6740]
  0x00000188243b9800 ConcurrentGCThread "G1 Main Marker" [stack: 0x000000226fe00000,0x000000226ff00000] [id=28744]
  0x00000188243bb000 ConcurrentGCThread "G1 Conc#0" [stack: 0x000000226ff00000,0x0000002270000000] [id=5352]
  0x0000018845512800 ConcurrentGCThread "G1 Conc#1" [stack: 0x0000002271800000,0x0000002271900000] [id=14920]
  0x0000018843399000 ConcurrentGCThread "G1 Refine#0" [stack: 0x0000002270000000,0x0000002270100000] [id=12484]
  0x000001884339a000 ConcurrentGCThread "G1 Young RemSet Sampling" [stack: 0x0000002270100000,0x0000002270200000] [id=11380]

Threads with active compile tasks:

VM state:at safepoint (normal execution)

VM Mutex/Monitor currently owned by a thread:  ([mutex/lock_event])
[0x000001882433f5e0] Threads_lock - owner thread: 0x0000018843d33000

Heap address: 0x0000000701e00000, size: 4066 MB, Compressed Oops mode: Zero based, Oop shift amount: 3
Narrow klass base: 0x0000000800000000, Narrow klass shift: 0
Compressed class space size: 1073741824 Address: 0x0000000800000000

Heap:
 garbage-first heap   total 315392K, used 159289K [0x0000000701e00000, 0x0000000800000000)
  region size 1024K, 134 young (137216K), 12 survivors (12288K)
 Metaspace       used 79772K, capacity 82046K, committed 82352K, reserved 1120256K
  class space    used 10020K, capacity 10910K, committed 11008K, reserved 1048576K
Heap Regions: E=young(eden), S=young(survivor), O=old, HS=humongous(starts), HC=humongous(continues), CS=collection set, F=free, A=archive, TAMS=top-at-mark-start (previous, next)
|   0|0x0000000701e00000, 0x0000000701f00000, 0x0000000701f00000|100%|HS|  |TAMS 0x0000000701f00000, 0x0000000701e00000| Complete 
|   1|0x0000000701f00000, 0x0000000702000000, 0x0000000702000000|100%| O|  |TAMS 0x0000000702000000, 0x0000000701f00000| Untracked 
|   2|0x0000000702000000, 0x0000000702100000, 0x0000000702100000|100%| O|  |TAMS 0x0000000702100000, 0x0000000702000000| Untracked 
|   3|0x0000000702100000, 0x0000000702200000, 0x0000000702200000|100%| O|  |TAMS 0x0000000702200000, 0x0000000702100000| Untracked 
|   4|0x0000000702200000, 0x0000000702300000, 0x0000000702300000|100%| O|  |TAMS 0x0000000702300000, 0x0000000702200000| Untracked 
|   5|0x0000000702300000, 0x0000000702400000, 0x0000000702400000|100%| O|  |TAMS 0x0000000702400000, 0x0000000702300000| Untracked 
|   6|0x0000000702400000, 0x0000000702500000, 0x0000000702500000|100%| O|  |TAMS 0x0000000702500000, 0x0000000702400000| Untracked 
|   7|0x0000000702500000, 0x0000000702600000, 0x0000000702600000|100%| O|  |TAMS 0x0000000702600000, 0x0000000702500000| Untracked 
|   8|0x0000000702600000, 0x0000000702700000, 0x0000000702700000|100%| O|  |TAMS 0x0000000702700000, 0x0000000702600000| Untracked 
|   9|0x0000000702700000, 0x0000000702800000, 0x0000000702800000|100%| O|  |TAMS 0x0000000702800000, 0x0000000702700000| Untracked 
|  10|0x0000000702800000, 0x0000000702900000, 0x0000000702900000|100%| O|  |TAMS 0x0000000702900000, 0x0000000702800000| Untracked 
|  11|0x0000000702900000, 0x0000000702a00000, 0x0000000702a00000|100%| O|  |TAMS 0x0000000702a00000, 0x0000000702900000| Untracked 
|  12|0x0000000702a00000, 0x0000000702b00000, 0x0000000702b00000|100%| O|  |TAMS 0x0000000702b00000, 0x0000000702a00000| Untracked 
|  13|0x0000000702b00000, 0x0000000702c00000, 0x0000000702c00000|100%| O|  |TAMS 0x0000000702c00000, 0x0000000702b00000| Untracked 
|  14|0x0000000702c00000, 0x0000000702d00000, 0x0000000702d00000|100%| O|  |TAMS 0x0000000702c39400, 0x0000000702c00000| Untracked 
|  15|0x0000000702d00000, 0x0000000702d00000, 0x0000000702e00000|  0%| F|  |TAMS 0x0000000702d00000, 0x0000000702d00000| Untracked 
|  16|0x0000000702e00000, 0x0000000702f00000, 0x0000000702f00000|100%| O|  |TAMS 0x0000000702e00000, 0x0000000702e00000| Untracked 
|  17|0x0000000702f00000, 0x0000000703000000, 0x0000000703000000|100%| O|  |TAMS 0x0000000702f00000, 0x0000000702f00000| Untracked 
|  18|0x0000000703000000, 0x0000000703100000, 0x0000000703100000|100%| O|  |TAMS 0x0000000703000000, 0x0000000703000000| Untracked 
|  19|0x0000000703100000, 0x0000000703200000, 0x0000000703200000|100%| O|  |TAMS 0x0000000703100000, 0x0000000703100000| Untracked 
|  20|0x0000000703200000, 0x0000000703200000, 0x0000000703300000|  0%| F|  |TAMS 0x0000000703200000, 0x0000000703200000| Untracked 
|  21|0x0000000703300000, 0x0000000703400000, 0x0000000703400000|100%| O|  |TAMS 0x0000000703300000, 0x0000000703300000| Untracked 
|  22|0x0000000703400000, 0x0000000703500000, 0x0000000703500000|100%| O|  |TAMS 0x0000000703400000, 0x0000000703400000| Untracked 
|  23|0x0000000703500000, 0x0000000703600000, 0x0000000703600000|100%| O|  |TAMS 0x0000000703500000, 0x0000000703500000| Untracked 
|  24|0x0000000703600000, 0x000000070368e400, 0x0000000703700000| 55%| O|  |TAMS 0x0000000703600000, 0x0000000703600000| Untracked 
|  25|0x0000000703700000, 0x0000000703700000, 0x0000000703800000|  0%| F|  |TAMS 0x0000000703700000, 0x0000000703700000| Untracked 
|  26|0x0000000703800000, 0x0000000703800000, 0x0000000703900000|  0%| F|  |TAMS 0x0000000703800000, 0x0000000703800000| Untracked 
|  27|0x0000000703900000, 0x0000000703900000, 0x0000000703a00000|  0%| F|  |TAMS 0x0000000703900000, 0x0000000703900000| Untracked 
|  28|0x0000000703a00000, 0x0000000703a00000, 0x0000000703b00000|  0%| F|  |TAMS 0x0000000703a00000, 0x0000000703a00000| Untracked 
|  29|0x0000000703b00000, 0x0000000703b00000, 0x0000000703c00000|  0%| F|  |TAMS 0x0000000703b00000, 0x0000000703b00000| Untracked 
|  30|0x0000000703c00000, 0x0000000703c00000, 0x0000000703d00000|  0%| F|  |TAMS 0x0000000703c00000, 0x0000000703c00000| Untracked 
|  31|0x0000000703d00000, 0x0000000703d00000, 0x0000000703e00000|  0%| F|  |TAMS 0x0000000703d00000, 0x0000000703d00000| Untracked 
|  32|0x0000000703e00000, 0x0000000703e00000, 0x0000000703f00000|  0%| F|  |TAMS 0x0000000703e00000, 0x0000000703e00000| Untracked 
|  33|0x0000000703f00000, 0x0000000703f00000, 0x0000000704000000|  0%| F|  |TAMS 0x0000000703f00000, 0x0000000703f00000| Untracked 
|  34|0x0000000704000000, 0x0000000704000000, 0x0000000704100000|  0%| F|  |TAMS 0x0000000704000000, 0x0000000704000000| Untracked 
|  35|0x0000000704100000, 0x0000000704100000, 0x0000000704200000|  0%| F|  |TAMS 0x0000000704100000, 0x0000000704100000| Untracked 
|  36|0x0000000704200000, 0x0000000704200000, 0x0000000704300000|  0%| F|  |TAMS 0x0000000704200000, 0x0000000704200000| Untracked 
|  37|0x0000000704300000, 0x0000000704300000, 0x0000000704400000|  0%| F|  |TAMS 0x0000000704300000, 0x0000000704300000| Untracked 
|  38|0x0000000704400000, 0x0000000704400000, 0x0000000704500000|  0%| F|  |TAMS 0x0000000704400000, 0x0000000704400000| Untracked 
|  39|0x0000000704500000, 0x0000000704500000, 0x0000000704600000|  0%| F|  |TAMS 0x0000000704500000, 0x0000000704500000| Untracked 
|  40|0x0000000704600000, 0x0000000704600000, 0x0000000704700000|  0%| F|  |TAMS 0x0000000704600000, 0x0000000704600000| Untracked 
|  41|0x0000000704700000, 0x0000000704700000, 0x0000000704800000|  0%| F|  |TAMS 0x0000000704700000, 0x0000000704700000| Untracked 
|  42|0x0000000704800000, 0x0000000704800000, 0x0000000704900000|  0%| F|  |TAMS 0x0000000704800000, 0x0000000704800000| Untracked 
|  43|0x0000000704900000, 0x0000000704900000, 0x0000000704a00000|  0%| F|  |TAMS 0x0000000704900000, 0x0000000704900000| Untracked 
|  44|0x0000000704a00000, 0x0000000704a00000, 0x0000000704b00000|  0%| F|  |TAMS 0x0000000704a00000, 0x0000000704a00000| Untracked 
|  45|0x0000000704b00000, 0x0000000704b00000, 0x0000000704c00000|  0%| F|  |TAMS 0x0000000704b00000, 0x0000000704b00000| Untracked 
|  46|0x0000000704c00000, 0x0000000704c00000, 0x0000000704d00000|  0%| F|  |TAMS 0x0000000704c00000, 0x0000000704c00000| Untracked 
|  47|0x0000000704d00000, 0x0000000704d00000, 0x0000000704e00000|  0%| F|  |TAMS 0x0000000704d00000, 0x0000000704d00000| Untracked 
|  48|0x0000000704e00000, 0x0000000704e00000, 0x0000000704f00000|  0%| F|  |TAMS 0x0000000704e00000, 0x0000000704e00000| Untracked 
|  49|0x0000000704f00000, 0x0000000704f00000, 0x0000000705000000|  0%| F|  |TAMS 0x0000000704f00000, 0x0000000704f00000| Untracked 
|  50|0x0000000705000000, 0x0000000705000000, 0x0000000705100000|  0%| F|  |TAMS 0x0000000705000000, 0x0000000705000000| Untracked 
|  51|0x0000000705100000, 0x0000000705100000, 0x0000000705200000|  0%| F|  |TAMS 0x0000000705100000, 0x0000000705100000| Untracked 
|  52|0x0000000705200000, 0x0000000705200000, 0x0000000705300000|  0%| F|  |TAMS 0x0000000705200000, 0x0000000705200000| Untracked 
|  53|0x0000000705300000, 0x0000000705300000, 0x0000000705400000|  0%| F|  |TAMS 0x0000000705300000, 0x0000000705300000| Untracked 
|  54|0x0000000705400000, 0x0000000705400000, 0x0000000705500000|  0%| F|  |TAMS 0x0000000705400000, 0x0000000705400000| Untracked 
|  55|0x0000000705500000, 0x0000000705500000, 0x0000000705600000|  0%| F|  |TAMS 0x0000000705500000, 0x0000000705500000| Untracked 
|  56|0x0000000705600000, 0x0000000705600000, 0x0000000705700000|  0%| F|  |TAMS 0x0000000705600000, 0x0000000705600000| Untracked 
|  57|0x0000000705700000, 0x0000000705700000, 0x0000000705800000|  0%| F|  |TAMS 0x0000000705700000, 0x0000000705700000| Untracked 
|  58|0x0000000705800000, 0x0000000705800000, 0x0000000705900000|  0%| F|  |TAMS 0x0000000705800000, 0x0000000705800000| Untracked 
|  59|0x0000000705900000, 0x0000000705900000, 0x0000000705a00000|  0%| F|  |TAMS 0x0000000705900000, 0x0000000705900000| Untracked 
|  60|0x0000000705a00000, 0x0000000705a00000, 0x0000000705b00000|  0%| F|  |TAMS 0x0000000705a00000, 0x0000000705a00000| Untracked 
|  61|0x0000000705b00000, 0x0000000705b00000, 0x0000000705c00000|  0%| F|  |TAMS 0x0000000705b00000, 0x0000000705b00000| Untracked 
|  62|0x0000000705c00000, 0x0000000705c00000, 0x0000000705d00000|  0%| F|  |TAMS 0x0000000705c00000, 0x0000000705c00000| Untracked 
|  63|0x0000000705d00000, 0x0000000705d00000, 0x0000000705e00000|  0%| F|  |TAMS 0x0000000705d00000, 0x0000000705d00000| Untracked 
|  64|0x0000000705e00000, 0x0000000705e00000, 0x0000000705f00000|  0%| F|  |TAMS 0x0000000705e00000, 0x0000000705e00000| Untracked 
|  65|0x0000000705f00000, 0x0000000705f00000, 0x0000000706000000|  0%| F|  |TAMS 0x0000000705f00000, 0x0000000705f00000| Untracked 
|  66|0x0000000706000000, 0x0000000706000000, 0x0000000706100000|  0%| F|  |TAMS 0x0000000706000000, 0x0000000706000000| Untracked 
|  67|0x0000000706100000, 0x0000000706100000, 0x0000000706200000|  0%| F|  |TAMS 0x0000000706100000, 0x0000000706100000| Untracked 
|  68|0x0000000706200000, 0x0000000706200000, 0x0000000706300000|  0%| F|  |TAMS 0x0000000706200000, 0x0000000706200000| Untracked 
|  69|0x0000000706300000, 0x0000000706300000, 0x0000000706400000|  0%| F|  |TAMS 0x0000000706300000, 0x0000000706300000| Untracked 
|  70|0x0000000706400000, 0x0000000706400000, 0x0000000706500000|  0%| F|  |TAMS 0x0000000706400000, 0x0000000706400000| Untracked 
|  71|0x0000000706500000, 0x0000000706500000, 0x0000000706600000|  0%| F|  |TAMS 0x0000000706500000, 0x0000000706500000| Untracked 
|  72|0x0000000706600000, 0x0000000706600000, 0x0000000706700000|  0%| F|  |TAMS 0x0000000706600000, 0x0000000706600000| Untracked 
|  73|0x0000000706700000, 0x0000000706700000, 0x0000000706800000|  0%| F|  |TAMS 0x0000000706700000, 0x0000000706700000| Untracked 
|  74|0x0000000706800000, 0x0000000706800000, 0x0000000706900000|  0%| F|  |TAMS 0x0000000706800000, 0x0000000706800000| Untracked 
|  75|0x0000000706900000, 0x0000000706900000, 0x0000000706a00000|  0%| F|  |TAMS 0x0000000706900000, 0x0000000706900000| Untracked 
|  76|0x0000000706a00000, 0x0000000706a00000, 0x0000000706b00000|  0%| F|  |TAMS 0x0000000706a00000, 0x0000000706a00000| Untracked 
|  77|0x0000000706b00000, 0x0000000706b00000, 0x0000000706c00000|  0%| F|  |TAMS 0x0000000706b00000, 0x0000000706b00000| Untracked 
|  78|0x0000000706c00000, 0x0000000706c00000, 0x0000000706d00000|  0%| F|  |TAMS 0x0000000706c00000, 0x0000000706c00000| Untracked 
|  79|0x0000000706d00000, 0x0000000706d00000, 0x0000000706e00000|  0%| F|  |TAMS 0x0000000706d00000, 0x0000000706d00000| Untracked 
|  80|0x0000000706e00000, 0x0000000706e00000, 0x0000000706f00000|  0%| F|  |TAMS 0x0000000706e00000, 0x0000000706e00000| Untracked 
|  81|0x0000000706f00000, 0x0000000706f00000, 0x0000000707000000|  0%| F|  |TAMS 0x0000000706f00000, 0x0000000706f00000| Untracked 
|  82|0x0000000707000000, 0x0000000707000000, 0x0000000707100000|  0%| F|  |TAMS 0x0000000707000000, 0x0000000707000000| Untracked 
|  83|0x0000000707100000, 0x0000000707100000, 0x0000000707200000|  0%| F|  |TAMS 0x0000000707100000, 0x0000000707100000| Untracked 
|  84|0x0000000707200000, 0x0000000707200000, 0x0000000707300000|  0%| F|  |TAMS 0x0000000707200000, 0x0000000707200000| Untracked 
|  85|0x0000000707300000, 0x0000000707300000, 0x0000000707400000|  0%| F|  |TAMS 0x0000000707300000, 0x0000000707300000| Untracked 
|  86|0x0000000707400000, 0x0000000707400000, 0x0000000707500000|  0%| F|  |TAMS 0x0000000707400000, 0x0000000707400000| Untracked 
|  87|0x0000000707500000, 0x0000000707500000, 0x0000000707600000|  0%| F|  |TAMS 0x0000000707500000, 0x0000000707500000| Untracked 
|  88|0x0000000707600000, 0x0000000707600000, 0x0000000707700000|  0%| F|  |TAMS 0x0000000707600000, 0x0000000707600000| Untracked 
|  89|0x0000000707700000, 0x0000000707700000, 0x0000000707800000|  0%| F|  |TAMS 0x0000000707700000, 0x0000000707700000| Untracked 
|  90|0x0000000707800000, 0x0000000707800000, 0x0000000707900000|  0%| F|  |TAMS 0x0000000707800000, 0x0000000707800000| Untracked 
|  91|0x0000000707900000, 0x0000000707900000, 0x0000000707a00000|  0%| F|  |TAMS 0x0000000707900000, 0x0000000707900000| Untracked 
|  92|0x0000000707a00000, 0x0000000707a00000, 0x0000000707b00000|  0%| F|  |TAMS 0x0000000707a00000, 0x0000000707a00000| Untracked 
|  93|0x0000000707b00000, 0x0000000707b00000, 0x0000000707c00000|  0%| F|  |TAMS 0x0000000707b00000, 0x0000000707b00000| Untracked 
|  94|0x0000000707c00000, 0x0000000707c00000, 0x0000000707d00000|  0%| F|  |TAMS 0x0000000707c00000, 0x0000000707c00000| Untracked 
|  95|0x0000000707d00000, 0x0000000707d00000, 0x0000000707e00000|  0%| F|  |TAMS 0x0000000707d00000, 0x0000000707d00000| Untracked 
|  96|0x0000000707e00000, 0x0000000707e00000, 0x0000000707f00000|  0%| F|  |TAMS 0x0000000707e00000, 0x0000000707e00000| Untracked 
|  97|0x0000000707f00000, 0x0000000707f00000, 0x0000000708000000|  0%| F|  |TAMS 0x0000000707f00000, 0x0000000707f00000| Untracked 
|  98|0x0000000708000000, 0x0000000708000000, 0x0000000708100000|  0%| F|  |TAMS 0x0000000708000000, 0x0000000708000000| Untracked 
|  99|0x0000000708100000, 0x0000000708100000, 0x0000000708200000|  0%| F|  |TAMS 0x0000000708100000, 0x0000000708100000| Untracked 
| 100|0x0000000708200000, 0x0000000708200000, 0x0000000708300000|  0%| F|  |TAMS 0x0000000708200000, 0x0000000708200000| Untracked 
| 101|0x0000000708300000, 0x0000000708300000, 0x0000000708400000|  0%| F|  |TAMS 0x0000000708300000, 0x0000000708300000| Untracked 
| 102|0x0000000708400000, 0x0000000708400000, 0x0000000708500000|  0%| F|  |TAMS 0x0000000708400000, 0x0000000708400000| Untracked 
| 103|0x0000000708500000, 0x0000000708500000, 0x0000000708600000|  0%| F|  |TAMS 0x0000000708500000, 0x0000000708500000| Untracked 
| 104|0x0000000708600000, 0x0000000708600000, 0x0000000708700000|  0%| F|  |TAMS 0x0000000708600000, 0x0000000708600000| Untracked 
| 105|0x0000000708700000, 0x0000000708700000, 0x0000000708800000|  0%| F|  |TAMS 0x0000000708700000, 0x0000000708700000| Untracked 
| 106|0x0000000708800000, 0x0000000708800000, 0x0000000708900000|  0%| F|  |TAMS 0x0000000708800000, 0x0000000708800000| Untracked 
| 107|0x0000000708900000, 0x0000000708900000, 0x0000000708a00000|  0%| F|  |TAMS 0x0000000708900000, 0x0000000708900000| Untracked 
| 108|0x0000000708a00000, 0x0000000708a00000, 0x0000000708b00000|  0%| F|  |TAMS 0x0000000708a00000, 0x0000000708a00000| Untracked 
| 109|0x0000000708b00000, 0x0000000708b00000, 0x0000000708c00000|  0%| F|  |TAMS 0x0000000708b00000, 0x0000000708b00000| Untracked 
| 110|0x0000000708c00000, 0x0000000708c00000, 0x0000000708d00000|  0%| F|  |TAMS 0x0000000708c00000, 0x0000000708c00000| Untracked 
| 111|0x0000000708d00000, 0x0000000708d00000, 0x0000000708e00000|  0%| F|  |TAMS 0x0000000708d00000, 0x0000000708d00000| Untracked 
| 112|0x0000000708e00000, 0x0000000708f00000, 0x0000000708f00000|100%| S|CS|TAMS 0x0000000708e00000, 0x0000000708e00000| Complete 
| 113|0x0000000708f00000, 0x0000000709000000, 0x0000000709000000|100%| S|CS|TAMS 0x0000000708f00000, 0x0000000708f00000| Complete 
| 114|0x0000000709000000, 0x0000000709100000, 0x0000000709100000|100%| S|CS|TAMS 0x0000000709000000, 0x0000000709000000| Complete 
| 115|0x0000000709100000, 0x0000000709200000, 0x0000000709200000|100%| S|CS|TAMS 0x0000000709100000, 0x0000000709100000| Complete 
| 116|0x0000000709200000, 0x0000000709300000, 0x0000000709300000|100%| S|CS|TAMS 0x0000000709200000, 0x0000000709200000| Complete 
| 117|0x0000000709300000, 0x0000000709400000, 0x0000000709400000|100%| S|CS|TAMS 0x0000000709300000, 0x0000000709300000| Complete 
| 118|0x0000000709400000, 0x0000000709500000, 0x0000000709500000|100%| S|CS|TAMS 0x0000000709400000, 0x0000000709400000| Complete 
| 119|0x0000000709500000, 0x0000000709600000, 0x0000000709600000|100%| S|CS|TAMS 0x0000000709500000, 0x0000000709500000| Complete 
| 120|0x0000000709600000, 0x0000000709700000, 0x0000000709700000|100%| S|CS|TAMS 0x0000000709600000, 0x0000000709600000| Complete 
| 121|0x0000000709700000, 0x0000000709800000, 0x0000000709800000|100%| S|CS|TAMS 0x0000000709700000, 0x0000000709700000| Complete 
| 122|0x0000000709800000, 0x0000000709900000, 0x0000000709900000|100%| S|CS|TAMS 0x0000000709800000, 0x0000000709800000| Complete 
| 123|0x0000000709900000, 0x0000000709a00000, 0x0000000709a00000|100%| S|CS|TAMS 0x0000000709900000, 0x0000000709900000| Complete 
| 124|0x0000000709a00000, 0x0000000709a00000, 0x0000000709b00000|  0%| F|  |TAMS 0x0000000709a00000, 0x0000000709a00000| Untracked 
| 125|0x0000000709b00000, 0x0000000709b00000, 0x0000000709c00000|  0%| F|  |TAMS 0x0000000709b00000, 0x0000000709b00000| Untracked 
| 126|0x0000000709c00000, 0x0000000709c00000, 0x0000000709d00000|  0%| F|  |TAMS 0x0000000709c00000, 0x0000000709c00000| Untracked 
| 127|0x0000000709d00000, 0x0000000709d00000, 0x0000000709e00000|  0%| F|  |TAMS 0x0000000709d00000, 0x0000000709d00000| Untracked 
| 128|0x0000000709e00000, 0x0000000709e00000, 0x0000000709f00000|  0%| F|  |TAMS 0x0000000709e00000, 0x0000000709e00000| Untracked 
| 129|0x0000000709f00000, 0x0000000709f00000, 0x000000070a000000|  0%| F|  |TAMS 0x0000000709f00000, 0x0000000709f00000| Untracked 
| 130|0x000000070a000000, 0x000000070a000000, 0x000000070a100000|  0%| F|  |TAMS 0x000000070a000000, 0x000000070a000000| Untracked 
| 131|0x000000070a100000, 0x000000070a100000, 0x000000070a200000|  0%| F|  |TAMS 0x000000070a100000, 0x000000070a100000| Untracked 
| 132|0x000000070a200000, 0x000000070a200000, 0x000000070a300000|  0%| F|  |TAMS 0x000000070a200000, 0x000000070a200000| Untracked 
| 133|0x000000070a300000, 0x000000070a300000, 0x000000070a400000|  0%| F|  |TAMS 0x000000070a300000, 0x000000070a300000| Untracked 
| 134|0x000000070a400000, 0x000000070a400000, 0x000000070a500000|  0%| F|  |TAMS 0x000000070a400000, 0x000000070a400000| Untracked 
| 135|0x000000070a500000, 0x000000070a500000, 0x000000070a600000|  0%| F|  |TAMS 0x000000070a500000, 0x000000070a500000| Untracked 
| 136|0x000000070a600000, 0x000000070a600000, 0x000000070a700000|  0%| F|  |TAMS 0x000000070a600000, 0x000000070a600000| Untracked 
| 137|0x000000070a700000, 0x000000070a700000, 0x000000070a800000|  0%| F|  |TAMS 0x000000070a700000, 0x000000070a700000| Untracked 
| 138|0x000000070a800000, 0x000000070a800000, 0x000000070a900000|  0%| F|  |TAMS 0x000000070a800000, 0x000000070a800000| Untracked 
| 139|0x000000070a900000, 0x000000070a900000, 0x000000070aa00000|  0%| F|  |TAMS 0x000000070a900000, 0x000000070a900000| Untracked 
| 140|0x000000070aa00000, 0x000000070aa00000, 0x000000070ab00000|  0%| F|  |TAMS 0x000000070aa00000, 0x000000070aa00000| Untracked 
| 141|0x000000070ab00000, 0x000000070ab00000, 0x000000070ac00000|  0%| F|  |TAMS 0x000000070ab00000, 0x000000070ab00000| Untracked 
| 142|0x000000070ac00000, 0x000000070ac00000, 0x000000070ad00000|  0%| F|  |TAMS 0x000000070ac00000, 0x000000070ac00000| Untracked 
| 143|0x000000070ad00000, 0x000000070ad00000, 0x000000070ae00000|  0%| F|  |TAMS 0x000000070ad00000, 0x000000070ad00000| Untracked 
| 144|0x000000070ae00000, 0x000000070ae00000, 0x000000070af00000|  0%| F|  |TAMS 0x000000070ae00000, 0x000000070ae00000| Untracked 
| 145|0x000000070af00000, 0x000000070af00000, 0x000000070b000000|  0%| F|  |TAMS 0x000000070af00000, 0x000000070af00000| Untracked 
| 146|0x000000070b000000, 0x000000070b000000, 0x000000070b100000|  0%| F|  |TAMS 0x000000070b000000, 0x000000070b000000| Untracked 
| 147|0x000000070b100000, 0x000000070b100000, 0x000000070b200000|  0%| F|  |TAMS 0x000000070b100000, 0x000000070b100000| Untracked 
| 148|0x000000070b200000, 0x000000070b200000, 0x000000070b300000|  0%| F|  |TAMS 0x000000070b200000, 0x000000070b200000| Untracked 
| 149|0x000000070b300000, 0x000000070b300000, 0x000000070b400000|  0%| F|  |TAMS 0x000000070b300000, 0x000000070b300000| Untracked 
| 150|0x000000070b400000, 0x000000070b400000, 0x000000070b500000|  0%| F|  |TAMS 0x000000070b400000, 0x000000070b400000| Untracked 
| 151|0x000000070b500000, 0x000000070b500000, 0x000000070b600000|  0%| F|  |TAMS 0x000000070b500000, 0x000000070b500000| Untracked 
| 152|0x000000070b600000, 0x000000070b600000, 0x000000070b700000|  0%| F|  |TAMS 0x000000070b600000, 0x000000070b600000| Untracked 
| 153|0x000000070b700000, 0x000000070b700000, 0x000000070b800000|  0%| F|  |TAMS 0x000000070b700000, 0x000000070b700000| Untracked 
| 154|0x000000070b800000, 0x000000070b800000, 0x000000070b900000|  0%| F|  |TAMS 0x000000070b800000, 0x000000070b800000| Untracked 
| 155|0x000000070b900000, 0x000000070b900000, 0x000000070ba00000|  0%| F|  |TAMS 0x000000070b900000, 0x000000070b900000| Untracked 
| 156|0x000000070ba00000, 0x000000070ba00000, 0x000000070bb00000|  0%| F|  |TAMS 0x000000070ba00000, 0x000000070ba00000| Untracked 
| 157|0x000000070bb00000, 0x000000070bb00000, 0x000000070bc00000|  0%| F|  |TAMS 0x000000070bb00000, 0x000000070bb00000| Untracked 
| 158|0x000000070bc00000, 0x000000070bc00000, 0x000000070bd00000|  0%| F|  |TAMS 0x000000070bc00000, 0x000000070bc00000| Untracked 
| 159|0x000000070bd00000, 0x000000070bd00000, 0x000000070be00000|  0%| F|  |TAMS 0x000000070bd00000, 0x000000070bd00000| Untracked 
| 160|0x000000070be00000, 0x000000070be00000, 0x000000070bf00000|  0%| F|  |TAMS 0x000000070be00000, 0x000000070be00000| Untracked 
| 161|0x000000070bf00000, 0x000000070bf00000, 0x000000070c000000|  0%| F|  |TAMS 0x000000070bf00000, 0x000000070bf00000| Untracked 
| 162|0x000000070c000000, 0x000000070c000000, 0x000000070c100000|  0%| F|  |TAMS 0x000000070c000000, 0x000000070c000000| Untracked 
| 163|0x000000070c100000, 0x000000070c100000, 0x000000070c200000|  0%| F|  |TAMS 0x000000070c100000, 0x000000070c100000| Untracked 
| 164|0x000000070c200000, 0x000000070c200000, 0x000000070c300000|  0%| F|  |TAMS 0x000000070c200000, 0x000000070c200000| Untracked 
| 165|0x000000070c300000, 0x000000070c300000, 0x000000070c400000|  0%| F|  |TAMS 0x000000070c300000, 0x000000070c300000| Untracked 
| 166|0x000000070c400000, 0x000000070c400000, 0x000000070c500000|  0%| F|  |TAMS 0x000000070c400000, 0x000000070c400000| Untracked 
| 167|0x000000070c500000, 0x000000070c500000, 0x000000070c600000|  0%| F|  |TAMS 0x000000070c500000, 0x000000070c500000| Untracked 
| 168|0x000000070c600000, 0x000000070c600000, 0x000000070c700000|  0%| F|  |TAMS 0x000000070c600000, 0x000000070c600000| Untracked 
| 169|0x000000070c700000, 0x000000070c700000, 0x000000070c800000|  0%| F|  |TAMS 0x000000070c700000, 0x000000070c700000| Untracked 
| 170|0x000000070c800000, 0x000000070c800000, 0x000000070c900000|  0%| F|  |TAMS 0x000000070c800000, 0x000000070c800000| Untracked 
| 171|0x000000070c900000, 0x000000070c900000, 0x000000070ca00000|  0%| F|  |TAMS 0x000000070c900000, 0x000000070c900000| Untracked 
| 172|0x000000070ca00000, 0x000000070ca00000, 0x000000070cb00000|  0%| F|  |TAMS 0x000000070ca00000, 0x000000070ca00000| Untracked 
| 173|0x000000070cb00000, 0x000000070cb00000, 0x000000070cc00000|  0%| F|  |TAMS 0x000000070cb00000, 0x000000070cb00000| Untracked 
| 174|0x000000070cc00000, 0x000000070cc00000, 0x000000070cd00000|  0%| F|  |TAMS 0x000000070cc00000, 0x000000070cc00000| Untracked 
| 175|0x000000070cd00000, 0x000000070cd00000, 0x000000070ce00000|  0%| F|  |TAMS 0x000000070cd00000, 0x000000070cd00000| Untracked 
| 176|0x000000070ce00000, 0x000000070ce00000, 0x000000070cf00000|  0%| F|  |TAMS 0x000000070ce00000, 0x000000070ce00000| Untracked 
| 177|0x000000070cf00000, 0x000000070cf00000, 0x000000070d000000|  0%| F|  |TAMS 0x000000070cf00000, 0x000000070cf00000| Untracked 
| 178|0x000000070d000000, 0x000000070d000000, 0x000000070d100000|  0%| F|  |TAMS 0x000000070d000000, 0x000000070d000000| Untracked 
| 179|0x000000070d100000, 0x000000070d100000, 0x000000070d200000|  0%| F|  |TAMS 0x000000070d100000, 0x000000070d100000| Untracked 
| 180|0x000000070d200000, 0x000000070d200000, 0x000000070d300000|  0%| F|  |TAMS 0x000000070d200000, 0x000000070d200000| Untracked 
| 181|0x000000070d300000, 0x000000070d300000, 0x000000070d400000|  0%| F|  |TAMS 0x000000070d300000, 0x000000070d300000| Untracked 
| 182|0x000000070d400000, 0x000000070d400000, 0x000000070d500000|  0%| F|  |TAMS 0x000000070d400000, 0x000000070d400000| Untracked 
| 183|0x000000070d500000, 0x000000070d500000, 0x000000070d600000|  0%| F|  |TAMS 0x000000070d500000, 0x000000070d500000| Untracked 
| 184|0x000000070d600000, 0x000000070d600000, 0x000000070d700000|  0%| F|  |TAMS 0x000000070d600000, 0x000000070d600000| Untracked 
| 185|0x000000070d700000, 0x000000070d700000, 0x000000070d800000|  0%| F|  |TAMS 0x000000070d700000, 0x000000070d700000| Untracked 
| 186|0x000000070d800000, 0x000000070d8ede58, 0x000000070d900000| 92%| E|  |TAMS 0x000000070d800000, 0x000000070d800000| Complete 
| 187|0x000000070d900000, 0x000000070da00000, 0x000000070da00000|100%| E|CS|TAMS 0x000000070d900000, 0x000000070d900000| Complete 
| 188|0x000000070da00000, 0x000000070db00000, 0x000000070db00000|100%| E|CS|TAMS 0x000000070da00000, 0x000000070da00000| Complete 
| 189|0x000000070db00000, 0x000000070dc00000, 0x000000070dc00000|100%| E|CS|TAMS 0x000000070db00000, 0x000000070db00000| Complete 
| 190|0x000000070dc00000, 0x000000070dd00000, 0x000000070dd00000|100%| E|CS|TAMS 0x000000070dc00000, 0x000000070dc00000| Complete 
| 191|0x000000070dd00000, 0x000000070de00000, 0x000000070de00000|100%| E|CS|TAMS 0x000000070dd00000, 0x000000070dd00000| Complete 
| 192|0x000000070de00000, 0x000000070df00000, 0x000000070df00000|100%| E|CS|TAMS 0x000000070de00000, 0x000000070de00000| Complete 
| 193|0x000000070df00000, 0x000000070e000000, 0x000000070e000000|100%| E|CS|TAMS 0x000000070df00000, 0x000000070df00000| Complete 
| 194|0x000000070e000000, 0x000000070e100000, 0x000000070e100000|100%| E|CS|TAMS 0x000000070e000000, 0x000000070e000000| Complete 
| 195|0x000000070e100000, 0x000000070e200000, 0x000000070e200000|100%| E|CS|TAMS 0x000000070e100000, 0x000000070e100000| Complete 
| 196|0x000000070e200000, 0x000000070e300000, 0x000000070e300000|100%| E|CS|TAMS 0x000000070e200000, 0x000000070e200000| Complete 
| 197|0x000000070e300000, 0x000000070e400000, 0x000000070e400000|100%| E|CS|TAMS 0x000000070e300000, 0x000000070e300000| Complete 
| 198|0x000000070e400000, 0x000000070e500000, 0x000000070e500000|100%| E|CS|TAMS 0x000000070e400000, 0x000000070e400000| Complete 
| 199|0x000000070e500000, 0x000000070e600000, 0x000000070e600000|100%| E|CS|TAMS 0x000000070e500000, 0x000000070e500000| Complete 
| 200|0x000000070e600000, 0x000000070e700000, 0x000000070e700000|100%| E|CS|TAMS 0x000000070e600000, 0x000000070e600000| Complete 
| 201|0x000000070e700000, 0x000000070e800000, 0x000000070e800000|100%| E|CS|TAMS 0x000000070e700000, 0x000000070e700000| Complete 
| 202|0x000000070e800000, 0x000000070e900000, 0x000000070e900000|100%| E|CS|TAMS 0x000000070e800000, 0x000000070e800000| Complete 
| 203|0x000000070e900000, 0x000000070ea00000, 0x000000070ea00000|100%| E|CS|TAMS 0x000000070e900000, 0x000000070e900000| Complete 
| 204|0x000000070ea00000, 0x000000070eb00000, 0x000000070eb00000|100%| E|CS|TAMS 0x000000070ea00000, 0x000000070ea00000| Complete 
| 205|0x000000070eb00000, 0x000000070ec00000, 0x000000070ec00000|100%| E|CS|TAMS 0x000000070eb00000, 0x000000070eb00000| Complete 
| 206|0x000000070ec00000, 0x000000070ed00000, 0x000000070ed00000|100%| E|CS|TAMS 0x000000070ec00000, 0x000000070ec00000| Complete 
| 207|0x000000070ed00000, 0x000000070ee00000, 0x000000070ee00000|100%| E|CS|TAMS 0x000000070ed00000, 0x000000070ed00000| Complete 
| 208|0x000000070ee00000, 0x000000070ef00000, 0x000000070ef00000|100%| E|CS|TAMS 0x000000070ee00000, 0x000000070ee00000| Complete 
| 209|0x000000070ef00000, 0x000000070f000000, 0x000000070f000000|100%| E|CS|TAMS 0x000000070ef00000, 0x000000070ef00000| Complete 
| 210|0x000000070f000000, 0x000000070f100000, 0x000000070f100000|100%| E|CS|TAMS 0x000000070f000000, 0x000000070f000000| Complete 
| 211|0x000000070f100000, 0x000000070f200000, 0x000000070f200000|100%| E|CS|TAMS 0x000000070f100000, 0x000000070f100000| Complete 
| 212|0x000000070f200000, 0x000000070f300000, 0x000000070f300000|100%| E|CS|TAMS 0x000000070f200000, 0x000000070f200000| Complete 
| 213|0x000000070f300000, 0x000000070f400000, 0x000000070f400000|100%| E|CS|TAMS 0x000000070f300000, 0x000000070f300000| Complete 
| 214|0x000000070f400000, 0x000000070f500000, 0x000000070f500000|100%| E|CS|TAMS 0x000000070f400000, 0x000000070f400000| Complete 
| 215|0x000000070f500000, 0x000000070f600000, 0x000000070f600000|100%| E|CS|TAMS 0x000000070f500000, 0x000000070f500000| Complete 
| 216|0x000000070f600000, 0x000000070f700000, 0x000000070f700000|100%| E|CS|TAMS 0x000000070f600000, 0x000000070f600000| Complete 
| 217|0x000000070f700000, 0x000000070f800000, 0x000000070f800000|100%| E|CS|TAMS 0x000000070f700000, 0x000000070f700000| Complete 
| 218|0x000000070f800000, 0x000000070f900000, 0x000000070f900000|100%| E|CS|TAMS 0x000000070f800000, 0x000000070f800000| Complete 
| 219|0x000000070f900000, 0x000000070fa00000, 0x000000070fa00000|100%| E|CS|TAMS 0x000000070f900000, 0x000000070f900000| Complete 
| 220|0x000000070fa00000, 0x000000070fb00000, 0x000000070fb00000|100%| E|CS|TAMS 0x000000070fa00000, 0x000000070fa00000| Complete 
| 221|0x000000070fb00000, 0x000000070fc00000, 0x000000070fc00000|100%| E|CS|TAMS 0x000000070fb00000, 0x000000070fb00000| Complete 
| 222|0x000000070fc00000, 0x000000070fd00000, 0x000000070fd00000|100%| E|CS|TAMS 0x000000070fc00000, 0x000000070fc00000| Complete 
| 223|0x000000070fd00000, 0x000000070fe00000, 0x000000070fe00000|100%| E|CS|TAMS 0x000000070fd00000, 0x000000070fd00000| Complete 
| 224|0x000000070fe00000, 0x000000070ff00000, 0x000000070ff00000|100%| E|CS|TAMS 0x000000070fe00000, 0x000000070fe00000| Complete 
| 225|0x000000070ff00000, 0x0000000710000000, 0x0000000710000000|100%| E|CS|TAMS 0x000000070ff00000, 0x000000070ff00000| Complete 
| 226|0x0000000710000000, 0x0000000710100000, 0x0000000710100000|100%| E|CS|TAMS 0x0000000710000000, 0x0000000710000000| Complete 
| 227|0x0000000710100000, 0x0000000710200000, 0x0000000710200000|100%| E|CS|TAMS 0x0000000710100000, 0x0000000710100000| Complete 
| 228|0x0000000710200000, 0x0000000710300000, 0x0000000710300000|100%| E|CS|TAMS 0x0000000710200000, 0x0000000710200000| Complete 
| 229|0x0000000710300000, 0x0000000710400000, 0x0000000710400000|100%| E|CS|TAMS 0x0000000710300000, 0x0000000710300000| Complete 
| 230|0x0000000710400000, 0x0000000710500000, 0x0000000710500000|100%| E|CS|TAMS 0x0000000710400000, 0x0000000710400000| Complete 
| 231|0x0000000710500000, 0x0000000710600000, 0x0000000710600000|100%| E|CS|TAMS 0x0000000710500000, 0x0000000710500000| Complete 
| 232|0x0000000710600000, 0x0000000710700000, 0x0000000710700000|100%| E|CS|TAMS 0x0000000710600000, 0x0000000710600000| Complete 
| 233|0x0000000710700000, 0x0000000710800000, 0x0000000710800000|100%| E|CS|TAMS 0x0000000710700000, 0x0000000710700000| Complete 
| 234|0x0000000710800000, 0x0000000710900000, 0x0000000710900000|100%| E|CS|TAMS 0x0000000710800000, 0x0000000710800000| Complete 
| 235|0x0000000710900000, 0x0000000710a00000, 0x0000000710a00000|100%| E|CS|TAMS 0x0000000710900000, 0x0000000710900000| Complete 
| 236|0x0000000710a00000, 0x0000000710b00000, 0x0000000710b00000|100%| E|CS|TAMS 0x0000000710a00000, 0x0000000710a00000| Complete 
| 237|0x0000000710b00000, 0x0000000710c00000, 0x0000000710c00000|100%| E|CS|TAMS 0x0000000710b00000, 0x0000000710b00000| Complete 
| 238|0x0000000710c00000, 0x0000000710d00000, 0x0000000710d00000|100%| E|CS|TAMS 0x0000000710c00000, 0x0000000710c00000| Complete 
| 239|0x0000000710d00000, 0x0000000710e00000, 0x0000000710e00000|100%| E|CS|TAMS 0x0000000710d00000, 0x0000000710d00000| Complete 
| 240|0x0000000710e00000, 0x0000000710f00000, 0x0000000710f00000|100%| E|CS|TAMS 0x0000000710e00000, 0x0000000710e00000| Complete 
| 241|0x0000000710f00000, 0x0000000711000000, 0x0000000711000000|100%| E|CS|TAMS 0x0000000710f00000, 0x0000000710f00000| Complete 
| 242|0x0000000711000000, 0x0000000711100000, 0x0000000711100000|100%| E|CS|TAMS 0x0000000711000000, 0x0000000711000000| Complete 
| 243|0x0000000711100000, 0x0000000711200000, 0x0000000711200000|100%| E|CS|TAMS 0x0000000711100000, 0x0000000711100000| Complete 
| 244|0x0000000711200000, 0x0000000711300000, 0x0000000711300000|100%| E|CS|TAMS 0x0000000711200000, 0x0000000711200000| Complete 
| 245|0x0000000711300000, 0x0000000711400000, 0x0000000711400000|100%| E|CS|TAMS 0x0000000711300000, 0x0000000711300000| Complete 
| 246|0x0000000711400000, 0x0000000711500000, 0x0000000711500000|100%| E|CS|TAMS 0x0000000711400000, 0x0000000711400000| Complete 
| 247|0x0000000711500000, 0x0000000711600000, 0x0000000711600000|100%| E|CS|TAMS 0x0000000711500000, 0x0000000711500000| Complete 
| 248|0x0000000711600000, 0x0000000711700000, 0x0000000711700000|100%| E|CS|TAMS 0x0000000711600000, 0x0000000711600000| Complete 
| 249|0x0000000711700000, 0x0000000711800000, 0x0000000711800000|100%| E|CS|TAMS 0x0000000711700000, 0x0000000711700000| Complete 
| 250|0x0000000711800000, 0x0000000711900000, 0x0000000711900000|100%| E|CS|TAMS 0x0000000711800000, 0x0000000711800000| Complete 
| 251|0x0000000711900000, 0x0000000711a00000, 0x0000000711a00000|100%| E|CS|TAMS 0x0000000711900000, 0x0000000711900000| Complete 
| 252|0x0000000711a00000, 0x0000000711b00000, 0x0000000711b00000|100%| E|CS|TAMS 0x0000000711a00000, 0x0000000711a00000| Complete 
| 253|0x0000000711b00000, 0x0000000711c00000, 0x0000000711c00000|100%| E|CS|TAMS 0x0000000711b00000, 0x0000000711b00000| Complete 
| 254|0x0000000711c00000, 0x0000000711d00000, 0x0000000711d00000|100%| E|CS|TAMS 0x0000000711c00000, 0x0000000711c00000| Complete 
| 255|0x0000000711d00000, 0x0000000711e00000, 0x0000000711e00000|100%| E|CS|TAMS 0x0000000711d00000, 0x0000000711d00000| Complete 
| 256|0x0000000711e00000, 0x0000000711f00000, 0x0000000711f00000|100%| E|CS|TAMS 0x0000000711e00000, 0x0000000711e00000| Complete 
| 257|0x0000000711f00000, 0x0000000712000000, 0x0000000712000000|100%| E|CS|TAMS 0x0000000711f00000, 0x0000000711f00000| Complete 
| 258|0x0000000712000000, 0x0000000712100000, 0x0000000712100000|100%| E|CS|TAMS 0x0000000712000000, 0x0000000712000000| Complete 
| 259|0x0000000712100000, 0x0000000712200000, 0x0000000712200000|100%| E|CS|TAMS 0x0000000712100000, 0x0000000712100000| Complete 
| 260|0x0000000712200000, 0x0000000712300000, 0x0000000712300000|100%| E|CS|TAMS 0x0000000712200000, 0x0000000712200000| Complete 
| 261|0x0000000712300000, 0x0000000712400000, 0x0000000712400000|100%| E|CS|TAMS 0x0000000712300000, 0x0000000712300000| Complete 
| 262|0x0000000712400000, 0x0000000712500000, 0x0000000712500000|100%| E|CS|TAMS 0x0000000712400000, 0x0000000712400000| Complete 
| 263|0x0000000712500000, 0x0000000712600000, 0x0000000712600000|100%| E|CS|TAMS 0x0000000712500000, 0x0000000712500000| Complete 
| 264|0x0000000712600000, 0x0000000712700000, 0x0000000712700000|100%| E|CS|TAMS 0x0000000712600000, 0x0000000712600000| Complete 
| 265|0x0000000712700000, 0x0000000712800000, 0x0000000712800000|100%| E|CS|TAMS 0x0000000712700000, 0x0000000712700000| Complete 
| 266|0x0000000712800000, 0x0000000712900000, 0x0000000712900000|100%| E|CS|TAMS 0x0000000712800000, 0x0000000712800000| Complete 
| 267|0x0000000712900000, 0x0000000712a00000, 0x0000000712a00000|100%| E|CS|TAMS 0x0000000712900000, 0x0000000712900000| Complete 
| 268|0x0000000712a00000, 0x0000000712b00000, 0x0000000712b00000|100%| E|CS|TAMS 0x0000000712a00000, 0x0000000712a00000| Complete 
| 269|0x0000000712b00000, 0x0000000712c00000, 0x0000000712c00000|100%| E|CS|TAMS 0x0000000712b00000, 0x0000000712b00000| Complete 
| 270|0x0000000712c00000, 0x0000000712d00000, 0x0000000712d00000|100%| E|CS|TAMS 0x0000000712c00000, 0x0000000712c00000| Complete 
| 271|0x0000000712d00000, 0x0000000712e00000, 0x0000000712e00000|100%| E|CS|TAMS 0x0000000712d00000, 0x0000000712d00000| Complete 
| 272|0x0000000712e00000, 0x0000000712f00000, 0x0000000712f00000|100%| E|CS|TAMS 0x0000000712e00000, 0x0000000712e00000| Complete 
| 273|0x0000000712f00000, 0x0000000713000000, 0x0000000713000000|100%| E|CS|TAMS 0x0000000712f00000, 0x0000000712f00000| Complete 
| 274|0x0000000713000000, 0x0000000713100000, 0x0000000713100000|100%| E|CS|TAMS 0x0000000713000000, 0x0000000713000000| Complete 
| 275|0x0000000713100000, 0x0000000713200000, 0x0000000713200000|100%| E|CS|TAMS 0x0000000713100000, 0x0000000713100000| Complete 
| 276|0x0000000713200000, 0x0000000713300000, 0x0000000713300000|100%| E|CS|TAMS 0x0000000713200000, 0x0000000713200000| Complete 
| 277|0x0000000713300000, 0x0000000713400000, 0x0000000713400000|100%| E|CS|TAMS 0x0000000713300000, 0x0000000713300000| Complete 
| 278|0x0000000713400000, 0x0000000713500000, 0x0000000713500000|100%| E|CS|TAMS 0x0000000713400000, 0x0000000713400000| Complete 
| 279|0x0000000713500000, 0x0000000713600000, 0x0000000713600000|100%| E|CS|TAMS 0x0000000713500000, 0x0000000713500000| Complete 
| 280|0x0000000713600000, 0x0000000713700000, 0x0000000713700000|100%| E|CS|TAMS 0x0000000713600000, 0x0000000713600000| Complete 
| 281|0x0000000713700000, 0x0000000713800000, 0x0000000713800000|100%| E|CS|TAMS 0x0000000713700000, 0x0000000713700000| Complete 
| 282|0x0000000713800000, 0x0000000713900000, 0x0000000713900000|100%| E|CS|TAMS 0x0000000713800000, 0x0000000713800000| Complete 
| 283|0x0000000713900000, 0x0000000713a00000, 0x0000000713a00000|100%| E|CS|TAMS 0x0000000713900000, 0x0000000713900000| Complete 
| 284|0x0000000713a00000, 0x0000000713b00000, 0x0000000713b00000|100%| E|CS|TAMS 0x0000000713a00000, 0x0000000713a00000| Complete 
| 285|0x0000000713b00000, 0x0000000713c00000, 0x0000000713c00000|100%| E|CS|TAMS 0x0000000713b00000, 0x0000000713b00000| Complete 
| 286|0x0000000713c00000, 0x0000000713d00000, 0x0000000713d00000|100%| E|CS|TAMS 0x0000000713c00000, 0x0000000713c00000| Complete 
| 287|0x0000000713d00000, 0x0000000713e00000, 0x0000000713e00000|100%| E|CS|TAMS 0x0000000713d00000, 0x0000000713d00000| Complete 
| 288|0x0000000713e00000, 0x0000000713f00000, 0x0000000713f00000|100%| E|CS|TAMS 0x0000000713e00000, 0x0000000713e00000| Complete 
| 289|0x0000000713f00000, 0x0000000714000000, 0x0000000714000000|100%| E|CS|TAMS 0x0000000713f00000, 0x0000000713f00000| Complete 
| 290|0x0000000714000000, 0x0000000714100000, 0x0000000714100000|100%| E|CS|TAMS 0x0000000714000000, 0x0000000714000000| Complete 
| 291|0x0000000714100000, 0x0000000714200000, 0x0000000714200000|100%| E|CS|TAMS 0x0000000714100000, 0x0000000714100000| Complete 
| 292|0x0000000714200000, 0x0000000714300000, 0x0000000714300000|100%| E|CS|TAMS 0x0000000714200000, 0x0000000714200000| Complete 
| 293|0x0000000714300000, 0x0000000714400000, 0x0000000714400000|100%| E|CS|TAMS 0x0000000714300000, 0x0000000714300000| Complete 
| 294|0x0000000714400000, 0x0000000714500000, 0x0000000714500000|100%| E|CS|TAMS 0x0000000714400000, 0x0000000714400000| Complete 
| 295|0x0000000714500000, 0x0000000714600000, 0x0000000714600000|100%| E|CS|TAMS 0x0000000714500000, 0x0000000714500000| Complete 
| 296|0x0000000714600000, 0x0000000714700000, 0x0000000714700000|100%| E|CS|TAMS 0x0000000714600000, 0x0000000714600000| Complete 
| 297|0x0000000714700000, 0x0000000714800000, 0x0000000714800000|100%| E|CS|TAMS 0x0000000714700000, 0x0000000714700000| Complete 
| 298|0x0000000714800000, 0x0000000714900000, 0x0000000714900000|100%| E|CS|TAMS 0x0000000714800000, 0x0000000714800000| Complete 
| 299|0x0000000714900000, 0x0000000714a00000, 0x0000000714a00000|100%| E|CS|TAMS 0x0000000714900000, 0x0000000714900000| Complete 
| 300|0x0000000714a00000, 0x0000000714b00000, 0x0000000714b00000|100%| E|CS|TAMS 0x0000000714a00000, 0x0000000714a00000| Complete 
| 301|0x0000000714b00000, 0x0000000714c00000, 0x0000000714c00000|100%| E|CS|TAMS 0x0000000714b00000, 0x0000000714b00000| Complete 
| 302|0x0000000714c00000, 0x0000000714d00000, 0x0000000714d00000|100%| E|CS|TAMS 0x0000000714c00000, 0x0000000714c00000| Complete 
| 303|0x0000000714d00000, 0x0000000714e00000, 0x0000000714e00000|100%| E|CS|TAMS 0x0000000714d00000, 0x0000000714d00000| Complete 
| 304|0x0000000714e00000, 0x0000000714f00000, 0x0000000714f00000|100%| E|CS|TAMS 0x0000000714e00000, 0x0000000714e00000| Complete 
| 305|0x0000000714f00000, 0x0000000715000000, 0x0000000715000000|100%| E|CS|TAMS 0x0000000714f00000, 0x0000000714f00000| Complete 
| 306|0x0000000715000000, 0x0000000715100000, 0x0000000715100000|100%| E|CS|TAMS 0x0000000715000000, 0x0000000715000000| Complete 
| 307|0x0000000715100000, 0x0000000715200000, 0x0000000715200000|100%| E|CS|TAMS 0x0000000715100000, 0x0000000715100000| Complete 

Card table byte_map: [0x00000188379e0000,0x00000188381e0000] _byte_map_base: 0x00000188341d1000

Marking Bits (Prev, Next): (CMBitMap*) 0x00000188243a8ab0, (CMBitMap*) 0x00000188243a8a78
 Prev Bits: [0x000001883c970000, 0x00000188408f8000)
 Next Bits: [0x00000188389e0000, 0x000001883c968000)

Polling page: 0x0000018821970000

Metaspace:

Usage:
  Non-class:     69.47 MB capacity,    68.12 MB ( 98%) used,     1.07 MB (  2%) free+waste,   293.81 KB ( <1%) overhead. 
      Class:     10.65 MB capacity,     9.79 MB ( 92%) used,   753.60 KB (  7%) free+waste,   135.94 KB (  1%) overhead. 
       Both:     80.12 MB capacity,    77.90 MB ( 97%) used,     1.80 MB (  2%) free+waste,   429.75 KB ( <1%) overhead. 

Virtual space:
  Non-class space:       70.00 MB reserved,      69.67 MB (>99%) committed 
      Class space:        1.00 GB reserved,      10.75 MB (  1%) committed 
             Both:        1.07 GB reserved,      80.42 MB (  7%) committed 

Chunk freelists:
   Non-Class:  16.00 KB
       Class:  2.00 KB
        Both:  18.00 KB

MaxMetaspaceSize: 17179869184.00 GB
CompressedClassSpaceSize: 1.00 GB
Initial GC threshold: 20.80 MB
Current GC threshold: 98.41 MB
CDS: off

CodeHeap 'non-profiled nmethods': size=120000Kb used=6748Kb max_used=6748Kb free=113252Kb
 bounds [0x000001882fa90000, 0x0000018830130000, 0x0000018836fc0000]
CodeHeap 'profiled nmethods': size=120000Kb used=17574Kb max_used=17574Kb free=102425Kb
 bounds [0x0000018828560000, 0x0000018829690000, 0x000001882fa90000]
CodeHeap 'non-nmethods': size=5760Kb used=1402Kb max_used=1478Kb free=4357Kb
 bounds [0x0000018827fc0000, 0x0000018828230000, 0x0000018828560000]
 total_blobs=7477 nmethods=6849 adapters=548
 compilation: enabled
              stopped_count=0, restarted_count=0
 full_count=0

Compilation events (20 events):
Event: 28.374 Thread 0x0000018843dc6000 6916       4       java.lang.StringLatin1::toUpperCase (180 bytes)
Event: 28.410 Thread 0x0000018843dc6000 nmethod 6916 0x00000188300fe690 code [0x00000188300fe860, 0x00000188300ff1d8]
Event: 28.838 Thread 0x0000018845063000 nmethod 6835 0x00000188300ff690 code [0x00000188300ffd00, 0x0000018830109600]
Event: 29.900 Thread 0x0000018847b86000 nmethod 6836 0x000001883010e990 code [0x000001883010f440, 0x000001883011f0a0]
Event: 44.635 Thread 0x0000018843dca000 6984       3       java.util.concurrent.LinkedBlockingQueue::size (8 bytes)
Event: 44.635 Thread 0x0000018843dca000 nmethod 6984 0x0000018829686f90 code [0x0000018829687140, 0x0000018829687258]
Event: 511.860 Thread 0x0000018843dca000 6985       1       jdk.internal.loader.URLClassPath$FileLoader$1::getURL (5 bytes)
Event: 511.860 Thread 0x0000018843dca000 nmethod 6985 0x0000018830126d10 code [0x0000018830126ec0, 0x0000018830126f78]
Event: 524.781 Thread 0x0000018843dca000 6986       3       java.util.concurrent.atomic.AtomicIntegerFieldUpdater$AtomicIntegerFieldUpdaterImpl::accessCheck (17 bytes)
Event: 524.781 Thread 0x0000018843dca000 nmethod 6986 0x0000018829687310 code [0x00000188296874e0, 0x00000188296876a8]
Event: 644.819 Thread 0x0000018843dca000 6987       3       com.zaxxer.hikari.pool.PoolEntry::getState (8 bytes)
Event: 644.820 Thread 0x0000018843dca000 nmethod 6987 0x0000018829687790 code [0x0000018829687960, 0x0000018829687c28]
Event: 644.820 Thread 0x0000018843dca000 6988       3       java.util.concurrent.atomic.AtomicIntegerFieldUpdater$AtomicIntegerFieldUpdaterImpl::get (17 bytes)
Event: 644.821 Thread 0x0000018843dca000 nmethod 6988 0x0000018829687d90 code [0x0000018829687f60, 0x0000018829688188]
Event: 914.889 Thread 0x0000018843dca000 6989       3       java.util.concurrent.ScheduledThreadPoolExecutor$DelayedWorkQueue::setIndex (16 bytes)
Event: 914.890 Thread 0x0000018843dca000 nmethod 6989 0x0000018829688290 code [0x0000018829688440, 0x0000018829688758]
Event: 914.890 Thread 0x0000018843dca000 6990       3       java.util.concurrent.ScheduledThreadPoolExecutor$ScheduledFutureTask::compareTo (9 bytes)
Event: 914.891 Thread 0x0000018843dca000 nmethod 6990 0x0000018829688810 code [0x00000188296889e0, 0x0000018829688c48]
Event: 914.891 Thread 0x0000018843dca000 6991       3       java.util.concurrent.ScheduledThreadPoolExecutor$ScheduledFutureTask::compareTo (101 bytes)
Event: 914.893 Thread 0x0000018843dca000 nmethod 6991 0x0000018829688d10 code [0x0000018829688f20, 0x0000018829689738]

GC Heap History (20 events):
Event: 4.798 GC heap before
{Heap before GC invocations=3 (full 0):
 garbage-first heap   total 262144K, used 44843K [0x0000000701e00000, 0x0000000800000000)
  region size 1024K, 36 young (36864K), 2 survivors (2048K)
 Metaspace       used 20503K, capacity 21089K, committed 21296K, reserved 1069056K
  class space    used 2102K, capacity 2322K, committed 2432K, reserved 1048576K
}
Event: 4.804 GC heap after
{Heap after GC invocations=4 (full 0):
 garbage-first heap   total 262144K, used 11648K [0x0000000701e00000, 0x0000000800000000)
  region size 1024K, 3 young (3072K), 3 survivors (3072K)
 Metaspace       used 20503K, capacity 21089K, committed 21296K, reserved 1069056K
  class space    used 2102K, capacity 2322K, committed 2432K, reserved 1048576K
}
Event: 6.345 GC heap before
{Heap before GC invocations=5 (full 0):
 garbage-first heap   total 262144K, used 88448K [0x0000000701e00000, 0x0000000800000000)
  region size 1024K, 78 young (79872K), 3 survivors (3072K)
 Metaspace       used 26107K, capacity 26972K, committed 27312K, reserved 1073152K
  class space    used 2893K, capacity 3221K, committed 3328K, reserved 1048576K
}
Event: 6.352 GC heap after
{Heap after GC invocations=6 (full 0):
 garbage-first heap   total 262144K, used 13250K [0x0000000701e00000, 0x0000000800000000)
  region size 1024K, 5 young (5120K), 5 survivors (5120K)
 Metaspace       used 26107K, capacity 26972K, committed 27312K, reserved 1073152K
  class space    used 2893K, capacity 3221K, committed 3328K, reserved 1048576K
}
Event: 7.642 GC heap before
{Heap before GC invocations=6 (full 0):
 garbage-first heap   total 262144K, used 129986K [0x0000000701e00000, 0x0000000800000000)
  region size 1024K, 119 young (121856K), 5 survivors (5120K)
 Metaspace       used 33418K, capacity 34470K, committed 34608K, reserved 1079296K
  class space    used 3818K, capacity 4206K, committed 4224K, reserved 1048576K
}
Event: 7.661 GC heap after
{Heap after GC invocations=7 (full 0):
 garbage-first heap   total 262144K, used 15625K [0x0000000701e00000, 0x0000000800000000)
  region size 1024K, 7 young (7168K), 7 survivors (7168K)
 Metaspace       used 33418K, capacity 34470K, committed 34608K, reserved 1079296K
  class space    used 3818K, capacity 4206K, committed 4224K, reserved 1048576K
}
Event: 7.915 GC heap before
{Heap before GC invocations=7 (full 0):
 garbage-first heap   total 262144K, used 41225K [0x0000000701e00000, 0x0000000800000000)
  region size 1024K, 33 young (33792K), 7 survivors (7168K)
 Metaspace       used 34779K, capacity 35782K, committed 35888K, reserved 1081344K
  class space    used 4000K, capacity 4387K, committed 4480K, reserved 1048576K
}
Event: 7.930 GC heap after
{Heap after GC invocations=8 (full 0):
 garbage-first heap   total 262144K, used 15890K [0x0000000701e00000, 0x0000000800000000)
  region size 1024K, 7 young (7168K), 7 survivors (7168K)
 Metaspace       used 34779K, capacity 35782K, committed 35888K, reserved 1081344K
  class space    used 4000K, capacity 4387K, committed 4480K, reserved 1048576K
}
Event: 11.102 GC heap before
{Heap before GC invocations=9 (full 0):
 garbage-first heap   total 262144K, used 165394K [0x0000000701e00000, 0x0000000800000000)
  region size 1024K, 153 young (156672K), 7 survivors (7168K)
 Metaspace       used 41548K, capacity 42850K, committed 43056K, reserved 1087488K
  class space    used 4899K, capacity 5426K, committed 5504K, reserved 1048576K
}
Event: 11.117 GC heap after
{Heap after GC invocations=10 (full 0):
 garbage-first heap   total 262144K, used 19451K [0x0000000701e00000, 0x0000000800000000)
  region size 1024K, 11 young (11264K), 11 survivors (11264K)
 Metaspace       used 41548K, capacity 42850K, committed 43056K, reserved 1087488K
  class space    used 4899K, capacity 5426K, committed 5504K, reserved 1048576K
}
Event: 14.751 GC heap before
{Heap before GC invocations=10 (full 0):
 garbage-first heap   total 262144K, used 163835K [0x0000000701e00000, 0x0000000800000000)
  region size 1024K, 153 young (156672K), 11 survivors (11264K)
 Metaspace       used 53881K, capacity 55343K, committed 55472K, reserved 1097728K
  class space    used 6579K, capacity 7156K, committed 7168K, reserved 1048576K
}
Event: 14.769 GC heap after
{Heap after GC invocations=11 (full 0):
 garbage-first heap   total 262144K, used 23639K [0x0000000701e00000, 0x0000000800000000)
  region size 1024K, 15 young (15360K), 15 survivors (15360K)
 Metaspace       used 53881K, capacity 55343K, committed 55472K, reserved 1097728K
  class space    used 6579K, capacity 7156K, committed 7168K, reserved 1048576K
}
Event: 16.087 GC heap before
{Heap before GC invocations=11 (full 0):
 garbage-first heap   total 262144K, used 96343K [0x0000000701e00000, 0x0000000800000000)
  region size 1024K, 88 young (90112K), 15 survivors (15360K)
 Metaspace       used 58645K, capacity 60115K, committed 60208K, reserved 1101824K
  class space    used 7154K, capacity 7742K, committed 7808K, reserved 1048576K
}
Event: 16.123 GC heap after
{Heap after GC invocations=12 (full 0):
 garbage-first heap   total 315392K, used 24805K [0x0000000701e00000, 0x0000000800000000)
  region size 1024K, 10 young (10240K), 10 survivors (10240K)
 Metaspace       used 58645K, capacity 60115K, committed 60208K, reserved 1101824K
  class space    used 7154K, capacity 7742K, committed 7808K, reserved 1048576K
}
Event: 19.886 GC heap before
{Heap before GC invocations=13 (full 0):
 garbage-first heap   total 315392K, used 202981K [0x0000000701e00000, 0x0000000800000000)
  region size 1024K, 184 young (188416K), 10 survivors (10240K)
 Metaspace       used 67575K, capacity 69569K, committed 69680K, reserved 1110016K
  class space    used 8479K, capacity 9247K, committed 9344K, reserved 1048576K
}
Event: 19.935 GC heap after
{Heap after GC invocations=14 (full 0):
 garbage-first heap   total 315392K, used 30215K [0x0000000701e00000, 0x0000000800000000)
  region size 1024K, 16 young (16384K), 16 survivors (16384K)
 Metaspace       used 67575K, capacity 69569K, committed 69680K, reserved 1110016K
  class space    used 8479K, capacity 9247K, committed 9344K, reserved 1048576K
}
Event: 23.165 GC heap before
{Heap before GC invocations=14 (full 0):
 garbage-first heap   total 315392K, used 203271K [0x0000000701e00000, 0x0000000800000000)
  region size 1024K, 184 young (188416K), 16 survivors (16384K)
 Metaspace       used 71966K, capacity 74030K, committed 74288K, reserved 1114112K
  class space    used 8991K, capacity 9833K, committed 9856K, reserved 1048576K
}
Event: 23.189 GC heap after
{Heap after GC invocations=15 (full 0):
 garbage-first heap   total 315392K, used 33873K [0x0000000701e00000, 0x0000000800000000)
  region size 1024K, 15 young (15360K), 15 survivors (15360K)
 Metaspace       used 71966K, capacity 74030K, committed 74288K, reserved 1114112K
  class space    used 8991K, capacity 9833K, committed 9856K, reserved 1048576K
}
Event: 25.243 GC heap before
{Heap before GC invocations=15 (full 0):
 garbage-first heap   total 315392K, used 208977K [0x0000000701e00000, 0x0000000800000000)
  region size 1024K, 184 young (188416K), 15 survivors (15360K)
 Metaspace       used 72633K, capacity 74675K, committed 74928K, reserved 1114112K
  class space    used 9052K, capacity 9873K, committed 9984K, reserved 1048576K
}
Event: 25.259 GC heap after
{Heap after GC invocations=16 (full 0):
 garbage-first heap   total 315392K, used 35385K [0x0000000701e00000, 0x0000000800000000)
  region size 1024K, 12 young (12288K), 12 survivors (12288K)
 Metaspace       used 72633K, capacity 74675K, committed 74928K, reserved 1114112K
  class space    used 9052K, capacity 9873K, committed 9984K, reserved 1048576K
}

Deoptimization events (20 events):
Event: 28.193 Thread 0x0000018824344000 DEOPT PACKING pc=0x000001882fd436f4 sp=0x000000226fcfce60
Event: 28.193 Thread 0x0000018824344000 DEOPT UNPACKING pc=0x000001882800a95e sp=0x000000226fcfc2f0 mode 1
Event: 28.199 Thread 0x0000018824344000 Uncommon trap: trap_request=0xffffff9f fr.pc=0x000001882fde20c0 relative=0x0000000000000160
Event: 28.199 Thread 0x0000018824344000 Uncommon trap: reason=unhandled action=none pc=0x000001882fde20c0 method=jdk.internal.loader.BuiltinClassLoader.loadClass(Ljava/lang/String;Z)Ljava/lang/Class; @ 19 c2
Event: 28.199 Thread 0x0000018824344000 DEOPT PACKING pc=0x000001882fde20c0 sp=0x000000226fcfc480
Event: 28.199 Thread 0x0000018824344000 DEOPT UNPACKING pc=0x000001882800a1af sp=0x000000226fcfc348 mode 2
Event: 28.199 Thread 0x0000018824344000 DEOPT PACKING pc=0x000001882fd436f4 sp=0x000000226fcfcf20
Event: 28.199 Thread 0x0000018824344000 DEOPT UNPACKING pc=0x000001882800a95e sp=0x000000226fcfc398 mode 1
Event: 28.199 Thread 0x0000018824344000 DEOPT PACKING pc=0x0000018828c159c4 sp=0x000000226fcfcf60
Event: 28.199 Thread 0x0000018824344000 DEOPT UNPACKING pc=0x000001882800a95e sp=0x000000226fcfc4f8 mode 1
Event: 28.200 Thread 0x0000018824344000 Uncommon trap: trap_request=0xffffff9f fr.pc=0x000001882fde20c0 relative=0x0000000000000160
Event: 28.200 Thread 0x0000018824344000 Uncommon trap: reason=unhandled action=none pc=0x000001882fde20c0 method=jdk.internal.loader.BuiltinClassLoader.loadClass(Ljava/lang/String;Z)Ljava/lang/Class; @ 19 c2
Event: 28.200 Thread 0x0000018824344000 DEOPT PACKING pc=0x000001882fde20c0 sp=0x000000226fcfc530
Event: 28.200 Thread 0x0000018824344000 DEOPT UNPACKING pc=0x000001882800a1af sp=0x000000226fcfc3f8 mode 2
Event: 28.200 Thread 0x0000018824344000 DEOPT PACKING pc=0x000001882fd436f4 sp=0x000000226fcfcfd0
Event: 28.200 Thread 0x0000018824344000 DEOPT UNPACKING pc=0x000001882800a95e sp=0x000000226fcfc460 mode 1
Event: 236.064 Thread 0x00000188441de000 Uncommon trap: trap_request=0xffffff4d fr.pc=0x000001882fde14f4 relative=0x00000000000002b4
Event: 236.064 Thread 0x00000188441de000 Uncommon trap: reason=unstable_if action=reinterpret pc=0x000001882fde14f4 method=sun.instrument.InstrumentationImpl.transform(Ljava/lang/Module;Ljava/lang/ClassLoader;Ljava/lang/String;Ljava/lang/Class;Ljava/security/ProtectionDomain;[BZ)[B @ 24 c2
Event: 236.064 Thread 0x00000188441de000 DEOPT PACKING pc=0x000001882fde14f4 sp=0x0000002270cfe3f0
Event: 236.064 Thread 0x00000188441de000 DEOPT UNPACKING pc=0x000001882800a1af sp=0x0000002270cfe448 mode 2

Classes redefined (3 events):
Event: 236.196 Thread 0x0000018843d33000 redefined class name=com.mediscreen.PatientRepositiryTest, count=1
Event: 272.883 Thread 0x0000018843d33000 redefined class name=com.mediscreen.PatientRepositiryTest, count=2
Event: 528.871 Thread 0x0000018843d33000 redefined class name=com.mediscreen.PatientRepositiryTest, count=3

Internal exceptions (20 events):
Event: 25.937 Thread 0x0000018824344000 Exception <a 'java/lang/ClassNotFoundException'{0x0000000712e14cc0}: org/springframework/core/env/EnvironmentCapableCustomizer> (0x0000000712e14cc0) thrown at [./src/hotspot/share/classfile/systemDictionary.cpp, line 230]
Event: 25.938 Thread 0x0000018824344000 Exception <a 'java/lang/ClassNotFoundException'{0x0000000712e3b788}: org/springframework/web/context/ServletContextAwareCustomizer> (0x0000000712e3b788) thrown at [./src/hotspot/share/classfile/systemDictionary.cpp, line 230]
Event: 25.940 Thread 0x0000018824344000 Exception <a 'java/lang/ClassNotFoundException'{0x0000000712e5d860}: org/springframework/beans/factory/AwareCustomizer> (0x0000000712e5d860) thrown at [./src/hotspot/share/classfile/systemDictionary.cpp, line 230]
Event: 25.942 Thread 0x0000018824344000 Exception <a 'java/lang/ClassNotFoundException'{0x0000000712e83458}: org/springframework/beans/factory/InitializingBeanCustomizer> (0x0000000712e83458) thrown at [./src/hotspot/share/classfile/systemDictionary.cpp, line 230]
Event: 25.945 Thread 0x0000018824344000 Exception <a 'java/lang/ClassNotFoundException'{0x0000000712ea8670}: org/springframework/beans/factory/DisposableBeanCustomizer> (0x0000000712ea8670) thrown at [./src/hotspot/share/classfile/systemDictionary.cpp, line 230]
Event: 25.955 Thread 0x0000018824344000 Exception <a 'java/lang/ClassNotFoundException'{0x0000000712ed1b00}: java/lang/ObjectCustomizer> (0x0000000712ed1b00) thrown at [./src/hotspot/share/classfile/systemDictionary.cpp, line 230]
Event: 25.958 Thread 0x0000018824344000 Exception <a 'java/lang/ClassNotFoundException'{0x0000000712d02848}: org/springframework/web/multipart/support/StandardServletMultipartResolverCustomizer> (0x0000000712d02848) thrown at [./src/hotspot/share/classfile/systemDictionary.cpp, line 230]
Event: 25.961 Thread 0x0000018824344000 Exception <a 'java/lang/ClassNotFoundException'{0x0000000712d2dd30}: org/springframework/web/multipart/MultipartResolverCustomizer> (0x0000000712d2dd30) thrown at [./src/hotspot/share/classfile/systemDictionary.cpp, line 230]
Event: 26.061 Thread 0x0000018824344000 Exception <a 'java/lang/ClassNotFoundException'{0x0000000712aecea8}: java/lang/ObjectCustomizer> (0x0000000712aecea8) thrown at [./src/hotspot/share/classfile/systemDictionary.cpp, line 230]
Event: 26.064 Thread 0x0000018824344000 Exception <a 'java/lang/ClassNotFoundException'{0x0000000712910c38}: com/mediscreen/PatientRepositiryTestCustomizer> (0x0000000712910c38) thrown at [./src/hotspot/share/classfile/systemDictionary.cpp, line 230]
Event: 26.103 Thread 0x0000018824344000 Exception <a 'java/lang/NoSuchMethodError'{0x000000071280a410}: 'java.lang.Object java.lang.invoke.DirectMethodHandle$Holder.invokeSpecial(java.lang.Object, java.lang.Object, java.lang.Object, java.lang.Object, java.lang.Object, int)'> (0x000000071280a410) thrown at [./src/hotspot/share/interpreter/linkResolver.cpp, line 773]
Event: 26.104 Thread 0x0000018824344000 Exception <a 'java/lang/NoSuchMethodError'{0x000000071280db08}: 'java.lang.Object java.lang.invoke.Invokers$Holder.linkToTargetMethod(java.lang.Object, java.lang.Object, java.lang.Object, int, java.lang.Object)'> (0x000000071280db08) thrown at [./src/hotspot/share/interpreter/linkResolver.cpp, line 773]
Event: 26.449 Thread 0x0000018824344000 Exception <a 'java/lang/ClassNotFoundException'{0x0000000711d92a60}: java/lang/ClassLoader$ByteBuddyAccessor$0MXoWtHT> (0x0000000711d92a60) thrown at [./src/hotspot/share/classfile/systemDictionary.cpp, line 230]
Event: 26.551 Thread 0x0000018824344000 Exception <a 'java/lang/IncompatibleClassChangeError'{0x000000071188eb88}: Found class java.lang.Object, but interface was expected> (0x000000071188eb88) thrown at [./src/hotspot/share/interpreter/linkResolver.cpp, line 839]
Event: 26.638 Thread 0x0000018824344000 Exception <a 'java/lang/ClassNotFoundException'{0x00000007116c6758}: java/lang/ObjectCustomizer> (0x00000007116c6758) thrown at [./src/hotspot/share/classfile/systemDictionary.cpp, line 230]
Event: 26.645 Thread 0x0000018824344000 Exception <a 'java/lang/ClassNotFoundException'{0x00000007116e8158}: com/mediscreen/model/PatientCustomizer> (0x00000007116e8158) thrown at [./src/hotspot/share/classfile/systemDictionary.cpp, line 230]
Event: 27.386 Thread 0x0000018824344000 Exception <a 'java/lang/NoSuchMethodError'{0x000000070f508e68}: 'java.lang.Object java.lang.invoke.DirectMethodHandle$Holder.invokeStaticInit(java.lang.Object, java.lang.Object, java.lang.Object, java.lang.Object, java.lang.Object, java.lang.Object)'> (0x000000070f508e68) thrown at [./src/hotspot/share/interpreter/linkResolver.cpp, line 773]
Event: 27.418 Thread 0x0000018824344000 Exception <a 'java/lang/reflect/InvocationTargetException'{0x000000070f448a50}> (0x000000070f448a50) thrown at [./src/hotspot/share/runtime/reflection.cpp, line 1247]
Event: 27.430 Thread 0x0000018824344000 Exception <a 'java/lang/IncompatibleClassChangeError'{0x000000070f4aee88}: Found class java.lang.Object, but interface was expected> (0x000000070f4aee88) thrown at [./src/hotspot/share/interpreter/linkResolver.cpp, line 839]
Event: 27.789 Thread 0x0000018824344000 Exception <a 'java/lang/reflect/InvocationTargetException'{0x000000070ebbb8b0}> (0x000000070ebbb8b0) thrown at [./src/hotspot/share/runtime/reflection.cpp, line 1247]

Events (20 events):
Event: 1023.462 Executing VM operation: GetOrSetLocal done
Event: 1023.462 Executing VM operation: GetFrameLocation
Event: 1023.462 Executing VM operation: GetFrameLocation done
Event: 1023.462 Executing VM operation: GetOrSetLocal
Event: 1023.462 Executing VM operation: GetOrSetLocal done
Event: 1023.463 Executing VM operation: GetFrameLocation
Event: 1023.463 Executing VM operation: GetFrameLocation done
Event: 1023.463 Executing VM operation: GetOrSetLocal
Event: 1023.463 Executing VM operation: GetOrSetLocal done
Event: 1023.464 Executing VM operation: GetFrameLocation
Event: 1023.464 Executing VM operation: GetFrameLocation done
Event: 1023.464 Executing VM operation: GetOrSetLocal
Event: 1023.464 Executing VM operation: GetOrSetLocal done
Event: 1023.465 Executing VM operation: GetFrameLocation
Event: 1023.465 Executing VM operation: GetFrameLocation done
Event: 1023.465 Executing VM operation: GetOrSetLocal
Event: 1023.465 Executing VM operation: GetOrSetLocal done
Event: 1023.664 Executing VM operation: GetFrameLocation
Event: 1023.664 Executing VM operation: GetFrameLocation done
Event: 1023.664 Executing VM operation: GetOrSetLocal


Dynamic libraries:
0x00007ff6fd9b0000 - 0x00007ff6fd9bd000 	C:\Users\33763\.p2\pool\plugins\org.eclipse.justj.openjdk.hotspot.jre.full.win32.x86_64_11.0.14.v20220314-1349\jre\bin\javaw.exe
0x00007ffbd9620000 - 0x00007ffbd9829000 	C:\WINDOWS\SYSTEM32\ntdll.dll
0x00007ffbd84a0000 - 0x00007ffbd855d000 	C:\WINDOWS\System32\KERNEL32.DLL
0x00007ffbd6fb0000 - 0x00007ffbd7329000 	C:\WINDOWS\System32\KERNELBASE.dll
0x00007ffb8b160000 - 0x00007ffb8b229000 	C:\Program Files\Bitdefender\Bitdefender Security\bdhkm\dlls_265981511196024586\bdhkm64.dll
0x00007ffb8b030000 - 0x00007ffb8b153000 	C:\Program Files\Bitdefender\Bitdefender Security\atcuf\dlls_265936661880411097\atcuf64.dll
0x00007ffbd73a0000 - 0x00007ffbd74b1000 	C:\WINDOWS\System32\ucrtbase.dll
0x00007ffbc3500000 - 0x00007ffbc3517000 	C:\Users\33763\.p2\pool\plugins\org.eclipse.justj.openjdk.hotspot.jre.full.win32.x86_64_11.0.14.v20220314-1349\jre\bin\jli.dll
0x00007ffbd8ef0000 - 0x00007ffbd909c000 	C:\WINDOWS\System32\USER32.dll
0x00007ffbd6f80000 - 0x00007ffbd6fa6000 	C:\WINDOWS\System32\win32u.dll
0x00007ffbd7930000 - 0x00007ffbd7959000 	C:\WINDOWS\System32\GDI32.dll
0x00007ffbd6b10000 - 0x00007ffbd6c22000 	C:\WINDOWS\System32\gdi32full.dll
0x00007ffbd6c30000 - 0x00007ffbd6ccd000 	C:\WINDOWS\System32\msvcp_win.dll
0x00007ffbc34e0000 - 0x00007ffbc34f5000 	C:\Users\33763\.p2\pool\plugins\org.eclipse.justj.openjdk.hotspot.jre.full.win32.x86_64_11.0.14.v20220314-1349\jre\bin\VCRUNTIME140.dll
0x00007ffbb9a10000 - 0x00007ffbb9cb5000 	C:\WINDOWS\WinSxS\amd64_microsoft.windows.common-controls_6595b64144ccf1df_6.0.22000.120_none_9d947278b86cc467\COMCTL32.dll
0x00007ffbd9240000 - 0x00007ffbd92e3000 	C:\WINDOWS\System32\msvcrt.dll
0x00007ffbd8350000 - 0x00007ffbd8381000 	C:\WINDOWS\System32\IMM32.DLL
0x00007ffbabec0000 - 0x00007ffbabf5b000 	C:\Users\33763\.p2\pool\plugins\org.eclipse.justj.openjdk.hotspot.jre.full.win32.x86_64_11.0.14.v20220314-1349\jre\bin\msvcp140.dll
0x00007ffb2b9f0000 - 0x00007ffb2c571000 	C:\Users\33763\.p2\pool\plugins\org.eclipse.justj.openjdk.hotspot.jre.full.win32.x86_64_11.0.14.v20220314-1349\jre\bin\server\jvm.dll
0x00007ffbd9350000 - 0x00007ffbd93fe000 	C:\WINDOWS\System32\ADVAPI32.dll
0x00007ffbd7a80000 - 0x00007ffbd7b1e000 	C:\WINDOWS\System32\sechost.dll
0x00007ffbd8750000 - 0x00007ffbd8870000 	C:\WINDOWS\System32\RPCRT4.dll
0x00007ffbd7b20000 - 0x00007ffbd7b28000 	C:\WINDOWS\System32\PSAPI.DLL
0x00007ffbbbfb0000 - 0x00007ffbbbfb9000 	C:\WINDOWS\SYSTEM32\WSOCK32.dll
0x00007ffbd82e0000 - 0x00007ffbd834f000 	C:\WINDOWS\System32\WS2_32.dll
0x00007ffbd09c0000 - 0x00007ffbd09f3000 	C:\WINDOWS\SYSTEM32\WINMM.dll
0x00007ffbd0480000 - 0x00007ffbd048a000 	C:\WINDOWS\SYSTEM32\VERSION.dll
0x00007ffbd5cc0000 - 0x00007ffbd5cd8000 	C:\WINDOWS\SYSTEM32\kernel.appcore.dll
0x00007ffbd3e70000 - 0x00007ffbd3e80000 	C:\Users\33763\.p2\pool\plugins\org.eclipse.justj.openjdk.hotspot.jre.full.win32.x86_64_11.0.14.v20220314-1349\jre\bin\verify.dll
0x00007ffbd3810000 - 0x00007ffbd3a31000 	C:\WINDOWS\SYSTEM32\DBGHELP.DLL
0x00007ffbc9790000 - 0x00007ffbc97c1000 	C:\WINDOWS\SYSTEM32\dbgcore.DLL
0x00007ffbd6e40000 - 0x00007ffbd6ebf000 	C:\WINDOWS\System32\bcryptPrimitives.dll
0x00007ffbd0220000 - 0x00007ffbd0248000 	C:\Users\33763\.p2\pool\plugins\org.eclipse.justj.openjdk.hotspot.jre.full.win32.x86_64_11.0.14.v20220314-1349\jre\bin\java.dll
0x00007ffbd1370000 - 0x00007ffbd137a000 	C:\Users\33763\.p2\pool\plugins\org.eclipse.justj.openjdk.hotspot.jre.full.win32.x86_64_11.0.14.v20220314-1349\jre\bin\jimage.dll
0x00007ffbafa10000 - 0x00007ffbafa48000 	C:\Users\33763\.p2\pool\plugins\org.eclipse.justj.openjdk.hotspot.jre.full.win32.x86_64_11.0.14.v20220314-1349\jre\bin\jdwp.dll
0x00007ffbcb4f0000 - 0x00007ffbcb4fe000 	C:\Users\33763\.p2\pool\plugins\org.eclipse.justj.openjdk.hotspot.jre.full.win32.x86_64_11.0.14.v20220314-1349\jre\bin\instrument.dll
0x00007ffbcc190000 - 0x00007ffbcc1a8000 	C:\Users\33763\.p2\pool\plugins\org.eclipse.justj.openjdk.hotspot.jre.full.win32.x86_64_11.0.14.v20220314-1349\jre\bin\zip.dll
0x00007ffbd7b30000 - 0x00007ffbd82df000 	C:\WINDOWS\System32\SHELL32.dll
0x00007ffbd4c50000 - 0x00007ffbd54b8000 	C:\WINDOWS\SYSTEM32\windows.storage.dll
0x00007ffbd8b10000 - 0x00007ffbd8e88000 	C:\WINDOWS\System32\combase.dll
0x00007ffbd4ae0000 - 0x00007ffbd4c46000 	C:\WINDOWS\SYSTEM32\wintypes.dll
0x00007ffbd8560000 - 0x00007ffbd864a000 	C:\WINDOWS\System32\SHCORE.dll
0x00007ffbd8e90000 - 0x00007ffbd8eed000 	C:\WINDOWS\System32\shlwapi.dll
0x00007ffbd6a40000 - 0x00007ffbd6a61000 	C:\WINDOWS\SYSTEM32\profapi.dll
0x00007ffbc3450000 - 0x00007ffbc345a000 	C:\Users\33763\.p2\pool\plugins\org.eclipse.justj.openjdk.hotspot.jre.full.win32.x86_64_11.0.14.v20220314-1349\jre\bin\dt_socket.dll
0x00007ffbd60f0000 - 0x00007ffbd6157000 	C:\WINDOWS\System32\mswsock.dll
0x00007ffbd5820000 - 0x00007ffbd5908000 	C:\WINDOWS\SYSTEM32\DNSAPI.dll
0x00007ffbd57f0000 - 0x00007ffbd581d000 	C:\WINDOWS\SYSTEM32\IPHLPAPI.DLL
0x00007ffbd8650000 - 0x00007ffbd8659000 	C:\WINDOWS\System32\NSI.dll
0x00007ffbcdfa0000 - 0x00007ffbce021000 	C:\WINDOWS\System32\fwpuclnt.dll
0x00007ffbcb6c0000 - 0x00007ffbcb6ca000 	C:\Windows\System32\rasadhlp.dll
0x00007ffbcc090000 - 0x00007ffbcc0a9000 	C:\Users\33763\.p2\pool\plugins\org.eclipse.justj.openjdk.hotspot.jre.full.win32.x86_64_11.0.14.v20220314-1349\jre\bin\net.dll
0x00007ffbd3d20000 - 0x00007ffbd3e2c000 	C:\WINDOWS\SYSTEM32\WINHTTP.dll
0x00007ffbc7370000 - 0x00007ffbc7383000 	C:\Users\33763\.p2\pool\plugins\org.eclipse.justj.openjdk.hotspot.jre.full.win32.x86_64_11.0.14.v20220314-1349\jre\bin\nio.dll
0x00007ffbcc0f0000 - 0x00007ffbcc0f9000 	C:\Users\33763\.p2\pool\plugins\org.eclipse.justj.openjdk.hotspot.jre.full.win32.x86_64_11.0.14.v20220314-1349\jre\bin\management.dll
0x00007ffbcc070000 - 0x00007ffbcc07b000 	C:\Users\33763\.p2\pool\plugins\org.eclipse.justj.openjdk.hotspot.jre.full.win32.x86_64_11.0.14.v20220314-1349\jre\bin\management_ext.dll
0x00007ffbbc4b0000 - 0x00007ffbbc4c7000 	C:\WINDOWS\system32\napinsp.dll
0x00007ffbb8960000 - 0x00007ffbb897b000 	C:\WINDOWS\system32\pnrpnsp.dll
0x00007ffbb8940000 - 0x00007ffbb8952000 	C:\WINDOWS\System32\winrnr.dll
0x00007ffbcecd0000 - 0x00007ffbcece5000 	C:\WINDOWS\system32\wshbth.dll
0x00007ffbb88a0000 - 0x00007ffbb88bf000 	C:\WINDOWS\system32\nlansp_c.dll
0x00007ffbd6360000 - 0x00007ffbd6378000 	C:\WINDOWS\SYSTEM32\CRYPTSP.dll
0x00007ffbd5c20000 - 0x00007ffbd5c55000 	C:\WINDOWS\system32\rsaenh.dll
0x00007ffbd61d0000 - 0x00007ffbd61f9000 	C:\WINDOWS\SYSTEM32\USERENV.dll
0x00007ffbd64f0000 - 0x00007ffbd6517000 	C:\WINDOWS\SYSTEM32\bcrypt.dll
0x00007ffbd6350000 - 0x00007ffbd635c000 	C:\WINDOWS\SYSTEM32\CRYPTBASE.dll
0x00007ffbd0310000 - 0x00007ffbd0329000 	C:\WINDOWS\SYSTEM32\dhcpcsvc6.DLL
0x00007ffbd0530000 - 0x00007ffbd054e000 	C:\WINDOWS\SYSTEM32\dhcpcsvc.DLL
0x00007ffbcc180000 - 0x00007ffbcc18e000 	C:\Users\33763\.p2\pool\plugins\org.eclipse.justj.openjdk.hotspot.jre.full.win32.x86_64_11.0.14.v20220314-1349\jre\bin\sunmscapi.dll
0x00007ffbd6cd0000 - 0x00007ffbd6e32000 	C:\WINDOWS\System32\CRYPT32.dll
0x00007ffbd64c0000 - 0x00007ffbd64e8000 	C:\WINDOWS\SYSTEM32\ncrypt.dll
0x00007ffbd6480000 - 0x00007ffbd64b7000 	C:\WINDOWS\SYSTEM32\NTASN1.dll
0x00007ffbbf3c0000 - 0x00007ffbbf3e5000 	C:\Users\33763\.p2\pool\plugins\org.eclipse.justj.openjdk.hotspot.jre.full.win32.x86_64_11.0.14.v20220314-1349\jre\bin\sunec.dll

dbghelp: loaded successfully - version: 4.0.5 - missing functions: none
symbol engine: initialized successfully - sym options: 0x614 - pdb path: .;C:\Users\33763\.p2\pool\plugins\org.eclipse.justj.openjdk.hotspot.jre.full.win32.x86_64_11.0.14.v20220314-1349\jre\bin;C:\WINDOWS\SYSTEM32;C:\Program Files\Bitdefender\Bitdefender Security\bdhkm\dlls_265981511196024586;C:\Program Files\Bitdefender\Bitdefender Security\atcuf\dlls_265936661880411097;C:\WINDOWS\WinSxS\amd64_microsoft.windows.common-controls_6595b64144ccf1df_6.0.22000.120_none_9d947278b86cc467;C:\Users\33763\.p2\pool\plugins\org.eclipse.justj.openjdk.hotspot.jre.full.win32.x86_64_11.0.14.v20220314-1349\jre\bin\server

VM Arguments:
jvm_args: -agentlib:jdwp=transport=dt_socket,suspend=y,address=localhost:63205 -ea -javaagent:C:\Workspace_eclipse\eclipse\configuration\org.eclipse.osgi\225\0\.cp\lib\javaagent-shaded.jar -Dfile.encoding=UTF-8 
java_command: org.eclipse.jdt.internal.junit.runner.RemoteTestRunner -version 3 -port 63204 -testLoaderClass org.eclipse.jdt.internal.junit5.runner.JUnit5TestLoader -loaderpluginname org.eclipse.jdt.junit5.runtime -classNames com.mediscreen.PatientRepositiryTest
java_class_path (initial): C:\Workspace_eclipse\mediscreen\target\test-classes;C:\Workspace_eclipse\mediscreen\target\classes;C:\Users\33763\.m2\repository\org\springframework\boot\spring-boot-starter-data-jdbc\2.6.7\spring-boot-starter-data-jdbc-2.6.7.jar;C:\Users\33763\.m2\repository\org\springframework\boot\spring-boot-starter-jdbc\2.6.7\spring-boot-starter-jdbc-2.6.7.jar;C:\Users\33763\.m2\repository\com\zaxxer\HikariCP\4.0.3\HikariCP-4.0.3.jar;C:\Users\33763\.m2\repository\org\springframework\spring-jdbc\5.3.19\spring-jdbc-5.3.19.jar;C:\Users\33763\.m2\repository\org\springframework\data\spring-data-jdbc\2.3.4\spring-data-jdbc-2.3.4.jar;C:\Users\33763\.m2\repository\org\springframework\data\spring-data-relational\2.3.4\spring-data-relational-2.3.4.jar;C:\Users\33763\.m2\repository\org\springframework\data\spring-data-commons\2.6.4\spring-data-commons-2.6.4.jar;C:\Users\33763\.m2\repository\org\springframework\spring-tx\5.3.19\spring-tx-5.3.19.jar;C:\Users\33763\.m2\repository\org\springframework\spring-context\5.3.19\spring-context-5.3.19.jar;C:\Users\33763\.m2\repository\org\springframework\spring-beans\5.3.19\spring-beans-5.3.19.jar;C:\Users\33763\.m2\repository\org\slf4j\slf4j-api\1.7.36\slf4j-api-1.7.36.jar;C:\Users\33763\.m2\repository\org\springframework\boot\spring-boot-starter-jersey\2.6.7\spring-boot-starter-jersey-2.6.7.jar;C:\Users\33763\.m2\repository\org\springframework\boot\spring-boot-starter-json\2.6.7\spring-boot-starter-json-2.6.7.jar;C:\Users\33763\.m2\repository\com\fasterxml\jackson\core\jackson-databind\2.13.2.1\jackson-databind-2.13.2.1.jar;C:\Users\33763\.m2\repository\com\fasterxml\jackson\datatype\jackson-datatype-jdk8\2.13.2\jackson-datatype-jdk8-2.13.2.jar;C:\Users\33763\.m2\repository\com\fasterxml\jackson\datatype\jackson-datatype-jsr310\2.13.2\jackson-datatype-jsr310-2.13.2.jar;C:\Users\33763\.m2\repository\com\fasterxml\jackson\module\jackson-module-parameter-names\2.13.2\jackson-module-parameter-names-2.13.2.jar;C:\Users\33763
Launcher Type: SUN_STANDARD

[Global flags]
     intx CICompilerCount                          = 4                                         {product} {ergonomic}
     uint ConcGCThreads                            = 2                                         {product} {ergonomic}
     uint G1ConcRefinementThreads                  = 8                                         {product} {ergonomic}
   size_t G1HeapRegionSize                         = 1048576                                   {product} {ergonomic}
    uintx GCDrainStackTargetSize                   = 64                                        {product} {ergonomic}
   size_t InitialHeapSize                          = 268435456                                 {product} {ergonomic}
   size_t MarkStackSize                            = 4194304                                   {product} {ergonomic}
   size_t MaxHeapSize                              = 4263510016                                {product} {ergonomic}
   size_t MaxNewSize                               = 2557476864                                {product} {ergonomic}
   size_t MinHeapDeltaBytes                        = 1048576                                   {product} {ergonomic}
    uintx NonNMethodCodeHeapSize                   = 5836300                                {pd product} {ergonomic}
    uintx NonProfiledCodeHeapSize                  = 122910970                              {pd product} {ergonomic}
    uintx ProfiledCodeHeapSize                     = 122910970                              {pd product} {ergonomic}
    uintx ReservedCodeCacheSize                    = 251658240                              {pd product} {ergonomic}
     bool SegmentedCodeCache                       = true                                      {product} {ergonomic}
     bool UseCompressedClassPointers               = true                                 {lp64_product} {ergonomic}
     bool UseCompressedOops                        = true                                 {lp64_product} {ergonomic}
     bool UseG1GC                                  = true                                      {product} {ergonomic}
     bool UseLargePagesIndividualAllocation        = false                                  {pd product} {ergonomic}

Logging:
Log output configuration:
 #0: stdout all=warning uptime,level,tags
 #1: stderr all=off uptime,level,tags

Environment Variables:
JAVA_HOME=C:\Program Files\Java\jdk1.8.0_331
PATH=C:\Users\33763\.p2\pool\plugins\org.eclipse.justj.openjdk.hotspot.jre.full.win32.x86_64_11.0.14.v20220314-1349\jre\bin;C:/Users/33763/.p2/pool/plugins/org.eclipse.justj.openjdk.hotspot.jre.full.win32.x86_64_11.0.14.v20220314-1349/jre/bin/server;C:/Users/33763/.p2/pool/plugins/org.eclipse.justj.openjdk.hotspot.jre.full.win32.x86_64_11.0.14.v20220314-1349/jre/bin;C:\Program Files\Common Files\Oracle\Java\javapath;C:\Python310\Scripts\;C:\Python310\;C:\Program Files (x86)\Common Files\Oracle\Java\javapath;C:\Windows\system32;C:\Windows;C:\Windows\System32\Wbem;C:\Windows\System32\WindowsPowerShell\v1.0\;C:\Windows\System32\OpenSSH\;C:\Program Files (x86)\NVIDIA Corporation\PhysX\Common;C:\WINDOWS\system32;C:\WINDOWS;C:\WINDOWS\System32\Wbem;C:\WINDOWS\System32\WindowsPowerShell\v1.0\;C:\WINDOWS\System32\OpenSSH\;C:\Program Files\Microsoft SQL Server\120\Tools\Binn\;C:\Program Files\Common Files\Autodesk Shared\;C:\Program Files\nodejs\;C:\ProgramData\chocolatey\bin;C:\Maven\bin;;C:\Program Files\Docker\Docker\resources\bin;C:\ProgramData\DockerDesktop\version-bin;C:\Program Files\MySQL\MySQL Shell 8.0\bin\;C:\Users\33763\AppData\Local\Microsoft\WindowsApps;;C:\Users\33763\AppData\Local\Programs\Microsoft VS Code\bin;C:\Users\33763\AppData\Roaming\npm;C:\WINDOWS\system32;
USERNAME=33763
OS=Windows_NT
PROCESSOR_IDENTIFIER=Intel64 Family 6 Model 142 Stepping 10, GenuineIntel



---------------  S Y S T E M  ---------------

OS: Windows 11 , 64 bit Build 22000 (10.0.22000.675)
OS uptime: 1 days 13:12 hours
Hyper-V role detected

CPU:total 8 (initial active 8) (4 cores per cpu, 2 threads per core) family 6 model 142 stepping 10 microcode 0xe0, cmov, cx8, fxsr, mmx, sse, sse2, sse3, ssse3, sse4.1, sse4.2, popcnt, avx, avx2, aes, clmul, erms, 3dnowpref, lzcnt, ht, tsc, tscinvbit, bmi1, bmi2, adx, fma

Memory: 4k page, system-wide physical 16258M (3911M free)
TotalPageFile size 23111M (AvailPageFile size 3194M)
current process WorkingSet (physical memory assigned to process): 443M, peak: 558M
current process commit charge ("private bytes"): 545M, peak: 667M

vm_info: OpenJDK 64-Bit Server VM (11.0.14.1+1) for windows-amd64 JRE (11.0.14.1+1), built on Feb  9 2022 01:48:27 by "" with unknown MS VC++:1916

END.
