#
# A fatal error has been detected by the Java Runtime Environment:
#
#  Internal Error (./src/hotspot/share/oops/generateOopMap.cpp:2164), pid=9784, tid=27696
#  fatal error: Illegal class file encountered. Try running with -Xverify:all in method test_getPatientNotes
#
# JRE version: OpenJDK Runtime Environment Temurin-11.0.14.1+1 (11.0.14.1+1) (build 11.0.14.1+1)
# Java VM: OpenJDK 64-Bit Server VM Temurin-11.0.14.1+1 (11.0.14.1+1, mixed mode, tiered, compressed oops, g1 gc, windows-amd64)
# No core dump will be written. Minidumps are not enabled by default on client versions of Windows
#
# If you would like to submit a bug report, please visit:
#   https://github.com/adoptium/adoptium-support/issues
#

---------------  S U M M A R Y ------------

Command Line: -agentlib:jdwp=transport=dt_socket,suspend=y,address=localhost:64332 -ea -javaagent:C:\Workspace_eclipse\eclipse\configuration\org.eclipse.osgi\225\0\.cp\lib\javaagent-shaded.jar -Dfile.encoding=UTF-8 org.eclipse.jdt.internal.junit.runner.RemoteTestRunner -version 3 -port 64331 -testLoaderClass org.eclipse.jdt.internal.junit5.runner.JUnit5TestLoader -loaderpluginname org.eclipse.jdt.junit5.runtime -test com.mediscreendiabete.DiabeteTest:test_getPatientNotes

Host: Intel(R) Core(TM) i7-8550U CPU @ 1.80GHz, 8 cores, 15G,  Windows 11 , 64 bit Build 22000 (10.0.22000.675)
Time: Sun Jun 12 13:56:07 2022 Paris, Madrid (heure d’été) elapsed time: 1623.022218 seconds (0d 0h 27m 3s)

---------------  T H R E A D  ---------------

Current thread (0x0000017c0ad66800):  VMThread "VM Thread" [stack: 0x0000006230a00000,0x0000006230b00000] [id=27696]

Stack: [0x0000006230a00000,0x0000006230b00000]
[error occurred during error reporting (printing stack bounds), id 0xc0000005, EXCEPTION_ACCESS_VIOLATION (0xc0000005) at pc=0x0000017c6f68112d]

Native frames: (J=compiled Java code, j=interpreted, Vv=VM code, C=native code)
V  [jvm.dll+0x61e59a]
V  [jvm.dll+0x7aaca9]
V  [jvm.dll+0x7ac398]
V  [jvm.dll+0x7ac9d5]
V  [jvm.dll+0x7ac98b]
V  [jvm.dll+0x61d927]
V  [jvm.dll+0x61e038]
C  [ntdll.dll+0xa8e4f]
C  [ntdll.dll+0x35e9a]
C  [ntdll.dll+0xa7e5e]
C  0x0000017c6f68112d

VM_Operation (0x00000062315ff560): GetOrSetLocal, mode: safepoint, requested by thread 0x0000017c0b91c000


---------------  P R O C E S S  ---------------

Threads class SMR info:
_java_thread_list=0x0000017c0ee8ec70, length=15, elements={
0x0000017c6b9ee000, 0x0000017c0ad6a000, 0x0000017c0ad6c800, 0x0000017c0b66c000,
0x0000017c0b66d000, 0x0000017c0b66e000, 0x0000017c0b674800, 0x0000017c0b678000,
0x0000017c0b681000, 0x0000017c0ad25000, 0x0000017c0b91c000, 0x0000017c0b8ef000,
0x0000017c0b8f2000, 0x0000017c0cb1d000, 0x0000017c172df000
}

Java Threads: ( => current thread )
  0x0000017c6b9ee000 JavaThread "main" [_thread_blocked, id=13732, stack(0x0000006230400000,0x0000006230500000)]
  0x0000017c0ad6a000 JavaThread "Reference Handler" daemon [_thread_blocked, id=1612, stack(0x0000006230b00000,0x0000006230c00000)]
  0x0000017c0ad6c800 JavaThread "Finalizer" daemon [_thread_blocked, id=25836, stack(0x0000006230c00000,0x0000006230d00000)]
  0x0000017c0b66c000 JavaThread "Signal Dispatcher" daemon [_thread_blocked, id=27784, stack(0x0000006230d00000,0x0000006230e00000)]
  0x0000017c0b66d000 JavaThread "Attach Listener" daemon [_thread_blocked, id=22856, stack(0x0000006230e00000,0x0000006230f00000)]
  0x0000017c0b66e000 JavaThread "Service Thread" daemon [_thread_blocked, id=26432, stack(0x0000006230f00000,0x0000006231000000)]
  0x0000017c0b674800 JavaThread "C2 CompilerThread0" daemon [_thread_blocked, id=3960, stack(0x0000006231000000,0x0000006231100000)]
  0x0000017c0b678000 JavaThread "C1 CompilerThread0" daemon [_thread_blocked, id=22456, stack(0x0000006231100000,0x0000006231200000)]
  0x0000017c0b681000 JavaThread "Sweeper thread" daemon [_thread_blocked, id=27980, stack(0x0000006231200000,0x0000006231300000)]
  0x0000017c0ad25000 JavaThread "Common-Cleaner" daemon [_thread_blocked, id=28096, stack(0x0000006231300000,0x0000006231400000)]
  0x0000017c0b91c000 JavaThread "JDWP Transport Listener: dt_socket" daemon [_thread_blocked, id=19836, stack(0x0000006231500000,0x0000006231600000)] _threads_hazard_ptr=0x0000017c0ee8ec70
  0x0000017c0b8ef000 JavaThread "JDWP Event Helper Thread" daemon [_thread_blocked, id=28036, stack(0x0000006231600000,0x0000006231700000)]
  0x0000017c0b8f2000 JavaThread "JDWP Command Reader" daemon [_thread_in_native, id=10536, stack(0x0000006231700000,0x0000006231800000)]
  0x0000017c0cb1d000 JavaThread "ReaderThread" [_thread_in_native, id=876, stack(0x0000006231a00000,0x0000006231b00000)]
  0x0000017c172df000 JavaThread "spring.cloud.inetutils" daemon [_thread_blocked, id=15580, stack(0x0000006232100000,0x0000006232200000)]

Other Threads:
=>0x0000017c0ad66800 VMThread "VM Thread" [stack: 0x0000006230a00000,0x0000006230b00000] [id=27696]
  0x0000017c0bde8800 WatcherThread [stack: 0x0000006231800000,0x0000006231900000] [id=21940]
  0x0000017c6ba07000 GCTaskThread "GC Thread#0" [stack: 0x0000006230500000,0x0000006230600000] [id=18988]
  0x0000017c0c1d0800 GCTaskThread "GC Thread#1" [stack: 0x0000006231b00000,0x0000006231c00000] [id=20160]
  0x0000017c0c1d1000 GCTaskThread "GC Thread#2" [stack: 0x0000006231c00000,0x0000006231d00000] [id=28012]
  0x0000017c0c8a2000 GCTaskThread "GC Thread#3" [stack: 0x0000006231d00000,0x0000006231e00000] [id=12340]
  0x0000017c0c8a3000 GCTaskThread "GC Thread#4" [stack: 0x0000006231e00000,0x0000006231f00000] [id=28208]
  0x0000017c0c1a5000 GCTaskThread "GC Thread#5" [stack: 0x0000006231f00000,0x0000006232000000] [id=26276]
  0x0000017c6ba61800 ConcurrentGCThread "G1 Main Marker" [stack: 0x0000006230600000,0x0000006230700000] [id=1464]
  0x0000017c6ba63000 ConcurrentGCThread "G1 Conc#0" [stack: 0x0000006230700000,0x0000006230800000] [id=1704]
  0x0000017c0eadd800 ConcurrentGCThread "G1 Conc#1" [stack: 0x0000006232000000,0x0000006232100000] [id=26740]
  0x0000017c0ac4d800 ConcurrentGCThread "G1 Refine#0" [stack: 0x0000006230800000,0x0000006230900000] [id=28392]
  0x0000017c0ac4e800 ConcurrentGCThread "G1 Young RemSet Sampling" [stack: 0x0000006230900000,0x0000006230a00000] [id=25172]

Threads with active compile tasks:

VM state:at safepoint (normal execution)

VM Mutex/Monitor currently owned by a thread:  ([mutex/lock_event])
[0x0000017c6b9eae70] Threads_lock - owner thread: 0x0000017c0ad66800

Heap address: 0x0000000701e00000, size: 4066 MB, Compressed Oops mode: Zero based, Oop shift amount: 3
Narrow klass base: 0x0000000800000000, Narrow klass shift: 0
Compressed class space size: 1073741824 Address: 0x0000000800000000

Heap:
 garbage-first heap   total 262144K, used 112165K [0x0000000701e00000, 0x0000000800000000)
  region size 1024K, 105 young (107520K), 13 survivors (13312K)
 Metaspace       used 45982K, capacity 47622K, committed 47792K, reserved 1091584K
  class space    used 5707K, capacity 6325K, committed 6400K, reserved 1048576K
Heap Regions: E=young(eden), S=young(survivor), O=old, HS=humongous(starts), HC=humongous(continues), CS=collection set, F=free, A=archive, TAMS=top-at-mark-start (previous, next)
|   0|0x0000000701e00000, 0x0000000701f00000, 0x0000000701f00000|100%| O|  |TAMS 0x0000000701e00000, 0x0000000701e00000| Untracked 
|   1|0x0000000701f00000, 0x0000000702000000, 0x0000000702000000|100%| O|  |TAMS 0x0000000702000000, 0x0000000701f00000| Untracked 
|   2|0x0000000702000000, 0x0000000702100000, 0x0000000702100000|100%| O|  |TAMS 0x0000000702100000, 0x0000000702000000| Untracked 
|   3|0x0000000702100000, 0x0000000702200000, 0x0000000702200000|100%| O|  |TAMS 0x00000007021ac800, 0x0000000702100000| Untracked 
|   4|0x0000000702200000, 0x0000000702300000, 0x0000000702300000|100%| O|  |TAMS 0x0000000702200000, 0x0000000702200000| Untracked 
|   5|0x0000000702300000, 0x00000007023c6600, 0x0000000702400000| 77%| O|  |TAMS 0x0000000702300000, 0x0000000702300000| Untracked 
|   6|0x0000000702400000, 0x0000000702400000, 0x0000000702500000|  0%| F|  |TAMS 0x0000000702400000, 0x0000000702400000| Untracked 
|   7|0x0000000702500000, 0x0000000702500000, 0x0000000702600000|  0%| F|  |TAMS 0x0000000702500000, 0x0000000702500000| Untracked 
|   8|0x0000000702600000, 0x0000000702600000, 0x0000000702700000|  0%| F|  |TAMS 0x0000000702600000, 0x0000000702600000| Untracked 
|   9|0x0000000702700000, 0x0000000702700000, 0x0000000702800000|  0%| F|  |TAMS 0x0000000702700000, 0x0000000702700000| Untracked 
|  10|0x0000000702800000, 0x0000000702800000, 0x0000000702900000|  0%| F|  |TAMS 0x0000000702800000, 0x0000000702800000| Untracked 
|  11|0x0000000702900000, 0x0000000702900000, 0x0000000702a00000|  0%| F|  |TAMS 0x0000000702900000, 0x0000000702900000| Untracked 
|  12|0x0000000702a00000, 0x0000000702a00000, 0x0000000702b00000|  0%| F|  |TAMS 0x0000000702a00000, 0x0000000702a00000| Untracked 
|  13|0x0000000702b00000, 0x0000000702b00000, 0x0000000702c00000|  0%| F|  |TAMS 0x0000000702b00000, 0x0000000702b00000| Untracked 
|  14|0x0000000702c00000, 0x0000000702c00000, 0x0000000702d00000|  0%| F|  |TAMS 0x0000000702c00000, 0x0000000702c00000| Untracked 
|  15|0x0000000702d00000, 0x0000000702d00000, 0x0000000702e00000|  0%| F|  |TAMS 0x0000000702d00000, 0x0000000702d00000| Untracked 
|  16|0x0000000702e00000, 0x0000000702e00000, 0x0000000702f00000|  0%| F|  |TAMS 0x0000000702e00000, 0x0000000702e00000| Untracked 
|  17|0x0000000702f00000, 0x0000000702f00000, 0x0000000703000000|  0%| F|  |TAMS 0x0000000702f00000, 0x0000000702f00000| Untracked 
|  18|0x0000000703000000, 0x0000000703000000, 0x0000000703100000|  0%| F|  |TAMS 0x0000000703000000, 0x0000000703000000| Untracked 
|  19|0x0000000703100000, 0x0000000703100000, 0x0000000703200000|  0%| F|  |TAMS 0x0000000703100000, 0x0000000703100000| Untracked 
|  20|0x0000000703200000, 0x0000000703200000, 0x0000000703300000|  0%| F|  |TAMS 0x0000000703200000, 0x0000000703200000| Untracked 
|  21|0x0000000703300000, 0x0000000703300000, 0x0000000703400000|  0%| F|  |TAMS 0x0000000703300000, 0x0000000703300000| Untracked 
|  22|0x0000000703400000, 0x0000000703400000, 0x0000000703500000|  0%| F|  |TAMS 0x0000000703400000, 0x0000000703400000| Untracked 
|  23|0x0000000703500000, 0x0000000703500000, 0x0000000703600000|  0%| F|  |TAMS 0x0000000703500000, 0x0000000703500000| Untracked 
|  24|0x0000000703600000, 0x0000000703600000, 0x0000000703700000|  0%| F|  |TAMS 0x0000000703600000, 0x0000000703600000| Untracked 
|  25|0x0000000703700000, 0x0000000703700000, 0x0000000703800000|  0%| F|  |TAMS 0x0000000703700000, 0x0000000703700000| Untracked 
|  26|0x0000000703800000, 0x0000000703800000, 0x0000000703900000|  0%| F|  |TAMS 0x0000000703800000, 0x0000000703800000| Untracked 
|  27|0x0000000703900000, 0x0000000703900000, 0x0000000703a00000|  0%| F|  |TAMS 0x0000000703900000, 0x0000000703900000| Untracked 
|  28|0x0000000703a00000, 0x0000000703a00000, 0x0000000703b00000|  0%| F|  |TAMS 0x0000000703a00000, 0x0000000703a00000| Untracked 
|  29|0x0000000703b00000, 0x0000000703b00000, 0x0000000703c00000|  0%| F|  |TAMS 0x0000000703b00000, 0x0000000703b00000| Untracked 
|  30|0x0000000703c00000, 0x0000000703c00000, 0x0000000703d00000|  0%| F|  |TAMS 0x0000000703c00000, 0x0000000703c00000| Untracked 
|  31|0x0000000703d00000, 0x0000000703d00000, 0x0000000703e00000|  0%| F|  |TAMS 0x0000000703d00000, 0x0000000703d00000| Untracked 
|  32|0x0000000703e00000, 0x0000000703e00000, 0x0000000703f00000|  0%| F|  |TAMS 0x0000000703e00000, 0x0000000703e00000| Untracked 
|  33|0x0000000703f00000, 0x0000000703f00000, 0x0000000704000000|  0%| F|  |TAMS 0x0000000703f00000, 0x0000000703f00000| Untracked 
|  34|0x0000000704000000, 0x0000000704000000, 0x0000000704100000|  0%| F|  |TAMS 0x0000000704000000, 0x0000000704000000| Untracked 
|  35|0x0000000704100000, 0x0000000704100000, 0x0000000704200000|  0%| F|  |TAMS 0x0000000704100000, 0x0000000704100000| Untracked 
|  36|0x0000000704200000, 0x0000000704200000, 0x0000000704300000|  0%| F|  |TAMS 0x0000000704200000, 0x0000000704200000| Untracked 
|  37|0x0000000704300000, 0x0000000704300000, 0x0000000704400000|  0%| F|  |TAMS 0x0000000704300000, 0x0000000704300000| Untracked 
|  38|0x0000000704400000, 0x0000000704400000, 0x0000000704500000|  0%| F|  |TAMS 0x0000000704400000, 0x0000000704400000| Untracked 
|  39|0x0000000704500000, 0x0000000704500000, 0x0000000704600000|  0%| F|  |TAMS 0x0000000704500000, 0x0000000704500000| Untracked 
|  40|0x0000000704600000, 0x0000000704600000, 0x0000000704700000|  0%| F|  |TAMS 0x0000000704600000, 0x0000000704600000| Untracked 
|  41|0x0000000704700000, 0x0000000704700000, 0x0000000704800000|  0%| F|  |TAMS 0x0000000704700000, 0x0000000704700000| Untracked 
|  42|0x0000000704800000, 0x0000000704800000, 0x0000000704900000|  0%| F|  |TAMS 0x0000000704800000, 0x0000000704800000| Untracked 
|  43|0x0000000704900000, 0x0000000704900000, 0x0000000704a00000|  0%| F|  |TAMS 0x0000000704900000, 0x0000000704900000| Untracked 
|  44|0x0000000704a00000, 0x0000000704a00000, 0x0000000704b00000|  0%| F|  |TAMS 0x0000000704a00000, 0x0000000704a00000| Untracked 
|  45|0x0000000704b00000, 0x0000000704b00000, 0x0000000704c00000|  0%| F|  |TAMS 0x0000000704b00000, 0x0000000704b00000| Untracked 
|  46|0x0000000704c00000, 0x0000000704c00000, 0x0000000704d00000|  0%| F|  |TAMS 0x0000000704c00000, 0x0000000704c00000| Untracked 
|  47|0x0000000704d00000, 0x0000000704d00000, 0x0000000704e00000|  0%| F|  |TAMS 0x0000000704d00000, 0x0000000704d00000| Untracked 
|  48|0x0000000704e00000, 0x0000000704e00000, 0x0000000704f00000|  0%| F|  |TAMS 0x0000000704e00000, 0x0000000704e00000| Untracked 
|  49|0x0000000704f00000, 0x0000000704f00000, 0x0000000705000000|  0%| F|  |TAMS 0x0000000704f00000, 0x0000000704f00000| Untracked 
|  50|0x0000000705000000, 0x0000000705000000, 0x0000000705100000|  0%| F|  |TAMS 0x0000000705000000, 0x0000000705000000| Untracked 
|  51|0x0000000705100000, 0x0000000705100000, 0x0000000705200000|  0%| F|  |TAMS 0x0000000705100000, 0x0000000705100000| Untracked 
|  52|0x0000000705200000, 0x0000000705200000, 0x0000000705300000|  0%| F|  |TAMS 0x0000000705200000, 0x0000000705200000| Untracked 
|  53|0x0000000705300000, 0x0000000705300000, 0x0000000705400000|  0%| F|  |TAMS 0x0000000705300000, 0x0000000705300000| Untracked 
|  54|0x0000000705400000, 0x0000000705400000, 0x0000000705500000|  0%| F|  |TAMS 0x0000000705400000, 0x0000000705400000| Untracked 
|  55|0x0000000705500000, 0x0000000705500000, 0x0000000705600000|  0%| F|  |TAMS 0x0000000705500000, 0x0000000705500000| Untracked 
|  56|0x0000000705600000, 0x0000000705600000, 0x0000000705700000|  0%| F|  |TAMS 0x0000000705600000, 0x0000000705600000| Untracked 
|  57|0x0000000705700000, 0x0000000705700000, 0x0000000705800000|  0%| F|  |TAMS 0x0000000705700000, 0x0000000705700000| Untracked 
|  58|0x0000000705800000, 0x0000000705800000, 0x0000000705900000|  0%| F|  |TAMS 0x0000000705800000, 0x0000000705800000| Untracked 
|  59|0x0000000705900000, 0x0000000705900000, 0x0000000705a00000|  0%| F|  |TAMS 0x0000000705900000, 0x0000000705900000| Untracked 
|  60|0x0000000705a00000, 0x0000000705a00000, 0x0000000705b00000|  0%| F|  |TAMS 0x0000000705a00000, 0x0000000705a00000| Untracked 
|  61|0x0000000705b00000, 0x0000000705b00000, 0x0000000705c00000|  0%| F|  |TAMS 0x0000000705b00000, 0x0000000705b00000| Untracked 
|  62|0x0000000705c00000, 0x0000000705c00000, 0x0000000705d00000|  0%| F|  |TAMS 0x0000000705c00000, 0x0000000705c00000| Untracked 
|  63|0x0000000705d00000, 0x0000000705d00000, 0x0000000705e00000|  0%| F|  |TAMS 0x0000000705d00000, 0x0000000705d00000| Untracked 
|  64|0x0000000705e00000, 0x0000000705e00000, 0x0000000705f00000|  0%| F|  |TAMS 0x0000000705e00000, 0x0000000705e00000| Untracked 
|  65|0x0000000705f00000, 0x0000000705f00000, 0x0000000706000000|  0%| F|  |TAMS 0x0000000705f00000, 0x0000000705f00000| Untracked 
|  66|0x0000000706000000, 0x0000000706000000, 0x0000000706100000|  0%| F|  |TAMS 0x0000000706000000, 0x0000000706000000| Untracked 
|  67|0x0000000706100000, 0x0000000706100000, 0x0000000706200000|  0%| F|  |TAMS 0x0000000706100000, 0x0000000706100000| Untracked 
|  68|0x0000000706200000, 0x0000000706200000, 0x0000000706300000|  0%| F|  |TAMS 0x0000000706200000, 0x0000000706200000| Untracked 
|  69|0x0000000706300000, 0x0000000706300000, 0x0000000706400000|  0%| F|  |TAMS 0x0000000706300000, 0x0000000706300000| Untracked 
|  70|0x0000000706400000, 0x0000000706400000, 0x0000000706500000|  0%| F|  |TAMS 0x0000000706400000, 0x0000000706400000| Untracked 
|  71|0x0000000706500000, 0x0000000706500000, 0x0000000706600000|  0%| F|  |TAMS 0x0000000706500000, 0x0000000706500000| Untracked 
|  72|0x0000000706600000, 0x0000000706600000, 0x0000000706700000|  0%| F|  |TAMS 0x0000000706600000, 0x0000000706600000| Untracked 
|  73|0x0000000706700000, 0x0000000706700000, 0x0000000706800000|  0%| F|  |TAMS 0x0000000706700000, 0x0000000706700000| Untracked 
|  74|0x0000000706800000, 0x0000000706800000, 0x0000000706900000|  0%| F|  |TAMS 0x0000000706800000, 0x0000000706800000| Untracked 
|  75|0x0000000706900000, 0x0000000706900000, 0x0000000706a00000|  0%| F|  |TAMS 0x0000000706900000, 0x0000000706900000| Untracked 
|  76|0x0000000706a00000, 0x0000000706a00000, 0x0000000706b00000|  0%| F|  |TAMS 0x0000000706a00000, 0x0000000706a00000| Untracked 
|  77|0x0000000706b00000, 0x0000000706b00000, 0x0000000706c00000|  0%| F|  |TAMS 0x0000000706b00000, 0x0000000706b00000| Untracked 
|  78|0x0000000706c00000, 0x0000000706c00000, 0x0000000706d00000|  0%| F|  |TAMS 0x0000000706c00000, 0x0000000706c00000| Untracked 
|  79|0x0000000706d00000, 0x0000000706d00000, 0x0000000706e00000|  0%| F|  |TAMS 0x0000000706d00000, 0x0000000706d00000| Untracked 
|  80|0x0000000706e00000, 0x0000000706e00000, 0x0000000706f00000|  0%| F|  |TAMS 0x0000000706e00000, 0x0000000706e00000| Untracked 
|  81|0x0000000706f00000, 0x0000000706f00000, 0x0000000707000000|  0%| F|  |TAMS 0x0000000706f00000, 0x0000000706f00000| Untracked 
|  82|0x0000000707000000, 0x0000000707000000, 0x0000000707100000|  0%| F|  |TAMS 0x0000000707000000, 0x0000000707000000| Untracked 
|  83|0x0000000707100000, 0x0000000707100000, 0x0000000707200000|  0%| F|  |TAMS 0x0000000707100000, 0x0000000707100000| Untracked 
|  84|0x0000000707200000, 0x0000000707200000, 0x0000000707300000|  0%| F|  |TAMS 0x0000000707200000, 0x0000000707200000| Untracked 
|  85|0x0000000707300000, 0x0000000707300000, 0x0000000707400000|  0%| F|  |TAMS 0x0000000707300000, 0x0000000707300000| Untracked 
|  86|0x0000000707400000, 0x0000000707400000, 0x0000000707500000|  0%| F|  |TAMS 0x0000000707400000, 0x0000000707400000| Untracked 
|  87|0x0000000707500000, 0x0000000707500000, 0x0000000707600000|  0%| F|  |TAMS 0x0000000707500000, 0x0000000707500000| Untracked 
|  88|0x0000000707600000, 0x0000000707600000, 0x0000000707700000|  0%| F|  |TAMS 0x0000000707600000, 0x0000000707600000| Untracked 
|  89|0x0000000707700000, 0x0000000707700000, 0x0000000707800000|  0%| F|  |TAMS 0x0000000707700000, 0x0000000707700000| Untracked 
|  90|0x0000000707800000, 0x0000000707800000, 0x0000000707900000|  0%| F|  |TAMS 0x0000000707800000, 0x0000000707800000| Untracked 
|  91|0x0000000707900000, 0x0000000707900000, 0x0000000707a00000|  0%| F|  |TAMS 0x0000000707900000, 0x0000000707900000| Untracked 
|  92|0x0000000707a00000, 0x0000000707a00000, 0x0000000707b00000|  0%| F|  |TAMS 0x0000000707a00000, 0x0000000707a00000| Untracked 
|  93|0x0000000707b00000, 0x0000000707b00000, 0x0000000707c00000|  0%| F|  |TAMS 0x0000000707b00000, 0x0000000707b00000| Untracked 
|  94|0x0000000707c00000, 0x0000000707c00000, 0x0000000707d00000|  0%| F|  |TAMS 0x0000000707c00000, 0x0000000707c00000| Untracked 
|  95|0x0000000707d00000, 0x0000000707d00000, 0x0000000707e00000|  0%| F|  |TAMS 0x0000000707d00000, 0x0000000707d00000| Untracked 
|  96|0x0000000707e00000, 0x0000000707e00000, 0x0000000707f00000|  0%| F|  |TAMS 0x0000000707e00000, 0x0000000707e00000| Untracked 
|  97|0x0000000707f00000, 0x0000000707f00000, 0x0000000708000000|  0%| F|  |TAMS 0x0000000707f00000, 0x0000000707f00000| Untracked 
|  98|0x0000000708000000, 0x0000000708000000, 0x0000000708100000|  0%| F|  |TAMS 0x0000000708000000, 0x0000000708000000| Untracked 
|  99|0x0000000708100000, 0x0000000708100000, 0x0000000708200000|  0%| F|  |TAMS 0x0000000708100000, 0x0000000708100000| Untracked 
| 100|0x0000000708200000, 0x0000000708200000, 0x0000000708300000|  0%| F|  |TAMS 0x0000000708200000, 0x0000000708200000| Untracked 
| 101|0x0000000708300000, 0x0000000708300000, 0x0000000708400000|  0%| F|  |TAMS 0x0000000708300000, 0x0000000708300000| Untracked 
| 102|0x0000000708400000, 0x0000000708400000, 0x0000000708500000|  0%| F|  |TAMS 0x0000000708400000, 0x0000000708400000| Untracked 
| 103|0x0000000708500000, 0x0000000708500000, 0x0000000708600000|  0%| F|  |TAMS 0x0000000708500000, 0x0000000708500000| Untracked 
| 104|0x0000000708600000, 0x00000007086c2ec8, 0x0000000708700000| 76%| S|CS|TAMS 0x0000000708600000, 0x0000000708600000| Complete 
| 105|0x0000000708700000, 0x0000000708800000, 0x0000000708800000|100%| S|CS|TAMS 0x0000000708700000, 0x0000000708700000| Complete 
| 106|0x0000000708800000, 0x0000000708900000, 0x0000000708900000|100%| S|CS|TAMS 0x0000000708800000, 0x0000000708800000| Complete 
| 107|0x0000000708900000, 0x0000000708a00000, 0x0000000708a00000|100%| S|CS|TAMS 0x0000000708900000, 0x0000000708900000| Complete 
| 108|0x0000000708a00000, 0x0000000708b00000, 0x0000000708b00000|100%| S|CS|TAMS 0x0000000708a00000, 0x0000000708a00000| Complete 
| 109|0x0000000708b00000, 0x0000000708c00000, 0x0000000708c00000|100%| S|CS|TAMS 0x0000000708b00000, 0x0000000708b00000| Complete 
| 110|0x0000000708c00000, 0x0000000708d00000, 0x0000000708d00000|100%| S|CS|TAMS 0x0000000708c00000, 0x0000000708c00000| Complete 
| 111|0x0000000708d00000, 0x0000000708e00000, 0x0000000708e00000|100%| S|CS|TAMS 0x0000000708d00000, 0x0000000708d00000| Complete 
| 112|0x0000000708e00000, 0x0000000708f00000, 0x0000000708f00000|100%| S|CS|TAMS 0x0000000708e00000, 0x0000000708e00000| Complete 
| 113|0x0000000708f00000, 0x0000000709000000, 0x0000000709000000|100%| S|CS|TAMS 0x0000000708f00000, 0x0000000708f00000| Complete 
| 114|0x0000000709000000, 0x0000000709100000, 0x0000000709100000|100%| S|CS|TAMS 0x0000000709000000, 0x0000000709000000| Complete 
| 115|0x0000000709100000, 0x0000000709200000, 0x0000000709200000|100%| S|CS|TAMS 0x0000000709100000, 0x0000000709100000| Complete 
| 116|0x0000000709200000, 0x0000000709300000, 0x0000000709300000|100%| S|CS|TAMS 0x0000000709200000, 0x0000000709200000| Complete 
| 117|0x0000000709300000, 0x0000000709300000, 0x0000000709400000|  0%| F|  |TAMS 0x0000000709300000, 0x0000000709300000| Untracked 
| 118|0x0000000709400000, 0x0000000709400000, 0x0000000709500000|  0%| F|  |TAMS 0x0000000709400000, 0x0000000709400000| Untracked 
| 119|0x0000000709500000, 0x0000000709500000, 0x0000000709600000|  0%| F|  |TAMS 0x0000000709500000, 0x0000000709500000| Untracked 
| 120|0x0000000709600000, 0x0000000709600000, 0x0000000709700000|  0%| F|  |TAMS 0x0000000709600000, 0x0000000709600000| Untracked 
| 121|0x0000000709700000, 0x0000000709700000, 0x0000000709800000|  0%| F|  |TAMS 0x0000000709700000, 0x0000000709700000| Untracked 
| 122|0x0000000709800000, 0x0000000709800000, 0x0000000709900000|  0%| F|  |TAMS 0x0000000709800000, 0x0000000709800000| Untracked 
| 123|0x0000000709900000, 0x0000000709900000, 0x0000000709a00000|  0%| F|  |TAMS 0x0000000709900000, 0x0000000709900000| Untracked 
| 124|0x0000000709a00000, 0x0000000709a00000, 0x0000000709b00000|  0%| F|  |TAMS 0x0000000709a00000, 0x0000000709a00000| Untracked 
| 125|0x0000000709b00000, 0x0000000709b00000, 0x0000000709c00000|  0%| F|  |TAMS 0x0000000709b00000, 0x0000000709b00000| Untracked 
| 126|0x0000000709c00000, 0x0000000709c00000, 0x0000000709d00000|  0%| F|  |TAMS 0x0000000709c00000, 0x0000000709c00000| Untracked 
| 127|0x0000000709d00000, 0x0000000709d00000, 0x0000000709e00000|  0%| F|  |TAMS 0x0000000709d00000, 0x0000000709d00000| Untracked 
| 128|0x0000000709e00000, 0x0000000709e00000, 0x0000000709f00000|  0%| F|  |TAMS 0x0000000709e00000, 0x0000000709e00000| Untracked 
| 129|0x0000000709f00000, 0x0000000709f00000, 0x000000070a000000|  0%| F|  |TAMS 0x0000000709f00000, 0x0000000709f00000| Untracked 
| 130|0x000000070a000000, 0x000000070a000000, 0x000000070a100000|  0%| F|  |TAMS 0x000000070a000000, 0x000000070a000000| Untracked 
| 131|0x000000070a100000, 0x000000070a100000, 0x000000070a200000|  0%| F|  |TAMS 0x000000070a100000, 0x000000070a100000| Untracked 
| 132|0x000000070a200000, 0x000000070a200000, 0x000000070a300000|  0%| F|  |TAMS 0x000000070a200000, 0x000000070a200000| Untracked 
| 133|0x000000070a300000, 0x000000070a300000, 0x000000070a400000|  0%| F|  |TAMS 0x000000070a300000, 0x000000070a300000| Untracked 
| 134|0x000000070a400000, 0x000000070a400000, 0x000000070a500000|  0%| F|  |TAMS 0x000000070a400000, 0x000000070a400000| Untracked 
| 135|0x000000070a500000, 0x000000070a500000, 0x000000070a600000|  0%| F|  |TAMS 0x000000070a500000, 0x000000070a500000| Untracked 
| 136|0x000000070a600000, 0x000000070a600000, 0x000000070a700000|  0%| F|  |TAMS 0x000000070a600000, 0x000000070a600000| Untracked 
| 137|0x000000070a700000, 0x000000070a700000, 0x000000070a800000|  0%| F|  |TAMS 0x000000070a700000, 0x000000070a700000| Untracked 
| 138|0x000000070a800000, 0x000000070a800000, 0x000000070a900000|  0%| F|  |TAMS 0x000000070a800000, 0x000000070a800000| Untracked 
| 139|0x000000070a900000, 0x000000070a900000, 0x000000070aa00000|  0%| F|  |TAMS 0x000000070a900000, 0x000000070a900000| Untracked 
| 140|0x000000070aa00000, 0x000000070aa00000, 0x000000070ab00000|  0%| F|  |TAMS 0x000000070aa00000, 0x000000070aa00000| Untracked 
| 141|0x000000070ab00000, 0x000000070ab00000, 0x000000070ac00000|  0%| F|  |TAMS 0x000000070ab00000, 0x000000070ab00000| Untracked 
| 142|0x000000070ac00000, 0x000000070ac00000, 0x000000070ad00000|  0%| F|  |TAMS 0x000000070ac00000, 0x000000070ac00000| Untracked 
| 143|0x000000070ad00000, 0x000000070ad00000, 0x000000070ae00000|  0%| F|  |TAMS 0x000000070ad00000, 0x000000070ad00000| Untracked 
| 144|0x000000070ae00000, 0x000000070ae00000, 0x000000070af00000|  0%| F|  |TAMS 0x000000070ae00000, 0x000000070ae00000| Untracked 
| 145|0x000000070af00000, 0x000000070af00000, 0x000000070b000000|  0%| F|  |TAMS 0x000000070af00000, 0x000000070af00000| Untracked 
| 146|0x000000070b000000, 0x000000070b000000, 0x000000070b100000|  0%| F|  |TAMS 0x000000070b000000, 0x000000070b000000| Untracked 
| 147|0x000000070b100000, 0x000000070b100000, 0x000000070b200000|  0%| F|  |TAMS 0x000000070b100000, 0x000000070b100000| Untracked 
| 148|0x000000070b200000, 0x000000070b200000, 0x000000070b300000|  0%| F|  |TAMS 0x000000070b200000, 0x000000070b200000| Untracked 
| 149|0x000000070b300000, 0x000000070b300000, 0x000000070b400000|  0%| F|  |TAMS 0x000000070b300000, 0x000000070b300000| Untracked 
| 150|0x000000070b400000, 0x000000070b400000, 0x000000070b500000|  0%| F|  |TAMS 0x000000070b400000, 0x000000070b400000| Untracked 
| 151|0x000000070b500000, 0x000000070b500000, 0x000000070b600000|  0%| F|  |TAMS 0x000000070b500000, 0x000000070b500000| Untracked 
| 152|0x000000070b600000, 0x000000070b600000, 0x000000070b700000|  0%| F|  |TAMS 0x000000070b600000, 0x000000070b600000| Untracked 
| 153|0x000000070b700000, 0x000000070b700000, 0x000000070b800000|  0%| F|  |TAMS 0x000000070b700000, 0x000000070b700000| Untracked 
| 154|0x000000070b800000, 0x000000070b800000, 0x000000070b900000|  0%| F|  |TAMS 0x000000070b800000, 0x000000070b800000| Untracked 
| 155|0x000000070b900000, 0x000000070b900000, 0x000000070ba00000|  0%| F|  |TAMS 0x000000070b900000, 0x000000070b900000| Untracked 
| 156|0x000000070ba00000, 0x000000070ba00000, 0x000000070bb00000|  0%| F|  |TAMS 0x000000070ba00000, 0x000000070ba00000| Untracked 
| 157|0x000000070bb00000, 0x000000070bb00000, 0x000000070bc00000|  0%| F|  |TAMS 0x000000070bb00000, 0x000000070bb00000| Untracked 
| 158|0x000000070bc00000, 0x000000070bc00000, 0x000000070bd00000|  0%| F|  |TAMS 0x000000070bc00000, 0x000000070bc00000| Untracked 
| 159|0x000000070bd00000, 0x000000070bd00000, 0x000000070be00000|  0%| F|  |TAMS 0x000000070bd00000, 0x000000070bd00000| Untracked 
| 160|0x000000070be00000, 0x000000070be00000, 0x000000070bf00000|  0%| F|  |TAMS 0x000000070be00000, 0x000000070be00000| Untracked 
| 161|0x000000070bf00000, 0x000000070bf00000, 0x000000070c000000|  0%| F|  |TAMS 0x000000070bf00000, 0x000000070bf00000| Untracked 
| 162|0x000000070c000000, 0x000000070c000000, 0x000000070c100000|  0%| F|  |TAMS 0x000000070c000000, 0x000000070c000000| Untracked 
| 163|0x000000070c100000, 0x000000070c100000, 0x000000070c200000|  0%| F|  |TAMS 0x000000070c100000, 0x000000070c100000| Untracked 
| 164|0x000000070c200000, 0x000000070c280800, 0x000000070c300000| 50%| E|  |TAMS 0x000000070c200000, 0x000000070c200000| Complete 
| 165|0x000000070c300000, 0x000000070c400000, 0x000000070c400000|100%| E|CS|TAMS 0x000000070c300000, 0x000000070c300000| Complete 
| 166|0x000000070c400000, 0x000000070c500000, 0x000000070c500000|100%| E|CS|TAMS 0x000000070c400000, 0x000000070c400000| Complete 
| 167|0x000000070c500000, 0x000000070c600000, 0x000000070c600000|100%| E|CS|TAMS 0x000000070c500000, 0x000000070c500000| Complete 
| 168|0x000000070c600000, 0x000000070c700000, 0x000000070c700000|100%| E|CS|TAMS 0x000000070c600000, 0x000000070c600000| Complete 
| 169|0x000000070c700000, 0x000000070c800000, 0x000000070c800000|100%| E|CS|TAMS 0x000000070c700000, 0x000000070c700000| Complete 
| 170|0x000000070c800000, 0x000000070c900000, 0x000000070c900000|100%| E|CS|TAMS 0x000000070c800000, 0x000000070c800000| Complete 
| 171|0x000000070c900000, 0x000000070ca00000, 0x000000070ca00000|100%| E|CS|TAMS 0x000000070c900000, 0x000000070c900000| Complete 
| 172|0x000000070ca00000, 0x000000070cb00000, 0x000000070cb00000|100%| E|CS|TAMS 0x000000070ca00000, 0x000000070ca00000| Complete 
| 173|0x000000070cb00000, 0x000000070cc00000, 0x000000070cc00000|100%| E|CS|TAMS 0x000000070cb00000, 0x000000070cb00000| Complete 
| 174|0x000000070cc00000, 0x000000070cd00000, 0x000000070cd00000|100%| E|CS|TAMS 0x000000070cc00000, 0x000000070cc00000| Complete 
| 175|0x000000070cd00000, 0x000000070ce00000, 0x000000070ce00000|100%| E|CS|TAMS 0x000000070cd00000, 0x000000070cd00000| Complete 
| 176|0x000000070ce00000, 0x000000070cf00000, 0x000000070cf00000|100%| E|CS|TAMS 0x000000070ce00000, 0x000000070ce00000| Complete 
| 177|0x000000070cf00000, 0x000000070d000000, 0x000000070d000000|100%| E|CS|TAMS 0x000000070cf00000, 0x000000070cf00000| Complete 
| 178|0x000000070d000000, 0x000000070d100000, 0x000000070d100000|100%| E|CS|TAMS 0x000000070d000000, 0x000000070d000000| Complete 
| 179|0x000000070d100000, 0x000000070d200000, 0x000000070d200000|100%| E|CS|TAMS 0x000000070d100000, 0x000000070d100000| Complete 
| 180|0x000000070d200000, 0x000000070d300000, 0x000000070d300000|100%| E|CS|TAMS 0x000000070d200000, 0x000000070d200000| Complete 
| 181|0x000000070d300000, 0x000000070d400000, 0x000000070d400000|100%| E|CS|TAMS 0x000000070d300000, 0x000000070d300000| Complete 
| 182|0x000000070d400000, 0x000000070d500000, 0x000000070d500000|100%| E|CS|TAMS 0x000000070d400000, 0x000000070d400000| Complete 
| 183|0x000000070d500000, 0x000000070d600000, 0x000000070d600000|100%| E|CS|TAMS 0x000000070d500000, 0x000000070d500000| Complete 
| 184|0x000000070d600000, 0x000000070d700000, 0x000000070d700000|100%| E|CS|TAMS 0x000000070d600000, 0x000000070d600000| Complete 
| 185|0x000000070d700000, 0x000000070d800000, 0x000000070d800000|100%| E|CS|TAMS 0x000000070d700000, 0x000000070d700000| Complete 
| 186|0x000000070d800000, 0x000000070d900000, 0x000000070d900000|100%| E|CS|TAMS 0x000000070d800000, 0x000000070d800000| Complete 
| 187|0x000000070d900000, 0x000000070da00000, 0x000000070da00000|100%| E|CS|TAMS 0x000000070d900000, 0x000000070d900000| Complete 
| 188|0x000000070da00000, 0x000000070db00000, 0x000000070db00000|100%| E|CS|TAMS 0x000000070da00000, 0x000000070da00000| Complete 
| 189|0x000000070db00000, 0x000000070dc00000, 0x000000070dc00000|100%| E|CS|TAMS 0x000000070db00000, 0x000000070db00000| Complete 
| 190|0x000000070dc00000, 0x000000070dd00000, 0x000000070dd00000|100%| E|CS|TAMS 0x000000070dc00000, 0x000000070dc00000| Complete 
| 191|0x000000070dd00000, 0x000000070de00000, 0x000000070de00000|100%| E|CS|TAMS 0x000000070dd00000, 0x000000070dd00000| Complete 
| 192|0x000000070de00000, 0x000000070df00000, 0x000000070df00000|100%| E|CS|TAMS 0x000000070de00000, 0x000000070de00000| Complete 
| 193|0x000000070df00000, 0x000000070e000000, 0x000000070e000000|100%| E|CS|TAMS 0x000000070df00000, 0x000000070df00000| Complete 
| 194|0x000000070e000000, 0x000000070e100000, 0x000000070e100000|100%| E|CS|TAMS 0x000000070e000000, 0x000000070e000000| Complete 
| 195|0x000000070e100000, 0x000000070e200000, 0x000000070e200000|100%| E|CS|TAMS 0x000000070e100000, 0x000000070e100000| Complete 
| 196|0x000000070e200000, 0x000000070e300000, 0x000000070e300000|100%| E|CS|TAMS 0x000000070e200000, 0x000000070e200000| Complete 
| 197|0x000000070e300000, 0x000000070e400000, 0x000000070e400000|100%| E|CS|TAMS 0x000000070e300000, 0x000000070e300000| Complete 
| 198|0x000000070e400000, 0x000000070e500000, 0x000000070e500000|100%| E|CS|TAMS 0x000000070e400000, 0x000000070e400000| Complete 
| 199|0x000000070e500000, 0x000000070e600000, 0x000000070e600000|100%| E|CS|TAMS 0x000000070e500000, 0x000000070e500000| Complete 
| 200|0x000000070e600000, 0x000000070e700000, 0x000000070e700000|100%| E|CS|TAMS 0x000000070e600000, 0x000000070e600000| Complete 
| 201|0x000000070e700000, 0x000000070e800000, 0x000000070e800000|100%| E|CS|TAMS 0x000000070e700000, 0x000000070e700000| Complete 
| 202|0x000000070e800000, 0x000000070e900000, 0x000000070e900000|100%| E|CS|TAMS 0x000000070e800000, 0x000000070e800000| Complete 
| 203|0x000000070e900000, 0x000000070ea00000, 0x000000070ea00000|100%| E|CS|TAMS 0x000000070e900000, 0x000000070e900000| Complete 
| 204|0x000000070ea00000, 0x000000070eb00000, 0x000000070eb00000|100%| E|CS|TAMS 0x000000070ea00000, 0x000000070ea00000| Complete 
| 205|0x000000070eb00000, 0x000000070ec00000, 0x000000070ec00000|100%| E|CS|TAMS 0x000000070eb00000, 0x000000070eb00000| Complete 
| 206|0x000000070ec00000, 0x000000070ed00000, 0x000000070ed00000|100%| E|CS|TAMS 0x000000070ec00000, 0x000000070ec00000| Complete 
| 207|0x000000070ed00000, 0x000000070ee00000, 0x000000070ee00000|100%| E|CS|TAMS 0x000000070ed00000, 0x000000070ed00000| Complete 
| 208|0x000000070ee00000, 0x000000070ef00000, 0x000000070ef00000|100%| E|CS|TAMS 0x000000070ee00000, 0x000000070ee00000| Complete 
| 209|0x000000070ef00000, 0x000000070f000000, 0x000000070f000000|100%| E|CS|TAMS 0x000000070ef00000, 0x000000070ef00000| Complete 
| 210|0x000000070f000000, 0x000000070f100000, 0x000000070f100000|100%| E|CS|TAMS 0x000000070f000000, 0x000000070f000000| Complete 
| 211|0x000000070f100000, 0x000000070f200000, 0x000000070f200000|100%| E|CS|TAMS 0x000000070f100000, 0x000000070f100000| Complete 
| 212|0x000000070f200000, 0x000000070f300000, 0x000000070f300000|100%| E|CS|TAMS 0x000000070f200000, 0x000000070f200000| Complete 
| 213|0x000000070f300000, 0x000000070f400000, 0x000000070f400000|100%| E|CS|TAMS 0x000000070f300000, 0x000000070f300000| Complete 
| 214|0x000000070f400000, 0x000000070f500000, 0x000000070f500000|100%| E|CS|TAMS 0x000000070f400000, 0x000000070f400000| Complete 
| 215|0x000000070f500000, 0x000000070f600000, 0x000000070f600000|100%| E|CS|TAMS 0x000000070f500000, 0x000000070f500000| Complete 
| 216|0x000000070f600000, 0x000000070f700000, 0x000000070f700000|100%| E|CS|TAMS 0x000000070f600000, 0x000000070f600000| Complete 
| 217|0x000000070f700000, 0x000000070f800000, 0x000000070f800000|100%| E|CS|TAMS 0x000000070f700000, 0x000000070f700000| Complete 
| 218|0x000000070f800000, 0x000000070f900000, 0x000000070f900000|100%| E|CS|TAMS 0x000000070f800000, 0x000000070f800000| Complete 
| 219|0x000000070f900000, 0x000000070fa00000, 0x000000070fa00000|100%| E|CS|TAMS 0x000000070f900000, 0x000000070f900000| Complete 
| 220|0x000000070fa00000, 0x000000070fb00000, 0x000000070fb00000|100%| E|CS|TAMS 0x000000070fa00000, 0x000000070fa00000| Complete 
| 221|0x000000070fb00000, 0x000000070fc00000, 0x000000070fc00000|100%| E|CS|TAMS 0x000000070fb00000, 0x000000070fb00000| Complete 
| 222|0x000000070fc00000, 0x000000070fd00000, 0x000000070fd00000|100%| E|CS|TAMS 0x000000070fc00000, 0x000000070fc00000| Complete 
| 223|0x000000070fd00000, 0x000000070fe00000, 0x000000070fe00000|100%| E|CS|TAMS 0x000000070fd00000, 0x000000070fd00000| Complete 
| 224|0x000000070fe00000, 0x000000070ff00000, 0x000000070ff00000|100%| E|CS|TAMS 0x000000070fe00000, 0x000000070fe00000| Complete 
| 225|0x000000070ff00000, 0x0000000710000000, 0x0000000710000000|100%| E|CS|TAMS 0x000000070ff00000, 0x000000070ff00000| Complete 
| 226|0x0000000710000000, 0x0000000710100000, 0x0000000710100000|100%| E|CS|TAMS 0x0000000710000000, 0x0000000710000000| Complete 
| 227|0x0000000710100000, 0x0000000710200000, 0x0000000710200000|100%| E|CS|TAMS 0x0000000710100000, 0x0000000710100000| Complete 
| 228|0x0000000710200000, 0x0000000710300000, 0x0000000710300000|100%| E|CS|TAMS 0x0000000710200000, 0x0000000710200000| Complete 
| 229|0x0000000710300000, 0x0000000710400000, 0x0000000710400000|100%| E|CS|TAMS 0x0000000710300000, 0x0000000710300000| Complete 
| 230|0x0000000710400000, 0x0000000710500000, 0x0000000710500000|100%| E|CS|TAMS 0x0000000710400000, 0x0000000710400000| Complete 
| 231|0x0000000710500000, 0x0000000710600000, 0x0000000710600000|100%| E|CS|TAMS 0x0000000710500000, 0x0000000710500000| Complete 
| 232|0x0000000710600000, 0x0000000710700000, 0x0000000710700000|100%| E|CS|TAMS 0x0000000710600000, 0x0000000710600000| Complete 
| 233|0x0000000710700000, 0x0000000710800000, 0x0000000710800000|100%| E|CS|TAMS 0x0000000710700000, 0x0000000710700000| Complete 
| 234|0x0000000710800000, 0x0000000710900000, 0x0000000710900000|100%| E|CS|TAMS 0x0000000710800000, 0x0000000710800000| Complete 
| 235|0x0000000710900000, 0x0000000710a00000, 0x0000000710a00000|100%| E|CS|TAMS 0x0000000710900000, 0x0000000710900000| Complete 
| 236|0x0000000710a00000, 0x0000000710b00000, 0x0000000710b00000|100%| E|CS|TAMS 0x0000000710a00000, 0x0000000710a00000| Complete 
| 237|0x0000000710b00000, 0x0000000710c00000, 0x0000000710c00000|100%| E|CS|TAMS 0x0000000710b00000, 0x0000000710b00000| Complete 
| 238|0x0000000710c00000, 0x0000000710d00000, 0x0000000710d00000|100%| E|CS|TAMS 0x0000000710c00000, 0x0000000710c00000| Complete 
| 239|0x0000000710d00000, 0x0000000710e00000, 0x0000000710e00000|100%| E|CS|TAMS 0x0000000710d00000, 0x0000000710d00000| Complete 
| 240|0x0000000710e00000, 0x0000000710f00000, 0x0000000710f00000|100%| E|CS|TAMS 0x0000000710e00000, 0x0000000710e00000| Complete 
| 241|0x0000000710f00000, 0x0000000711000000, 0x0000000711000000|100%| E|CS|TAMS 0x0000000710f00000, 0x0000000710f00000| Complete 
| 242|0x0000000711000000, 0x0000000711100000, 0x0000000711100000|100%| E|CS|TAMS 0x0000000711000000, 0x0000000711000000| Complete 
| 243|0x0000000711100000, 0x0000000711200000, 0x0000000711200000|100%| E|CS|TAMS 0x0000000711100000, 0x0000000711100000| Complete 
| 244|0x0000000711200000, 0x0000000711300000, 0x0000000711300000|100%| E|CS|TAMS 0x0000000711200000, 0x0000000711200000| Complete 
| 245|0x0000000711300000, 0x0000000711400000, 0x0000000711400000|100%| E|CS|TAMS 0x0000000711300000, 0x0000000711300000| Complete 
| 246|0x0000000711400000, 0x0000000711500000, 0x0000000711500000|100%| E|CS|TAMS 0x0000000711400000, 0x0000000711400000| Complete 
| 247|0x0000000711500000, 0x0000000711600000, 0x0000000711600000|100%| E|CS|TAMS 0x0000000711500000, 0x0000000711500000| Complete 
| 248|0x0000000711600000, 0x0000000711700000, 0x0000000711700000|100%| E|CS|TAMS 0x0000000711600000, 0x0000000711600000| Complete 
| 249|0x0000000711700000, 0x0000000711800000, 0x0000000711800000|100%| E|CS|TAMS 0x0000000711700000, 0x0000000711700000| Complete 
| 250|0x0000000711800000, 0x0000000711900000, 0x0000000711900000|100%| E|CS|TAMS 0x0000000711800000, 0x0000000711800000| Complete 
| 251|0x0000000711900000, 0x0000000711a00000, 0x0000000711a00000|100%| E|CS|TAMS 0x0000000711900000, 0x0000000711900000| Complete 
| 252|0x0000000711a00000, 0x0000000711b00000, 0x0000000711b00000|100%| E|CS|TAMS 0x0000000711a00000, 0x0000000711a00000| Complete 
| 253|0x0000000711b00000, 0x0000000711c00000, 0x0000000711c00000|100%| E|CS|TAMS 0x0000000711b00000, 0x0000000711b00000| Complete 
| 254|0x0000000711c00000, 0x0000000711d00000, 0x0000000711d00000|100%| E|CS|TAMS 0x0000000711c00000, 0x0000000711c00000| Complete 
| 255|0x0000000711d00000, 0x0000000711e00000, 0x0000000711e00000|100%| E|CS|TAMS 0x0000000711d00000, 0x0000000711d00000| Complete 

Card table byte_map: [0x0000017c7f1b0000,0x0000017c7f9b0000] _byte_map_base: 0x0000017c7b9a1000

Marking Bits (Prev, Next): (CMBitMap*) 0x0000017c6ba51018, (CMBitMap*) 0x0000017c6ba51050
 Prev Bits: [0x0000017c00800000, 0x0000017c04788000)
 Next Bits: [0x0000017c04790000, 0x0000017c08718000)

Polling page: 0x0000017c69100000

Metaspace:

Usage:
  Non-class:     40.33 MB capacity,    39.33 MB ( 98%) used,   828.45 KB (  2%) free+waste,   192.88 KB ( <1%) overhead. 
      Class:      6.18 MB capacity,     5.57 MB ( 90%) used,   526.13 KB (  8%) free+waste,    91.69 KB (  1%) overhead. 
       Both:     46.51 MB capacity,    44.91 MB ( 97%) used,     1.32 MB (  3%) free+waste,   284.56 KB ( <1%) overhead. 

Virtual space:
  Non-class space:       42.00 MB reserved,      40.42 MB ( 96%) committed 
      Class space:        1.00 GB reserved,       6.25 MB ( <1%) committed 
             Both:        1.04 GB reserved,      46.67 MB (  4%) committed 

Chunk freelists:
   Non-Class:  31.00 KB
       Class:  11.00 KB
        Both:  42.00 KB

MaxMetaspaceSize: 17179869184.00 GB
CompressedClassSpaceSize: 1.00 GB
Initial GC threshold: 20.80 MB
Current GC threshold: 58.83 MB
CDS: off

CodeHeap 'non-profiled nmethods': size=120000Kb used=3712Kb max_used=3712Kb free=116287Kb
 bounds [0x0000017c77150000, 0x0000017c77500000, 0x0000017c7e680000]
CodeHeap 'profiled nmethods': size=120000Kb used=11853Kb max_used=11853Kb free=108146Kb
 bounds [0x0000017c6fc20000, 0x0000017c707c0000, 0x0000017c77150000]
CodeHeap 'non-nmethods': size=5760Kb used=1294Kb max_used=1378Kb free=4465Kb
 bounds [0x0000017c6f680000, 0x0000017c6f8f0000, 0x0000017c6fc20000]
 total_blobs=5205 nmethods=4722 adapters=403
 compilation: enabled
              stopped_count=0, restarted_count=0
 full_count=0

Compilation events (20 events):
Event: 11.278 Thread 0x0000017c0b678000 4736       3       org.springframework.context.event.GenericApplicationListenerAdapter::supportsEventType (89 bytes)
Event: 11.278 Thread 0x0000017c0b678000 nmethod 4736 0x0000017c707b0b10 code [0x0000017c707b0d40, 0x0000017c707b17a8]
Event: 11.278 Thread 0x0000017c0b678000 4737       3       org.springframework.aop.support.AopUtils::isAopProxy (38 bytes)
Event: 11.279 Thread 0x0000017c0b678000 nmethod 4737 0x0000017c707b1990 code [0x0000017c707b1ba0, 0x0000017c707b2148]
Event: 11.279 Thread 0x0000017c0b678000 4738       1       org.mockito.internal.configuration.plugins.PluginRegistry::getMockResolvers (5 bytes)
Event: 11.280 Thread 0x0000017c0b678000 nmethod 4738 0x0000017c774cd010 code [0x0000017c774cd1c0, 0x0000017c774cd278]
Event: 11.289 Thread 0x0000017c0b678000 4739       3       java.lang.Character::isHighSurrogate (18 bytes)
Event: 11.289 Thread 0x0000017c0b678000 nmethod 4739 0x0000017c707b2310 code [0x0000017c707b24c0, 0x0000017c707b2638]
Event: 11.299 Thread 0x0000017c0b678000 4742       3       java.util.ArrayList$ArrayListSpliterator::estimateSize (11 bytes)
Event: 11.300 Thread 0x0000017c0b678000 nmethod 4742 0x0000017c707b2710 code [0x0000017c707b28c0, 0x0000017c707b2a78]
Event: 11.300 Thread 0x0000017c0b678000 4743       3       java.lang.reflect.Method::acquireMethodAccessor (44 bytes)
Event: 11.300 Thread 0x0000017c0b678000 nmethod 4743 0x0000017c707b2b90 code [0x0000017c707b2d80, 0x0000017c707b3298]
Event: 11.479 Thread 0x0000017c0b674800 nmethod 4679 0x0000017c774cd310 code [0x0000017c774cdb00, 0x0000017c774d88c0]
Event: 11.479 Thread 0x0000017c0b674800 4741       4       java.lang.Character::toLowerCase (9 bytes)
Event: 11.481 Thread 0x0000017c0b674800 nmethod 4741 0x0000017c774dd610 code [0x0000017c774dd7c0, 0x0000017c774dd8f8]
Event: 11.482 Thread 0x0000017c0b674800 4740       4       java.lang.StringUTF16::getChar (60 bytes)
Event: 11.483 Thread 0x0000017c0b674800 nmethod 4740 0x0000017c774dda90 code [0x0000017c774ddc20, 0x0000017c774ddcd8]
Event: 11.483 Thread 0x0000017c0b674800 4729       4       org.springframework.core.annotation.TypeMappedAnnotations$MergedAnnotationFinder::doWithAggregate (7 bytes)
Event: 11.483 Thread 0x0000017c0b674800 nmethod 4729 0x0000017c774ddd90 code [0x0000017c774ddf20, 0x0000017c774ddf98]
Event: 12.001 Thread 0x0000017c0b806800 nmethod 4726 0x0000017c774de090 code [0x0000017c774deae0, 0x0000017c774e9eb8]

GC Heap History (12 events):
Event: 1.295 GC heap before
{Heap before GC invocations=0 (full 0):
 garbage-first heap   total 262144K, used 24576K [0x0000000701e00000, 0x0000000800000000)
  region size 1024K, 24 young (24576K), 0 survivors (0K)
 Metaspace       used 11363K, capacity 11558K, committed 11648K, reserved 1060864K
  class space    used 1031K, capacity 1127K, committed 1152K, reserved 1048576K
}
Event: 1.302 GC heap after
{Heap after GC invocations=1 (full 0):
 garbage-first heap   total 262144K, used 5810K [0x0000000701e00000, 0x0000000800000000)
  region size 1024K, 3 young (3072K), 3 survivors (3072K)
 Metaspace       used 11363K, capacity 11558K, committed 11648K, reserved 1060864K
  class space    used 1031K, capacity 1127K, committed 1152K, reserved 1048576K
}
Event: 2.805 GC heap before
{Heap before GC invocations=1 (full 0):
 garbage-first heap   total 262144K, used 85682K [0x0000000701e00000, 0x0000000800000000)
  region size 1024K, 82 young (83968K), 3 survivors (3072K)
 Metaspace       used 20449K, capacity 21121K, committed 21296K, reserved 1069056K
  class space    used 2113K, capacity 2355K, committed 2432K, reserved 1048576K
}
Event: 2.816 GC heap after
{Heap after GC invocations=2 (full 0):
 garbage-first heap   total 262144K, used 8389K [0x0000000701e00000, 0x0000000800000000)
  region size 1024K, 6 young (6144K), 6 survivors (6144K)
 Metaspace       used 20449K, capacity 21121K, committed 21296K, reserved 1069056K
  class space    used 2113K, capacity 2355K, committed 2432K, reserved 1048576K
}
Event: 4.795 GC heap before
{Heap before GC invocations=3 (full 0):
 garbage-first heap   total 262144K, used 88261K [0x0000000701e00000, 0x0000000800000000)
  region size 1024K, 84 young (86016K), 6 survivors (6144K)
 Metaspace       used 27897K, capacity 28870K, committed 29104K, reserved 1075200K
  class space    used 3081K, capacity 3477K, committed 3584K, reserved 1048576K
}
Event: 4.804 GC heap after
{Heap after GC invocations=4 (full 0):
 garbage-first heap   total 262144K, used 10424K [0x0000000701e00000, 0x0000000800000000)
  region size 1024K, 8 young (8192K), 8 survivors (8192K)
 Metaspace       used 27897K, capacity 28870K, committed 29104K, reserved 1075200K
  class space    used 3081K, capacity 3477K, committed 3584K, reserved 1048576K
}
Event: 6.343 GC heap before
{Heap before GC invocations=4 (full 0):
 garbage-first heap   total 262144K, used 110776K [0x0000000701e00000, 0x0000000800000000)
  region size 1024K, 106 young (108544K), 8 survivors (8192K)
 Metaspace       used 34025K, capacity 35147K, committed 35248K, reserved 1081344K
  class space    used 3865K, capacity 4301K, committed 4352K, reserved 1048576K
}
Event: 6.356 GC heap after
{Heap after GC invocations=5 (full 0):
 garbage-first heap   total 262144K, used 12800K [0x0000000701e00000, 0x0000000800000000)
  region size 1024K, 10 young (10240K), 10 survivors (10240K)
 Metaspace       used 34025K, capacity 35147K, committed 35248K, reserved 1081344K
  class space    used 3865K, capacity 4301K, committed 4352K, reserved 1048576K
}
Event: 6.538 GC heap before
{Heap before GC invocations=5 (full 0):
 garbage-first heap   total 262144K, used 19968K [0x0000000701e00000, 0x0000000800000000)
  region size 1024K, 18 young (18432K), 10 survivors (10240K)
 Metaspace       used 34667K, capacity 35787K, committed 35888K, reserved 1081344K
  class space    used 3944K, capacity 4381K, committed 4480K, reserved 1048576K
}
Event: 6.552 GC heap after
{Heap after GC invocations=6 (full 0):
 garbage-first heap   total 262144K, used 12978K [0x0000000701e00000, 0x0000000800000000)
  region size 1024K, 10 young (10240K), 10 survivors (10240K)
 Metaspace       used 34667K, capacity 35787K, committed 35888K, reserved 1081344K
  class space    used 3944K, capacity 4381K, committed 4480K, reserved 1048576K
}
Event: 9.376 GC heap before
{Heap before GC invocations=7 (full 0):
 garbage-first heap   total 262144K, used 145074K [0x0000000701e00000, 0x0000000800000000)
  region size 1024K, 139 young (142336K), 10 survivors (10240K)
 Metaspace       used 40524K, capacity 42075K, committed 42160K, reserved 1085440K
  class space    used 4729K, capacity 5319K, committed 5376K, reserved 1048576K
}
Event: 9.396 GC heap after
{Heap after GC invocations=8 (full 0):
 garbage-first heap   total 262144K, used 18981K [0x0000000701e00000, 0x0000000800000000)
  region size 1024K, 13 young (13312K), 13 survivors (13312K)
 Metaspace       used 40524K, capacity 42075K, committed 42160K, reserved 1085440K
  class space    used 4729K, capacity 5319K, committed 5376K, reserved 1048576K
}

Deoptimization events (20 events):
Event: 11.280 Thread 0x0000017c6b9ee000 DEOPT PACKING pc=0x0000017c774a6d40 sp=0x00000062304fcc30
Event: 11.280 Thread 0x0000017c6b9ee000 DEOPT UNPACKING pc=0x0000017c6f6ca1af sp=0x00000062304fcaf8 mode 2
Event: 11.280 Thread 0x0000017c6b9ee000 DEOPT PACKING pc=0x0000017c7743aef4 sp=0x00000062304fd6d0
Event: 11.280 Thread 0x0000017c6b9ee000 DEOPT UNPACKING pc=0x0000017c6f6ca95e sp=0x00000062304fcb48 mode 1
Event: 11.280 Thread 0x0000017c6b9ee000 DEOPT PACKING pc=0x0000017c702747c4 sp=0x00000062304fd710
Event: 11.280 Thread 0x0000017c6b9ee000 DEOPT UNPACKING pc=0x0000017c6f6ca95e sp=0x00000062304fcca8 mode 1
Event: 11.280 Thread 0x0000017c6b9ee000 Uncommon trap: trap_request=0xffffff9f fr.pc=0x0000017c774a6d40 relative=0x0000000000000160
Event: 11.280 Thread 0x0000017c6b9ee000 Uncommon trap: reason=unhandled action=none pc=0x0000017c774a6d40 method=jdk.internal.loader.BuiltinClassLoader.loadClass(Ljava/lang/String;Z)Ljava/lang/Class; @ 19 c2
Event: 11.280 Thread 0x0000017c6b9ee000 DEOPT PACKING pc=0x0000017c774a6d40 sp=0x00000062304fcce0
Event: 11.280 Thread 0x0000017c6b9ee000 DEOPT UNPACKING pc=0x0000017c6f6ca1af sp=0x00000062304fcba8 mode 2
Event: 11.281 Thread 0x0000017c6b9ee000 DEOPT PACKING pc=0x0000017c7743aef4 sp=0x00000062304fd780
Event: 11.281 Thread 0x0000017c6b9ee000 DEOPT UNPACKING pc=0x0000017c6f6ca95e sp=0x00000062304fcc10 mode 1
Event: 11.289 Thread 0x0000017c6b9ee000 Uncommon trap: trap_request=0xffffff4d fr.pc=0x0000017c77163664 relative=0x0000000000000044
Event: 11.289 Thread 0x0000017c6b9ee000 Uncommon trap: reason=unstable_if action=reinterpret pc=0x0000017c77163664 method=java.lang.CharacterData.of(I)Ljava/lang/CharacterData; @ 4 c2
Event: 11.289 Thread 0x0000017c6b9ee000 DEOPT PACKING pc=0x0000017c77163664 sp=0x00000062304fbc20
Event: 11.289 Thread 0x0000017c6b9ee000 DEOPT UNPACKING pc=0x0000017c6f6ca1af sp=0x00000062304fbbb8 mode 2
Event: 122.074 Thread 0x0000017c0b91c000 Uncommon trap: trap_request=0xffffff4d fr.pc=0x0000017c774a4d6c relative=0x00000000000002ac
Event: 122.074 Thread 0x0000017c0b91c000 Uncommon trap: reason=unstable_if action=reinterpret pc=0x0000017c774a4d6c method=sun.instrument.InstrumentationImpl.transform(Ljava/lang/Module;Ljava/lang/ClassLoader;Ljava/lang/String;Ljava/lang/Class;Ljava/security/ProtectionDomain;[BZ)[B @ 24 c2
Event: 122.074 Thread 0x0000017c0b91c000 DEOPT PACKING pc=0x0000017c774a4d6c sp=0x00000062315fe420
Event: 122.074 Thread 0x0000017c0b91c000 DEOPT UNPACKING pc=0x0000017c6f6ca1af sp=0x00000062315fe478 mode 2

Classes redefined (5 events):
Event: 122.131 Thread 0x0000017c0ad66800 redefined class name=com.mediscreendiabete.DiabeteTest, count=1
Event: 460.268 Thread 0x0000017c0ad66800 redefined class name=com.mediscreendiabete.DiabeteTest, count=2
Event: 1142.948 Thread 0x0000017c0ad66800 redefined class name=com.mediscreendiabete.DiabeteTest, count=3
Event: 1482.053 Thread 0x0000017c0ad66800 redefined class name=com.mediscreendiabete.DiabeteTest, count=4
Event: 1533.249 Thread 0x0000017c0ad66800 redefined class name=com.mediscreendiabete.DiabeteTest, count=5

Internal exceptions (20 events):
Event: 10.154 Thread 0x0000017c6b9ee000 Exception <a 'java/lang/ClassNotFoundException'{0x0000000711a08a80}: org/springframework/cloud/client/serviceregistry/ServiceRegistryAutoConfigurationCustomizer> (0x0000000711a08a80) thrown at [./src/hotspot/share/classfile/systemDictionary.cpp, line 230]
Event: 10.156 Thread 0x0000017c6b9ee000 Exception <a 'java/lang/ClassNotFoundException'{0x0000000711a0f3c8}: java/lang/ObjectCustomizer> (0x0000000711a0f3c8) thrown at [./src/hotspot/share/classfile/systemDictionary.cpp, line 230]
Event: 10.158 Thread 0x0000017c6b9ee000 Exception <a 'java/lang/ClassNotFoundException'{0x0000000711a298b0}: org/springframework/cloud/commons/httpclient/HttpClientConfigurationCustomizer> (0x0000000711a298b0) thrown at [./src/hotspot/share/classfile/systemDictionary.cpp, line 230]
Event: 10.160 Thread 0x0000017c6b9ee000 Exception <a 'java/lang/ClassNotFoundException'{0x0000000711a30638}: java/lang/ObjectCustomizer> (0x0000000711a30638) thrown at [./src/hotspot/share/classfile/systemDictionary.cpp, line 230]
Event: 10.162 Thread 0x0000017c6b9ee000 Exception <a 'java/lang/ClassNotFoundException'{0x0000000711a4c030}: org/springframework/cloud/configuration/CompatibilityVerifierAutoConfigurationCustomizer> (0x0000000711a4c030) thrown at [./src/hotspot/share/classfile/systemDictionary.cpp, line 230]
Event: 10.167 Thread 0x0000017c6b9ee000 Exception <a 'java/lang/ClassNotFoundException'{0x0000000711a57300}: java/lang/ObjectCustomizer> (0x0000000711a57300) thrown at [./src/hotspot/share/classfile/systemDictionary.cpp, line 230]
Event: 10.169 Thread 0x0000017c6b9ee000 Exception <a 'java/lang/ClassNotFoundException'{0x0000000711a72220}: org/springframework/cloud/configuration/CompatibilityVerifierPropertiesCustomizer> (0x0000000711a72220) thrown at [./src/hotspot/share/classfile/systemDictionary.cpp, line 230]
Event: 10.176 Thread 0x0000017c6b9ee000 Exception <a 'java/lang/ClassNotFoundException'{0x0000000711ae3908}: java/lang/ObjectCustomizer> (0x0000000711ae3908) thrown at [./src/hotspot/share/classfile/systemDictionary.cpp, line 230]
Event: 10.177 Thread 0x0000017c6b9ee000 Exception <a 'java/lang/ClassNotFoundException'{0x0000000711afd740}: org/springframework/cloud/configuration/SpringBootVersionVerifierCustomizer> (0x0000000711afd740) thrown at [./src/hotspot/share/classfile/systemDictionary.cpp, line 230]
Event: 10.179 Thread 0x0000017c6b9ee000 Exception <a 'java/lang/ClassNotFoundException'{0x0000000711917928}: org/springframework/cloud/configuration/CompatibilityVerifierCustomizer> (0x0000000711917928) thrown at [./src/hotspot/share/classfile/systemDictionary.cpp, line 230]
Event: 10.182 Thread 0x0000017c6b9ee000 Exception <a 'java/lang/ClassNotFoundException'{0x000000071192b3d8}: java/lang/ObjectCustomizer> (0x000000071192b3d8) thrown at [./src/hotspot/share/classfile/systemDictionary.cpp, line 230]
Event: 10.184 Thread 0x0000017c6b9ee000 Exception <a 'java/lang/ClassNotFoundException'{0x0000000711945a70}: org/springframework/cloud/configuration/CompositeCompatibilityVerifierCustomizer> (0x0000000711945a70) thrown at [./src/hotspot/share/classfile/systemDictionary.cpp, line 230]
Event: 10.186 Thread 0x0000017c6b9ee000 Exception <a 'java/lang/ClassNotFoundException'{0x00000007119584e8}: java/lang/ObjectCustomizer> (0x00000007119584e8) thrown at [./src/hotspot/share/classfile/systemDictionary.cpp, line 230]
Event: 10.188 Thread 0x0000017c6b9ee000 Exception <a 'java/lang/ClassNotFoundException'{0x00000007119704d0}: org/springframework/cloud/client/actuator/HasFeaturesCustomizer> (0x00000007119704d0) thrown at [./src/hotspot/share/classfile/systemDictionary.cpp, line 230]
Event: 10.192 Thread 0x0000017c6b9ee000 Exception <a 'java/lang/ClassNotFoundException'{0x00000007119a0918}: java/lang/ObjectCustomizer> (0x00000007119a0918) thrown at [./src/hotspot/share/classfile/systemDictionary.cpp, line 230]
Event: 10.194 Thread 0x0000017c6b9ee000 Exception <a 'java/lang/ClassNotFoundException'{0x00000007119bafc0}: org/springframework/cloud/openfeign/support/FeignHttpClientPropertiesCustomizer> (0x00000007119bafc0) thrown at [./src/hotspot/share/classfile/systemDictionary.cpp, line 230]
Event: 10.821 Thread 0x0000017c6b9ee000 Exception <a 'java/lang/ClassNotFoundException'{0x000000070e87c6f0}: java/lang/ClassLoader$ByteBuddyAccessor$OlnrFoNX> (0x000000070e87c6f0) thrown at [./src/hotspot/share/classfile/systemDictionary.cpp, line 230]
Event: 11.240 Thread 0x0000017c6b9ee000 Exception <a 'java/lang/ClassNotFoundException'{0x000000070c708ae8}: java/lang/ObjectCustomizer> (0x000000070c708ae8) thrown at [./src/hotspot/share/classfile/systemDictionary.cpp, line 230]
Event: 11.241 Thread 0x0000017c6b9ee000 Exception <a 'java/lang/ClassNotFoundException'{0x000000070c71d3d8}: com/mediscreendiabete/DiabeteTestCustomizer> (0x000000070c71d3d8) thrown at [./src/hotspot/share/classfile/systemDictionary.cpp, line 230]
Event: 11.282 Thread 0x0000017c6b9ee000 Exception <a 'java/lang/IncompatibleClassChangeError'{0x000000070c5014b8}: Found class java.lang.Object, but interface was expected> (0x000000070c5014b8) thrown at [./src/hotspot/share/interpreter/linkResolver.cpp, line 839]

Events (20 events):
Event: 1533.845 Executing VM operation: GetOrSetLocal done
Event: 1540.315 Executing VM operation: GetFrameLocation
Event: 1540.315 Executing VM operation: GetFrameLocation done
Event: 1540.315 Executing VM operation: GetOrSetLocal
Event: 1540.315 Executing VM operation: GetOrSetLocal done
Event: 1540.316 Executing VM operation: GetFrameLocation
Event: 1540.316 Executing VM operation: GetFrameLocation done
Event: 1540.316 Executing VM operation: GetOrSetLocal
Event: 1540.316 Executing VM operation: GetOrSetLocal done
Event: 1540.316 Executing VM operation: GetFrameLocation
Event: 1540.317 Executing VM operation: GetFrameLocation done
Event: 1540.317 Executing VM operation: GetOrSetLocal
Event: 1540.317 Executing VM operation: GetOrSetLocal done
Event: 1623.007 Executing VM operation: GetFrameCount
Event: 1623.007 Executing VM operation: GetFrameCount done
Event: 1623.007 Executing VM operation: GetStackTrace
Event: 1623.007 Executing VM operation: GetStackTrace done
Event: 1623.018 Executing VM operation: GetFrameLocation
Event: 1623.018 Executing VM operation: GetFrameLocation done
Event: 1623.018 Executing VM operation: GetOrSetLocal


Dynamic libraries:
0x00007ff6fd9b0000 - 0x00007ff6fd9bd000 	C:\Users\33763\.p2\pool\plugins\org.eclipse.justj.openjdk.hotspot.jre.full.win32.x86_64_11.0.14.v20220314-1349\jre\bin\javaw.exe
0x00007ffbd9620000 - 0x00007ffbd9829000 	C:\WINDOWS\SYSTEM32\ntdll.dll
0x00007ffbd84a0000 - 0x00007ffbd855d000 	C:\WINDOWS\System32\KERNEL32.DLL
0x00007ffbd6fb0000 - 0x00007ffbd7329000 	C:\WINDOWS\System32\KERNELBASE.dll
0x00007ffb8b160000 - 0x00007ffb8b229000 	C:\Program Files\Bitdefender\Bitdefender Security\bdhkm\dlls_265981511196024586\bdhkm64.dll
0x00007ffb8b030000 - 0x00007ffb8b153000 	C:\Program Files\Bitdefender\Bitdefender Security\atcuf\dlls_265936661880411097\atcuf64.dll
0x00007ffbd73a0000 - 0x00007ffbd74b1000 	C:\WINDOWS\System32\ucrtbase.dll
0x00007ffbc3500000 - 0x00007ffbc3517000 	C:\Users\33763\.p2\pool\plugins\org.eclipse.justj.openjdk.hotspot.jre.full.win32.x86_64_11.0.14.v20220314-1349\jre\bin\jli.dll
0x00007ffbd8ef0000 - 0x00007ffbd909c000 	C:\WINDOWS\System32\USER32.dll
0x00007ffbd6f80000 - 0x00007ffbd6fa6000 	C:\WINDOWS\System32\win32u.dll
0x00007ffbd7930000 - 0x00007ffbd7959000 	C:\WINDOWS\System32\GDI32.dll
0x00007ffbd6b10000 - 0x00007ffbd6c22000 	C:\WINDOWS\System32\gdi32full.dll
0x00007ffbd6c30000 - 0x00007ffbd6ccd000 	C:\WINDOWS\System32\msvcp_win.dll
0x00007ffbc34e0000 - 0x00007ffbc34f5000 	C:\Users\33763\.p2\pool\plugins\org.eclipse.justj.openjdk.hotspot.jre.full.win32.x86_64_11.0.14.v20220314-1349\jre\bin\VCRUNTIME140.dll
0x00007ffbb9a10000 - 0x00007ffbb9cb5000 	C:\WINDOWS\WinSxS\amd64_microsoft.windows.common-controls_6595b64144ccf1df_6.0.22000.120_none_9d947278b86cc467\COMCTL32.dll
0x00007ffbd9240000 - 0x00007ffbd92e3000 	C:\WINDOWS\System32\msvcrt.dll
0x00007ffbd8350000 - 0x00007ffbd8381000 	C:\WINDOWS\System32\IMM32.DLL
0x00007ffbabec0000 - 0x00007ffbabf5b000 	C:\Users\33763\.p2\pool\plugins\org.eclipse.justj.openjdk.hotspot.jre.full.win32.x86_64_11.0.14.v20220314-1349\jre\bin\msvcp140.dll
0x00007ffb2b9f0000 - 0x00007ffb2c571000 	C:\Users\33763\.p2\pool\plugins\org.eclipse.justj.openjdk.hotspot.jre.full.win32.x86_64_11.0.14.v20220314-1349\jre\bin\server\jvm.dll
0x00007ffbd9350000 - 0x00007ffbd93fe000 	C:\WINDOWS\System32\ADVAPI32.dll
0x00007ffbd7a80000 - 0x00007ffbd7b1e000 	C:\WINDOWS\System32\sechost.dll
0x00007ffbd8750000 - 0x00007ffbd8870000 	C:\WINDOWS\System32\RPCRT4.dll
0x00007ffbd7b20000 - 0x00007ffbd7b28000 	C:\WINDOWS\System32\PSAPI.DLL
0x00007ffbbbfb0000 - 0x00007ffbbbfb9000 	C:\WINDOWS\SYSTEM32\WSOCK32.dll
0x00007ffbd82e0000 - 0x00007ffbd834f000 	C:\WINDOWS\System32\WS2_32.dll
0x00007ffbd09c0000 - 0x00007ffbd09f3000 	C:\WINDOWS\SYSTEM32\WINMM.dll
0x00007ffbd0480000 - 0x00007ffbd048a000 	C:\WINDOWS\SYSTEM32\VERSION.dll
0x00007ffbd5cc0000 - 0x00007ffbd5cd8000 	C:\WINDOWS\SYSTEM32\kernel.appcore.dll
0x00007ffbd3e70000 - 0x00007ffbd3e80000 	C:\Users\33763\.p2\pool\plugins\org.eclipse.justj.openjdk.hotspot.jre.full.win32.x86_64_11.0.14.v20220314-1349\jre\bin\verify.dll
0x00007ffbd3810000 - 0x00007ffbd3a31000 	C:\WINDOWS\SYSTEM32\DBGHELP.DLL
0x00007ffbc9790000 - 0x00007ffbc97c1000 	C:\WINDOWS\SYSTEM32\dbgcore.DLL
0x00007ffbd6e40000 - 0x00007ffbd6ebf000 	C:\WINDOWS\System32\bcryptPrimitives.dll
0x00007ffbd0220000 - 0x00007ffbd0248000 	C:\Users\33763\.p2\pool\plugins\org.eclipse.justj.openjdk.hotspot.jre.full.win32.x86_64_11.0.14.v20220314-1349\jre\bin\java.dll
0x00007ffbd1370000 - 0x00007ffbd137a000 	C:\Users\33763\.p2\pool\plugins\org.eclipse.justj.openjdk.hotspot.jre.full.win32.x86_64_11.0.14.v20220314-1349\jre\bin\jimage.dll
0x00007ffbb89d0000 - 0x00007ffbb8a08000 	C:\Users\33763\.p2\pool\plugins\org.eclipse.justj.openjdk.hotspot.jre.full.win32.x86_64_11.0.14.v20220314-1349\jre\bin\jdwp.dll
0x00007ffbd0280000 - 0x00007ffbd028e000 	C:\Users\33763\.p2\pool\plugins\org.eclipse.justj.openjdk.hotspot.jre.full.win32.x86_64_11.0.14.v20220314-1349\jre\bin\instrument.dll
0x00007ffbcc190000 - 0x00007ffbcc1a8000 	C:\Users\33763\.p2\pool\plugins\org.eclipse.justj.openjdk.hotspot.jre.full.win32.x86_64_11.0.14.v20220314-1349\jre\bin\zip.dll
0x00007ffbd7b30000 - 0x00007ffbd82df000 	C:\WINDOWS\System32\SHELL32.dll
0x00007ffbd4c50000 - 0x00007ffbd54b8000 	C:\WINDOWS\SYSTEM32\windows.storage.dll
0x00007ffbd8b10000 - 0x00007ffbd8e88000 	C:\WINDOWS\System32\combase.dll
0x00007ffbd4ae0000 - 0x00007ffbd4c46000 	C:\WINDOWS\SYSTEM32\wintypes.dll
0x00007ffbd8560000 - 0x00007ffbd864a000 	C:\WINDOWS\System32\SHCORE.dll
0x00007ffbd8e90000 - 0x00007ffbd8eed000 	C:\WINDOWS\System32\shlwapi.dll
0x00007ffbd6a40000 - 0x00007ffbd6a61000 	C:\WINDOWS\SYSTEM32\profapi.dll
0x00007ffbd0270000 - 0x00007ffbd027a000 	C:\Users\33763\.p2\pool\plugins\org.eclipse.justj.openjdk.hotspot.jre.full.win32.x86_64_11.0.14.v20220314-1349\jre\bin\dt_socket.dll
0x00007ffbd60f0000 - 0x00007ffbd6157000 	C:\WINDOWS\System32\mswsock.dll
0x00007ffbd5820000 - 0x00007ffbd5908000 	C:\WINDOWS\SYSTEM32\DNSAPI.dll
0x00007ffbd57f0000 - 0x00007ffbd581d000 	C:\WINDOWS\SYSTEM32\IPHLPAPI.DLL
0x00007ffbd8650000 - 0x00007ffbd8659000 	C:\WINDOWS\System32\NSI.dll
0x00007ffbcdfa0000 - 0x00007ffbce021000 	C:\WINDOWS\System32\fwpuclnt.dll
0x00007ffbcb6c0000 - 0x00007ffbcb6ca000 	C:\Windows\System32\rasadhlp.dll
0x00007ffbcc090000 - 0x00007ffbcc0a9000 	C:\Users\33763\.p2\pool\plugins\org.eclipse.justj.openjdk.hotspot.jre.full.win32.x86_64_11.0.14.v20220314-1349\jre\bin\net.dll
0x00007ffbd3d20000 - 0x00007ffbd3e2c000 	C:\WINDOWS\SYSTEM32\WINHTTP.dll
0x00007ffbc7370000 - 0x00007ffbc7383000 	C:\Users\33763\.p2\pool\plugins\org.eclipse.justj.openjdk.hotspot.jre.full.win32.x86_64_11.0.14.v20220314-1349\jre\bin\nio.dll
0x00007ffbd0310000 - 0x00007ffbd0329000 	C:\WINDOWS\SYSTEM32\dhcpcsvc6.DLL
0x00007ffbd0530000 - 0x00007ffbd054e000 	C:\WINDOWS\SYSTEM32\dhcpcsvc.DLL
0x00007ffbcc0f0000 - 0x00007ffbcc0f9000 	C:\Users\33763\.p2\pool\plugins\org.eclipse.justj.openjdk.hotspot.jre.full.win32.x86_64_11.0.14.v20220314-1349\jre\bin\management.dll
0x00007ffbcc070000 - 0x00007ffbcc07b000 	C:\Users\33763\.p2\pool\plugins\org.eclipse.justj.openjdk.hotspot.jre.full.win32.x86_64_11.0.14.v20220314-1349\jre\bin\management_ext.dll
0x00007ffbbc4b0000 - 0x00007ffbbc4c7000 	C:\WINDOWS\system32\napinsp.dll
0x00007ffbb8960000 - 0x00007ffbb897b000 	C:\WINDOWS\system32\pnrpnsp.dll
0x00007ffbb8940000 - 0x00007ffbb8952000 	C:\WINDOWS\System32\winrnr.dll
0x00007ffbcecd0000 - 0x00007ffbcece5000 	C:\WINDOWS\system32\wshbth.dll
0x00007ffbb88a0000 - 0x00007ffbb88bf000 	C:\WINDOWS\system32\nlansp_c.dll

dbghelp: loaded successfully - version: 4.0.5 - missing functions: none
symbol engine: initialized successfully - sym options: 0x614 - pdb path: .;C:\Users\33763\.p2\pool\plugins\org.eclipse.justj.openjdk.hotspot.jre.full.win32.x86_64_11.0.14.v20220314-1349\jre\bin;C:\WINDOWS\SYSTEM32;C:\Program Files\Bitdefender\Bitdefender Security\bdhkm\dlls_265981511196024586;C:\Program Files\Bitdefender\Bitdefender Security\atcuf\dlls_265936661880411097;C:\WINDOWS\WinSxS\amd64_microsoft.windows.common-controls_6595b64144ccf1df_6.0.22000.120_none_9d947278b86cc467;C:\Users\33763\.p2\pool\plugins\org.eclipse.justj.openjdk.hotspot.jre.full.win32.x86_64_11.0.14.v20220314-1349\jre\bin\server

VM Arguments:
jvm_args: -agentlib:jdwp=transport=dt_socket,suspend=y,address=localhost:64332 -ea -javaagent:C:\Workspace_eclipse\eclipse\configuration\org.eclipse.osgi\225\0\.cp\lib\javaagent-shaded.jar -Dfile.encoding=UTF-8 
java_command: org.eclipse.jdt.internal.junit.runner.RemoteTestRunner -version 3 -port 64331 -testLoaderClass org.eclipse.jdt.internal.junit5.runner.JUnit5TestLoader -loaderpluginname org.eclipse.jdt.junit5.runtime -test com.mediscreendiabete.DiabeteTest:test_getPatientNotes
java_class_path (initial): C:\Workspace_eclipse\mediscreendiabete\target\test-classes;C:\Workspace_eclipse\mediscreendiabete\target\classes;C:\Users\33763\.p2\pool\plugins\org.junit_4.13.2.v20211018-1956.jar;C:\Users\33763\.p2\pool\plugins\org.hamcrest.core_1.3.0.v20180420-1519.jar;C:\Users\33763\.m2\repository\org\springframework\boot\spring-boot-starter-web\2.6.8\spring-boot-starter-web-2.6.8.jar;C:\Users\33763\.m2\repository\org\springframework\boot\spring-boot-starter\2.6.8\spring-boot-starter-2.6.8.jar;C:\Users\33763\.m2\repository\org\springframework\boot\spring-boot\2.6.8\spring-boot-2.6.8.jar;C:\Users\33763\.m2\repository\org\springframework\boot\spring-boot-autoconfigure\2.6.8\spring-boot-autoconfigure-2.6.8.jar;C:\Users\33763\.m2\repository\org\springframework\boot\spring-boot-starter-logging\2.6.8\spring-boot-starter-logging-2.6.8.jar;C:\Users\33763\.m2\repository\ch\qos\logback\logback-classic\1.2.11\logback-classic-1.2.11.jar;C:\Users\33763\.m2\repository\ch\qos\logback\logback-core\1.2.11\logback-core-1.2.11.jar;C:\Users\33763\.m2\repository\org\apache\logging\log4j\log4j-to-slf4j\2.17.2\log4j-to-slf4j-2.17.2.jar;C:\Users\33763\.m2\repository\org\apache\logging\log4j\log4j-api\2.17.2\log4j-api-2.17.2.jar;C:\Users\33763\.m2\repository\org\slf4j\jul-to-slf4j\1.7.36\jul-to-slf4j-1.7.36.jar;C:\Users\33763\.m2\repository\jakarta\annotation\jakarta.annotation-api\1.3.5\jakarta.annotation-api-1.3.5.jar;C:\Users\33763\.m2\repository\org\yaml\snakeyaml\1.29\snakeyaml-1.29.jar;C:\Users\33763\.m2\repository\org\springframework\boot\spring-boot-starter-json\2.6.8\spring-boot-starter-json-2.6.8.jar;C:\Users\33763\.m2\repository\com\fasterxml\jackson\core\jackson-databind\2.13.3\jackson-databind-2.13.3.jar;C:\Users\33763\.m2\repository\com\fasterxml\jackson\core\jackson-annotations\2.13.3\jackson-annotations-2.13.3.jar;C:\Users\33763\.m2\repository\com\fasterxml\jackson\core\jackson-core\2.13.3\jackson-core-2.13.3.jar;C:\Users\33763\.m2\repository\com\fasterxml\ja
Launcher Type: SUN_STANDARD

[Global flags]
     intx CICompilerCount                          = 4                                         {product} {ergonomic}
     uint ConcGCThreads                            = 2                                         {product} {ergonomic}
     uint G1ConcRefinementThreads                  = 8                                         {product} {ergonomic}
   size_t G1HeapRegionSize                         = 1048576                                   {product} {ergonomic}
    uintx GCDrainStackTargetSize                   = 64                                        {product} {ergonomic}
   size_t InitialHeapSize                          = 268435456                                 {product} {ergonomic}
   size_t MarkStackSize                            = 4194304                                   {product} {ergonomic}
   size_t MaxHeapSize                              = 4263510016                                {product} {ergonomic}
   size_t MaxNewSize                               = 2557476864                                {product} {ergonomic}
   size_t MinHeapDeltaBytes                        = 1048576                                   {product} {ergonomic}
    uintx NonNMethodCodeHeapSize                   = 5836300                                {pd product} {ergonomic}
    uintx NonProfiledCodeHeapSize                  = 122910970                              {pd product} {ergonomic}
    uintx ProfiledCodeHeapSize                     = 122910970                              {pd product} {ergonomic}
    uintx ReservedCodeCacheSize                    = 251658240                              {pd product} {ergonomic}
     bool SegmentedCodeCache                       = true                                      {product} {ergonomic}
     bool UseCompressedClassPointers               = true                                 {lp64_product} {ergonomic}
     bool UseCompressedOops                        = true                                 {lp64_product} {ergonomic}
     bool UseG1GC                                  = true                                      {product} {ergonomic}
     bool UseLargePagesIndividualAllocation        = false                                  {pd product} {ergonomic}

Logging:
Log output configuration:
 #0: stdout all=warning uptime,level,tags
 #1: stderr all=off uptime,level,tags

Environment Variables:
JAVA_HOME=C:\Program Files\Java\jdk1.8.0_331
PATH=C:\Users\33763\.p2\pool\plugins\org.eclipse.justj.openjdk.hotspot.jre.full.win32.x86_64_11.0.14.v20220314-1349\jre\bin;C:/Users/33763/.p2/pool/plugins/org.eclipse.justj.openjdk.hotspot.jre.full.win32.x86_64_11.0.14.v20220314-1349/jre/bin/server;C:/Users/33763/.p2/pool/plugins/org.eclipse.justj.openjdk.hotspot.jre.full.win32.x86_64_11.0.14.v20220314-1349/jre/bin;C:\Program Files\Common Files\Oracle\Java\javapath;C:\Python310\Scripts\;C:\Python310\;C:\Program Files (x86)\Common Files\Oracle\Java\javapath;C:\Windows\system32;C:\Windows;C:\Windows\System32\Wbem;C:\Windows\System32\WindowsPowerShell\v1.0\;C:\Windows\System32\OpenSSH\;C:\Program Files (x86)\NVIDIA Corporation\PhysX\Common;C:\WINDOWS\system32;C:\WINDOWS;C:\WINDOWS\System32\Wbem;C:\WINDOWS\System32\WindowsPowerShell\v1.0\;C:\WINDOWS\System32\OpenSSH\;C:\Program Files\Microsoft SQL Server\120\Tools\Binn\;C:\Program Files\Common Files\Autodesk Shared\;C:\Program Files\nodejs\;C:\ProgramData\chocolatey\bin;C:\Maven\bin;;C:\Program Files\Docker\Docker\resources\bin;C:\ProgramData\DockerDesktop\version-bin;C:\Program Files\MySQL\MySQL Shell 8.0\bin\;C:\Users\33763\AppData\Local\Microsoft\WindowsApps;;C:\Users\33763\AppData\Local\Programs\Microsoft VS Code\bin;C:\Users\33763\AppData\Roaming\npm;C:\WINDOWS\system32;
USERNAME=33763
OS=Windows_NT
PROCESSOR_IDENTIFIER=Intel64 Family 6 Model 142 Stepping 10, GenuineIntel



---------------  S Y S T E M  ---------------

OS: Windows 11 , 64 bit Build 22000 (10.0.22000.675)
OS uptime: 1 days 8:46 hours
Hyper-V role detected

CPU:total 8 (initial active 8) (4 cores per cpu, 2 threads per core) family 6 model 142 stepping 10 microcode 0xe0, cmov, cx8, fxsr, mmx, sse, sse2, sse3, ssse3, sse4.1, sse4.2, popcnt, avx, avx2, aes, clmul, erms, 3dnowpref, lzcnt, ht, tsc, tscinvbit, bmi1, bmi2, adx, fma

Memory: 4k page, system-wide physical 16258M (5282M free)
TotalPageFile size 22914M (AvailPageFile size 4724M)
current process WorkingSet (physical memory assigned to process): 279M, peak: 413M
current process commit charge ("private bytes"): 426M, peak: 546M

vm_info: OpenJDK 64-Bit Server VM (11.0.14.1+1) for windows-amd64 JRE (11.0.14.1+1), built on Feb  9 2022 01:48:27 by "" with unknown MS VC++:1916

END.
